#
# There is insufficient memory for the Java Runtime Environment to continue.
# Native memory allocation (malloc) failed to allocate 1363216 bytes for Chunk::new
# Possible reasons:
#   The system is out of physical RAM or swap space
#   The process is running with CompressedOops enabled, and the Java Heap may be blocking the growth of the native heap
# Possible solutions:
#   Reduce memory load on the system
#   Increase physical memory or swap space
#   Check if swap backing store is full
#   Decrease Java heap size (-Xmx/-Xms)
#   Decrease number of Java threads
#   Decrease Java thread stack sizes (-Xss)
#   Set larger code cache with -XX:ReservedCodeCacheSize=
#   JVM is running with Unscaled Compressed Oops mode in which the Java heap is
#     placed in the first 4GB address space. The Java Heap base address is the
#     maximum limit for the native heap growth. Please use -XX:HeapBaseMinAddress
#     to set the Java Heap base and to place the Java Heap above 4GB virtual address.
# This output file may be truncated or incomplete.
#
#  Out of Memory Error (./src/hotspot/share/memory/arena.cpp:197), pid=9104, tid=15392
#
# JRE version: OpenJDK Runtime Environment (11.0.13) (build 11.0.13+0-b1751.21-8125866)
# Java VM: OpenJDK 64-Bit Server VM (11.0.13+0-b1751.21-8125866, mixed mode, tiered, compressed oops, g1 gc, windows-amd64)
# No core dump will be written. Minidumps are not enabled by default on client versions of Windows
#

---------------  S U M M A R Y ------------

Command Line: --add-opens=java.base/java.util=ALL-UNNAMED --add-opens=java.base/java.lang=ALL-UNNAMED --add-opens=java.base/java.lang.invoke=ALL-UNNAMED --add-opens=java.base/java.util=ALL-UNNAMED --add-opens=java.prefs/java.util.prefs=ALL-UNNAMED --add-opens=java.prefs/java.util.prefs=ALL-UNNAMED --add-opens=java.base/java.nio.charset=ALL-UNNAMED --add-opens=java.base/java.net=ALL-UNNAMED --add-opens=java.base/java.util.concurrent.atomic=ALL-UNNAMED -Xmx2048m -Dfile.encoding=UTF-8 -Duser.country=US -Duser.language=en -Duser.variant org.gradle.launcher.daemon.bootstrap.GradleDaemon 7.4

Host: Intel(R) Core(TM) i5-1035G1 CPU @ 1.00GHz, 8 cores, 7G,  Windows 11 , 64 bit Build 22621 (10.0.22621.1194)
Time: Sat Mar 11 17:55:58 2023 SE Asia Standard Time elapsed time: 9148.296264 seconds (0d 2h 32m 28s)

---------------  T H R E A D  ---------------

Current thread (0x000001eb17483000):  JavaThread "C2 CompilerThread0" daemon [_thread_in_native, id=15392, stack(0x000000ab54b00000,0x000000ab54c00000)]


Current CompileTask:
C2:9148296 26752       4       java.lang.Module::implIsExportedOrOpen (92 bytes)

Stack: [0x000000ab54b00000,0x000000ab54c00000]
Native frames: (J=compiled Java code, j=interpreted, Vv=VM code, C=native code)
V  [jvm.dll+0x6100fa]
V  [jvm.dll+0x747090]
V  [jvm.dll+0x7486ad]
V  [jvm.dll+0x748d83]
V  [jvm.dll+0x24ab48]
V  [jvm.dll+0xc04dc]
V  [jvm.dll+0xc0a0c]
V  [jvm.dll+0x35eb5b]
V  [jvm.dll+0x32b833]
V  [jvm.dll+0x32ad2a]
V  [jvm.dll+0x2032b2]
V  [jvm.dll+0x202437]
V  [jvm.dll+0x188e01]
V  [jvm.dll+0x21106b]
V  [jvm.dll+0x20f8c1]
V  [jvm.dll+0x70de0f]
V  [jvm.dll+0x706a75]
V  [jvm.dll+0x60ed66]
C  [ucrtbase.dll+0x29363]
C  [KERNEL32.DLL+0x126bd]
C  [ntdll.dll+0x5dfb8]


---------------  P R O C E S S  ---------------

Threads class SMR info:
_java_thread_list=0x000001eb1a13c180, length=54, elements={
0x000001eb7c61c800, 0x000001eb16c18000, 0x000001eb16c22000, 0x000001eb16c30000,
0x000001eb16c35000, 0x000001eb16c3d000, 0x000001eb17483000, 0x000001eb17486000,
0x000001eb17494800, 0x000001eb16c38000, 0x000001eb16c3a800, 0x000001eb16c38800,
0x000001eb16c39800, 0x000001eb18c68800, 0x000001eb18c63800, 0x000001eb18c69800,
0x000001eb18c64800, 0x000001eb18c65800, 0x000001eb18c71800, 0x000001eb18c6c800,
0x000001eb18c6c000, 0x000001eb18c6e800, 0x000001eb1bdf2800, 0x000001eb1d8f6800,
0x000001eb1d8f1000, 0x000001eb1d8fa800, 0x000001eb1d8fc800, 0x000001eb1d8fd000,
0x000001eb1d8f7800, 0x000001eb1d8fe000, 0x000001eb1bb8f800, 0x000001eb22bd0800,
0x000001eb1d8f9000, 0x000001eb16c3d800, 0x000001eb1fdc5800, 0x000001eb1d8fb800,
0x000001eb17786800, 0x000001eb22d77000, 0x000001eb22d78800, 0x000001eb1d8f6000,
0x000001eb1d8fa000, 0x000001eb22ef0000, 0x000001eb2252e800, 0x000001eb22530000,
0x000001eb2252f000, 0x000001eb2252c000, 0x000001eb22531000, 0x000001eb1fdbd000,
0x000001eb1fdc4000, 0x000001eb1fdbf000, 0x000001eb1fdc1800, 0x000001eb1fdbe000,
0x000001eb1fdc0800, 0x000001eb1fdc2000
}

Java Threads: ( => current thread )
  0x000001eb7c61c800 JavaThread "main" [_thread_blocked, id=8216, stack(0x000000ab53f00000,0x000000ab54000000)]
  0x000001eb16c18000 JavaThread "Reference Handler" daemon [_thread_blocked, id=19448, stack(0x000000ab54600000,0x000000ab54700000)]
  0x000001eb16c22000 JavaThread "Finalizer" daemon [_thread_blocked, id=19444, stack(0x000000ab54700000,0x000000ab54800000)]
  0x000001eb16c30000 JavaThread "Signal Dispatcher" daemon [_thread_blocked, id=8704, stack(0x000000ab54800000,0x000000ab54900000)]
  0x000001eb16c35000 JavaThread "Attach Listener" daemon [_thread_blocked, id=17428, stack(0x000000ab54900000,0x000000ab54a00000)]
  0x000001eb16c3d000 JavaThread "Service Thread" daemon [_thread_blocked, id=9508, stack(0x000000ab54a00000,0x000000ab54b00000)]
=>0x000001eb17483000 JavaThread "C2 CompilerThread0" daemon [_thread_in_native, id=15392, stack(0x000000ab54b00000,0x000000ab54c00000)]
  0x000001eb17486000 JavaThread "C1 CompilerThread0" daemon [_thread_blocked, id=2884, stack(0x000000ab54c00000,0x000000ab54d00000)]
  0x000001eb17494800 JavaThread "Sweeper thread" daemon [_thread_blocked, id=18000, stack(0x000000ab54d00000,0x000000ab54e00000)]
  0x000001eb16c38000 JavaThread "Common-Cleaner" daemon [_thread_blocked, id=17804, stack(0x000000ab54e00000,0x000000ab54f00000)]
  0x000001eb16c3a800 JavaThread "Daemon health stats" [_thread_blocked, id=17884, stack(0x000000ab55200000,0x000000ab55300000)]
  0x000001eb16c38800 JavaThread "Incoming local TCP Connector on port 56098" [_thread_in_native, id=1084, stack(0x000000ab55300000,0x000000ab55400000)]
  0x000001eb16c39800 JavaThread "Daemon periodic checks" [_thread_blocked, id=17964, stack(0x000000ab55400000,0x000000ab55500000)]
  0x000001eb18c68800 JavaThread "Cache worker for journal cache (C:\Users\Dell Inspiron\.gradle\caches\journal-1)" [_thread_blocked, id=17436, stack(0x000000ab56100000,0x000000ab56200000)]
  0x000001eb18c63800 JavaThread "File lock request listener" [_thread_in_native, id=4892, stack(0x000000ab56200000,0x000000ab56300000)]
  0x000001eb18c69800 JavaThread "Cache worker for file hash cache (C:\Users\Dell Inspiron\.gradle\caches\7.4\fileHashes)" [_thread_blocked, id=20200, stack(0x000000ab56300000,0x000000ab56400000)]
  0x000001eb18c64800 JavaThread "File watcher server" daemon [_thread_in_native, id=12440, stack(0x000000ab56500000,0x000000ab56600000)]
  0x000001eb18c65800 JavaThread "File watcher consumer" daemon [_thread_blocked, id=11500, stack(0x000000ab56600000,0x000000ab56700000)]
  0x000001eb18c71800 JavaThread "Cache worker for execution history cache (C:\Users\Dell Inspiron\.gradle\caches\7.4\executionHistory)" [_thread_blocked, id=1532, stack(0x000000ab56b00000,0x000000ab56c00000)]
  0x000001eb18c6c800 JavaThread "jar transforms" [_thread_blocked, id=17952, stack(0x000000ab56c00000,0x000000ab56d00000)]
  0x000001eb18c6c000 JavaThread "Cache worker for file content cache (C:\Users\Dell Inspiron\.gradle\caches\7.4\fileContent)" [_thread_blocked, id=17280, stack(0x000000ab56d00000,0x000000ab56e00000)]
  0x000001eb18c6e800 JavaThread "jar transforms Thread 2" [_thread_blocked, id=18924, stack(0x000000ab56e00000,0x000000ab56f00000)]
  0x000001eb1bdf2800 JavaThread "jar transforms Thread 3" [_thread_blocked, id=9584, stack(0x000000ab57000000,0x000000ab57100000)]
  0x000001eb1d8f6800 JavaThread "jar transforms Thread 4" [_thread_blocked, id=18084, stack(0x000000ab5c200000,0x000000ab5c300000)]
  0x000001eb1d8f1000 JavaThread "jar transforms Thread 5" [_thread_blocked, id=9224, stack(0x000000ab5c300000,0x000000ab5c400000)]
  0x000001eb1d8fa800 JavaThread "jar transforms Thread 6" [_thread_blocked, id=16880, stack(0x000000ab5c400000,0x000000ab5c500000)]
  0x000001eb1d8fc800 JavaThread "jar transforms Thread 7" [_thread_blocked, id=184, stack(0x000000ab5c500000,0x000000ab5c600000)]
  0x000001eb1d8fd000 JavaThread "jar transforms Thread 8" [_thread_blocked, id=19576, stack(0x000000ab5c600000,0x000000ab5c700000)]
  0x000001eb1d8f7800 JavaThread "Memory manager" [_thread_blocked, id=7352, stack(0x000000ab5c700000,0x000000ab5c800000)]
  0x000001eb1d8fe000 JavaThread "pool-3-thread-1" [_thread_blocked, id=1912, stack(0x000000ab5c900000,0x000000ab5ca00000)]
  0x000001eb1bb8f800 JavaThread "pool-8-thread-1" [_thread_blocked, id=3612, stack(0x000000ab5cb00000,0x000000ab5cc00000)]
  0x000001eb22bd0800 JavaThread "Cache worker for Java compile cache (C:\Users\Dell Inspiron\.gradle\caches\7.4\javaCompile)" [_thread_blocked, id=12388, stack(0x000000ab5d600000,0x000000ab5d700000)]
  0x000001eb1d8f9000 JavaThread "pool-12-thread-1" [_thread_blocked, id=18444, stack(0x000000ab5c800000,0x000000ab5c900000)]
  0x000001eb16c3d800 JavaThread "pool-15-thread-1" [_thread_blocked, id=17948, stack(0x000000ab5cc00000,0x000000ab5cd00000)]
  0x000001eb1fdc5800 JavaThread "ForkJoinPool.commonPool-worker-9" daemon [_thread_blocked, id=18064, stack(0x000000ab5f200000,0x000000ab5f300000)]
  0x000001eb1d8fb800 JavaThread "pool-20-thread-1" [_thread_blocked, id=21488, stack(0x000000ab5ca00000,0x000000ab5cb00000)]
  0x000001eb17786800 JavaThread "pool-23-thread-1" [_thread_blocked, id=6688, stack(0x000000ab5cd00000,0x000000ab5ce00000)]
  0x000001eb22d77000 JavaThread "Daemon Thread 6" [_thread_blocked, id=12804, stack(0x000000ab53c00000,0x000000ab53d00000)]
  0x000001eb22d78800 JavaThread "Daemon worker Thread 6" [_thread_in_Java, id=21036, stack(0x000000ab55500000,0x000000ab55600000)]
  0x000001eb1d8f6000 JavaThread "pool-26-thread-1" [_thread_blocked, id=21016, stack(0x000000ab5ce00000,0x000000ab5cf00000)]
  0x000001eb1d8fa000 JavaThread "included builds" [_thread_blocked, id=17664, stack(0x000000ab5d000000,0x000000ab5d100000)]
  0x000001eb22ef0000 JavaThread "ForkJoinPool.commonPool-worker-11" daemon [_thread_blocked, id=21060, stack(0x000000ab5ee00000,0x000000ab5ef00000)]
  0x000001eb2252e800 JavaThread "ForkJoinPool.commonPool-worker-13" daemon [_thread_blocked, id=20596, stack(0x000000ab5ef00000,0x000000ab5f000000)]
  0x000001eb22530000 JavaThread "ForkJoinPool.commonPool-worker-15" daemon [_thread_blocked, id=10320, stack(0x000000ab5f000000,0x000000ab5f100000)]
  0x000001eb2252f000 JavaThread "ForkJoinPool.commonPool-worker-1" daemon [_thread_blocked, id=2732, stack(0x000000ab5f100000,0x000000ab5f200000)]
  0x000001eb2252c000 JavaThread "ForkJoinPool.commonPool-worker-3" daemon [_thread_blocked, id=17852, stack(0x000000ab5f300000,0x000000ab5f400000)]
  0x000001eb22531000 JavaThread "ForkJoinPool.commonPool-worker-5" daemon [_thread_blocked, id=18480, stack(0x000000ab5f400000,0x000000ab5f500000)]
  0x000001eb1fdbd000 JavaThread "pool-31-thread-1" [_thread_blocked, id=21012, stack(0x000000ab5d100000,0x000000ab5d200000)]
  0x000001eb1fdc4000 JavaThread "included builds" [_thread_blocked, id=15876, stack(0x000000ab5d300000,0x000000ab5d400000)]
  0x000001eb1fdbf000 JavaThread "Handler for socket connection from /127.0.0.1:56098 to /127.0.0.1:59294" [_thread_in_native, id=20300, stack(0x000000ab53d00000,0x000000ab53e00000)]
  0x000001eb1fdc1800 JavaThread "Cancel handler" [_thread_blocked, id=1068, stack(0x000000ab53e00000,0x000000ab53f00000)]
  0x000001eb1fdbe000 JavaThread "Asynchronous log dispatcher for DefaultDaemonConnection: socket connection from /127.0.0.1:56098 to /127.0.0.1:59294" [_thread_blocked, id=18744, stack(0x000000ab55600000,0x000000ab55700000)]
  0x000001eb1fdc0800 JavaThread "Stdin handler" [_thread_blocked, id=2668, stack(0x000000ab55700000,0x000000ab55800000)]
  0x000001eb1fdc2000 JavaThread "Daemon client event forwarder" [_thread_blocked, id=18940, stack(0x000000ab55800000,0x000000ab55900000)]

Other Threads:
  0x000001eb16c13000 VMThread "VM Thread" [stack: 0x000000ab54500000,0x000000ab54600000] [id=11488]
  0x000001eb17614800 WatcherThread [stack: 0x000000ab54f00000,0x000000ab55000000] [id=14640]
  0x000001eb7c634000 GCTaskThread "GC Thread#0" [stack: 0x000000ab54000000,0x000000ab54100000] [id=10296]
  0x000001eb18111800 GCTaskThread "GC Thread#1" [stack: 0x000000ab55000000,0x000000ab55100000] [id=1840]
  0x000001eb182bb000 GCTaskThread "GC Thread#2" [stack: 0x000000ab55100000,0x000000ab55200000] [id=3524]
  0x000001eb196d7000 GCTaskThread "GC Thread#3" [stack: 0x000000ab55c00000,0x000000ab55d00000] [id=4372]
  0x000001eb196d4000 GCTaskThread "GC Thread#4" [stack: 0x000000ab55d00000,0x000000ab55e00000] [id=19008]
  0x000001eb196d5000 GCTaskThread "GC Thread#5" [stack: 0x000000ab55e00000,0x000000ab55f00000] [id=10344]
  0x000001eb196d5800 GCTaskThread "GC Thread#6" [stack: 0x000000ab55f00000,0x000000ab56000000] [id=17748]
  0x000001eb196d6800 GCTaskThread "GC Thread#7" [stack: 0x000000ab56000000,0x000000ab56100000] [id=11796]
  0x000001eb7c669800 ConcurrentGCThread "G1 Main Marker" [stack: 0x000000ab54100000,0x000000ab54200000] [id=15532]
  0x000001eb7c66b800 ConcurrentGCThread "G1 Conc#0" [stack: 0x000000ab54200000,0x000000ab54300000] [id=11132]
  0x000001eb197d1000 ConcurrentGCThread "G1 Conc#1" [stack: 0x000000ab56400000,0x000000ab56500000] [id=17532]
  0x000001eb7c6ed000 ConcurrentGCThread "G1 Refine#0" [stack: 0x000000ab54300000,0x000000ab54400000] [id=14832]
  0x000001eb1b588800 ConcurrentGCThread "G1 Refine#1" [stack: 0x000000ab56700000,0x000000ab56800000] [id=13532]
  0x000001eb1e457800 ConcurrentGCThread "G1 Refine#2" [stack: 0x000000ab56800000,0x000000ab56900000] [id=12904]
  0x000001eb7c6ee000 ConcurrentGCThread "G1 Young RemSet Sampling" [stack: 0x000000ab54400000,0x000000ab54500000] [id=10312]

Threads with active compile tasks:
C2 CompilerThread09148400 26752       4       java.lang.Module::implIsExportedOrOpen (92 bytes)

VM state:not at safepoint (normal execution)

VM Mutex/Monitor currently owned by a thread: None

Heap address: 0x0000000080000000, size: 2048 MB, Compressed Oops mode: 32-bit
Narrow klass base: 0x0000000000000000, Narrow klass shift: 3
Compressed class space size: 1073741824 Address: 0x0000000100000000

Heap:
 garbage-first heap   total 361472K, used 220480K [0x0000000080000000, 0x0000000100000000)
  region size 1024K, 35 young (35840K), 3 survivors (3072K)
 Metaspace       used 149866K, capacity 154242K, committed 154448K, reserved 1183744K
  class space    used 18345K, capacity 19913K, committed 19968K, reserved 1048576K
Heap Regions: E=young(eden), S=young(survivor), O=old, HS=humongous(starts), HC=humongous(continues), CS=collection set, F=free, A=archive, TAMS=top-at-mark-start (previous, next)
|   0|0x0000000080000000, 0x0000000080100000, 0x0000000080100000|100%| O|  |TAMS 0x0000000080100000, 0x0000000080000000| Untracked 
|   1|0x0000000080100000, 0x0000000080200000, 0x0000000080200000|100%| O|  |TAMS 0x0000000080200000, 0x0000000080100000| Untracked 
|   2|0x0000000080200000, 0x0000000080300000, 0x0000000080300000|100%| O|  |TAMS 0x0000000080300000, 0x0000000080200000| Untracked 
|   3|0x0000000080300000, 0x0000000080400000, 0x0000000080400000|100%|HS|  |TAMS 0x0000000080400000, 0x0000000080300000| Complete 
|   4|0x0000000080400000, 0x0000000080500000, 0x0000000080500000|100%|HC|  |TAMS 0x0000000080500000, 0x0000000080400000| Complete 
|   5|0x0000000080500000, 0x0000000080600000, 0x0000000080600000|100%|HC|  |TAMS 0x0000000080600000, 0x0000000080500000| Complete 
|   6|0x0000000080600000, 0x0000000080700000, 0x0000000080700000|100%| O|  |TAMS 0x0000000080700000, 0x0000000080600000| Untracked 
|   7|0x0000000080700000, 0x0000000080800000, 0x0000000080800000|100%|HS|  |TAMS 0x0000000080800000, 0x0000000080700000| Complete 
|   8|0x0000000080800000, 0x0000000080900000, 0x0000000080900000|100%| O|  |TAMS 0x0000000080900000, 0x0000000080800000| Untracked 
|   9|0x0000000080900000, 0x0000000080a00000, 0x0000000080a00000|100%| O|  |TAMS 0x0000000080a00000, 0x0000000080900000| Untracked 
|  10|0x0000000080a00000, 0x0000000080b00000, 0x0000000080b00000|100%| O|  |TAMS 0x0000000080b00000, 0x0000000080a00000| Untracked 
|  11|0x0000000080b00000, 0x0000000080c00000, 0x0000000080c00000|100%| O|  |TAMS 0x0000000080c00000, 0x0000000080b00000| Untracked 
|  12|0x0000000080c00000, 0x0000000080d00000, 0x0000000080d00000|100%| O|  |TAMS 0x0000000080d00000, 0x0000000080c00000| Untracked 
|  13|0x0000000080d00000, 0x0000000080e00000, 0x0000000080e00000|100%| O|  |TAMS 0x0000000080e00000, 0x0000000080d00000| Untracked 
|  14|0x0000000080e00000, 0x0000000080f00000, 0x0000000080f00000|100%| O|  |TAMS 0x0000000080f00000, 0x0000000080e00000| Untracked 
|  15|0x0000000080f00000, 0x0000000081000000, 0x0000000081000000|100%| O|  |TAMS 0x0000000081000000, 0x0000000080f00000| Untracked 
|  16|0x0000000081000000, 0x0000000081100000, 0x0000000081100000|100%|HS|  |TAMS 0x0000000081100000, 0x0000000081000000| Complete 
|  17|0x0000000081100000, 0x0000000081200000, 0x0000000081200000|100%| O|  |TAMS 0x0000000081200000, 0x0000000081100000| Untracked 
|  18|0x0000000081200000, 0x0000000081300000, 0x0000000081300000|100%| O|  |TAMS 0x0000000081300000, 0x0000000081200000| Untracked 
|  19|0x0000000081300000, 0x0000000081400000, 0x0000000081400000|100%| O|  |TAMS 0x0000000081400000, 0x0000000081300000| Untracked 
|  20|0x0000000081400000, 0x0000000081500000, 0x0000000081500000|100%| O|  |TAMS 0x0000000081500000, 0x0000000081400000| Untracked 
|  21|0x0000000081500000, 0x0000000081600000, 0x0000000081600000|100%| O|  |TAMS 0x0000000081600000, 0x0000000081500000| Untracked 
|  22|0x0000000081600000, 0x0000000081700000, 0x0000000081700000|100%| O|  |TAMS 0x0000000081700000, 0x0000000081600000| Untracked 
|  23|0x0000000081700000, 0x0000000081800000, 0x0000000081800000|100%| O|  |TAMS 0x0000000081800000, 0x0000000081700000| Untracked 
|  24|0x0000000081800000, 0x0000000081900000, 0x0000000081900000|100%| O|  |TAMS 0x0000000081900000, 0x0000000081800000| Untracked 
|  25|0x0000000081900000, 0x0000000081a00000, 0x0000000081a00000|100%| O|  |TAMS 0x0000000081a00000, 0x0000000081900000| Untracked 
|  26|0x0000000081a00000, 0x0000000081b00000, 0x0000000081b00000|100%| O|  |TAMS 0x0000000081b00000, 0x0000000081a00000| Untracked 
|  27|0x0000000081b00000, 0x0000000081c00000, 0x0000000081c00000|100%| O|  |TAMS 0x0000000081c00000, 0x0000000081b00000| Untracked 
|  28|0x0000000081c00000, 0x0000000081d00000, 0x0000000081d00000|100%|HS|  |TAMS 0x0000000081d00000, 0x0000000081c00000| Complete 
|  29|0x0000000081d00000, 0x0000000081e00000, 0x0000000081e00000|100%| O|  |TAMS 0x0000000081e00000, 0x0000000081d00000| Untracked 
|  30|0x0000000081e00000, 0x0000000081f00000, 0x0000000081f00000|100%|HS|  |TAMS 0x0000000081f00000, 0x0000000081e00000| Complete 
|  31|0x0000000081f00000, 0x0000000082000000, 0x0000000082000000|100%|HC|  |TAMS 0x0000000082000000, 0x0000000081f00000| Complete 
|  32|0x0000000082000000, 0x0000000082100000, 0x0000000082100000|100%| O|  |TAMS 0x0000000082100000, 0x0000000082000000| Untracked 
|  33|0x0000000082100000, 0x0000000082200000, 0x0000000082200000|100%| O|  |TAMS 0x0000000082200000, 0x0000000082100000| Untracked 
|  34|0x0000000082200000, 0x0000000082300000, 0x0000000082300000|100%| O|  |TAMS 0x0000000082300000, 0x0000000082200000| Untracked 
|  35|0x0000000082300000, 0x0000000082400000, 0x0000000082400000|100%| O|  |TAMS 0x0000000082400000, 0x0000000082300000| Untracked 
|  36|0x0000000082400000, 0x0000000082500000, 0x0000000082500000|100%| O|  |TAMS 0x0000000082500000, 0x0000000082400000| Untracked 
|  37|0x0000000082500000, 0x0000000082600000, 0x0000000082600000|100%| O|  |TAMS 0x0000000082600000, 0x0000000082500000| Untracked 
|  38|0x0000000082600000, 0x0000000082700000, 0x0000000082700000|100%| O|  |TAMS 0x0000000082700000, 0x0000000082600000| Untracked 
|  39|0x0000000082700000, 0x0000000082800000, 0x0000000082800000|100%|HS|  |TAMS 0x0000000082800000, 0x0000000082700000| Complete 
|  40|0x0000000082800000, 0x0000000082900000, 0x0000000082900000|100%|HC|  |TAMS 0x0000000082900000, 0x0000000082800000| Complete 
|  41|0x0000000082900000, 0x0000000082a00000, 0x0000000082a00000|100%| O|  |TAMS 0x0000000082a00000, 0x0000000082900000| Untracked 
|  42|0x0000000082a00000, 0x0000000082b00000, 0x0000000082b00000|100%| O|  |TAMS 0x0000000082b00000, 0x0000000082a00000| Untracked 
|  43|0x0000000082b00000, 0x0000000082c00000, 0x0000000082c00000|100%| O|  |TAMS 0x0000000082c00000, 0x0000000082b00000| Untracked 
|  44|0x0000000082c00000, 0x0000000082d00000, 0x0000000082d00000|100%| O|  |TAMS 0x0000000082d00000, 0x0000000082c00000| Untracked 
|  45|0x0000000082d00000, 0x0000000082e00000, 0x0000000082e00000|100%| O|  |TAMS 0x0000000082e00000, 0x0000000082d00000| Untracked 
|  46|0x0000000082e00000, 0x0000000082f00000, 0x0000000082f00000|100%| O|  |TAMS 0x0000000082f00000, 0x0000000082e00000| Untracked 
|  47|0x0000000082f00000, 0x0000000083000000, 0x0000000083000000|100%| O|  |TAMS 0x0000000083000000, 0x0000000082f00000| Untracked 
|  48|0x0000000083000000, 0x0000000083100000, 0x0000000083100000|100%| O|  |TAMS 0x0000000083100000, 0x0000000083000000| Untracked 
|  49|0x0000000083100000, 0x0000000083200000, 0x0000000083200000|100%| O|  |TAMS 0x0000000083200000, 0x0000000083100000| Untracked 
|  50|0x0000000083200000, 0x0000000083300000, 0x0000000083300000|100%|HS|  |TAMS 0x0000000083300000, 0x0000000083200000| Complete 
|  51|0x0000000083300000, 0x0000000083400000, 0x0000000083400000|100%|HC|  |TAMS 0x0000000083400000, 0x0000000083300000| Complete 
|  52|0x0000000083400000, 0x0000000083500000, 0x0000000083500000|100%|HC|  |TAMS 0x0000000083500000, 0x0000000083400000| Complete 
|  53|0x0000000083500000, 0x0000000083600000, 0x0000000083600000|100%| O|  |TAMS 0x0000000083600000, 0x0000000083500000| Untracked 
|  54|0x0000000083600000, 0x0000000083700000, 0x0000000083700000|100%| O|  |TAMS 0x0000000083700000, 0x0000000083600000| Untracked 
|  55|0x0000000083700000, 0x0000000083800000, 0x0000000083800000|100%| O|  |TAMS 0x0000000083800000, 0x0000000083700000| Untracked 
|  56|0x0000000083800000, 0x0000000083900000, 0x0000000083900000|100%| O|  |TAMS 0x0000000083900000, 0x0000000083800000| Untracked 
|  57|0x0000000083900000, 0x0000000083a00000, 0x0000000083a00000|100%| O|  |TAMS 0x0000000083a00000, 0x0000000083900000| Untracked 
|  58|0x0000000083a00000, 0x0000000083b00000, 0x0000000083b00000|100%| O|  |TAMS 0x0000000083b00000, 0x0000000083a00000| Untracked 
|  59|0x0000000083b00000, 0x0000000083c00000, 0x0000000083c00000|100%| O|  |TAMS 0x0000000083c00000, 0x0000000083b00000| Untracked 
|  60|0x0000000083c00000, 0x0000000083d00000, 0x0000000083d00000|100%| O|  |TAMS 0x0000000083d00000, 0x0000000083c00000| Untracked 
|  61|0x0000000083d00000, 0x0000000083e00000, 0x0000000083e00000|100%| O|  |TAMS 0x0000000083e00000, 0x0000000083d00000| Untracked 
|  62|0x0000000083e00000, 0x0000000083f00000, 0x0000000083f00000|100%| O|  |TAMS 0x0000000083f00000, 0x0000000083e00000| Untracked 
|  63|0x0000000083f00000, 0x0000000084000000, 0x0000000084000000|100%| O|  |TAMS 0x0000000084000000, 0x0000000083f00000| Untracked 
|  64|0x0000000084000000, 0x0000000084100000, 0x0000000084100000|100%| O|  |TAMS 0x0000000084100000, 0x0000000084000000| Untracked 
|  65|0x0000000084100000, 0x0000000084200000, 0x0000000084200000|100%| O|  |TAMS 0x0000000084200000, 0x0000000084100000| Untracked 
|  66|0x0000000084200000, 0x0000000084300000, 0x0000000084300000|100%| O|  |TAMS 0x0000000084300000, 0x0000000084200000| Untracked 
|  67|0x0000000084300000, 0x0000000084400000, 0x0000000084400000|100%| O|  |TAMS 0x0000000084400000, 0x0000000084300000| Untracked 
|  68|0x0000000084400000, 0x0000000084500000, 0x0000000084500000|100%|HS|  |TAMS 0x0000000084500000, 0x0000000084400000| Complete 
|  69|0x0000000084500000, 0x0000000084600000, 0x0000000084600000|100%|HC|  |TAMS 0x0000000084600000, 0x0000000084500000| Complete 
|  70|0x0000000084600000, 0x0000000084700000, 0x0000000084700000|100%| O|  |TAMS 0x0000000084700000, 0x0000000084600000| Untracked 
|  71|0x0000000084700000, 0x0000000084800000, 0x0000000084800000|100%| O|  |TAMS 0x0000000084800000, 0x0000000084700000| Untracked 
|  72|0x0000000084800000, 0x0000000084900000, 0x0000000084900000|100%|HS|  |TAMS 0x0000000084900000, 0x0000000084800000| Complete 
|  73|0x0000000084900000, 0x0000000084a00000, 0x0000000084a00000|100%|HS|  |TAMS 0x0000000084a00000, 0x0000000084900000| Complete 
|  74|0x0000000084a00000, 0x0000000084b00000, 0x0000000084b00000|100%|HC|  |TAMS 0x0000000084b00000, 0x0000000084a00000| Complete 
|  75|0x0000000084b00000, 0x0000000084c00000, 0x0000000084c00000|100%|HC|  |TAMS 0x0000000084c00000, 0x0000000084b00000| Complete 
|  76|0x0000000084c00000, 0x0000000084d00000, 0x0000000084d00000|100%|HC|  |TAMS 0x0000000084d00000, 0x0000000084c00000| Complete 
|  77|0x0000000084d00000, 0x0000000084e00000, 0x0000000084e00000|100%|HS|  |TAMS 0x0000000084e00000, 0x0000000084d00000| Complete 
|  78|0x0000000084e00000, 0x0000000084f00000, 0x0000000084f00000|100%|HC|  |TAMS 0x0000000084f00000, 0x0000000084e00000| Complete 
|  79|0x0000000084f00000, 0x0000000085000000, 0x0000000085000000|100%|HC|  |TAMS 0x0000000085000000, 0x0000000084f00000| Complete 
|  80|0x0000000085000000, 0x0000000085100000, 0x0000000085100000|100%| O|  |TAMS 0x0000000085100000, 0x0000000085000000| Untracked 
|  81|0x0000000085100000, 0x0000000085200000, 0x0000000085200000|100%| O|  |TAMS 0x0000000085200000, 0x0000000085100000| Untracked 
|  82|0x0000000085200000, 0x0000000085300000, 0x0000000085300000|100%| O|  |TAMS 0x0000000085300000, 0x0000000085200000| Untracked 
|  83|0x0000000085300000, 0x0000000085400000, 0x0000000085400000|100%| O|  |TAMS 0x0000000085400000, 0x0000000085300000| Untracked 
|  84|0x0000000085400000, 0x0000000085500000, 0x0000000085500000|100%| O|  |TAMS 0x0000000085500000, 0x0000000085400000| Untracked 
|  85|0x0000000085500000, 0x0000000085600000, 0x0000000085600000|100%| O|  |TAMS 0x0000000085600000, 0x0000000085500000| Untracked 
|  86|0x0000000085600000, 0x0000000085700000, 0x0000000085700000|100%|HS|  |TAMS 0x0000000085700000, 0x0000000085600000| Complete 
|  87|0x0000000085700000, 0x0000000085800000, 0x0000000085800000|100%|HC|  |TAMS 0x0000000085800000, 0x0000000085700000| Complete 
|  88|0x0000000085800000, 0x0000000085900000, 0x0000000085900000|100%| O|  |TAMS 0x000000008584e200, 0x0000000085800000| Untracked 
|  89|0x0000000085900000, 0x0000000085a00000, 0x0000000085a00000|100%| O|  |TAMS 0x0000000085a00000, 0x0000000085900000| Untracked 
|  90|0x0000000085a00000, 0x0000000085b00000, 0x0000000085b00000|100%| O|  |TAMS 0x0000000085b00000, 0x0000000085a00000| Untracked 
|  91|0x0000000085b00000, 0x0000000085c00000, 0x0000000085c00000|100%| O|  |TAMS 0x0000000085b00000, 0x0000000085b00000| Untracked 
|  92|0x0000000085c00000, 0x0000000085c71800, 0x0000000085d00000| 44%| O|  |TAMS 0x0000000085c00000, 0x0000000085c00000| Untracked 
|  93|0x0000000085d00000, 0x0000000085e00000, 0x0000000085e00000|100%| O|  |TAMS 0x0000000085e00000, 0x0000000085d00000| Untracked 
|  94|0x0000000085e00000, 0x0000000085f00000, 0x0000000085f00000|100%| O|  |TAMS 0x0000000085e00000, 0x0000000085e00000| Untracked 
|  95|0x0000000085f00000, 0x0000000086000000, 0x0000000086000000|100%| O|  |TAMS 0x0000000086000000, 0x0000000085f00000| Untracked 
|  96|0x0000000086000000, 0x0000000086100000, 0x0000000086100000|100%| O|  |TAMS 0x0000000086100000, 0x0000000086000000| Untracked 
|  97|0x0000000086100000, 0x0000000086200000, 0x0000000086200000|100%| O|  |TAMS 0x0000000086200000, 0x0000000086100000| Untracked 
|  98|0x0000000086200000, 0x0000000086300000, 0x0000000086300000|100%| O|  |TAMS 0x0000000086300000, 0x0000000086200000| Untracked 
|  99|0x0000000086300000, 0x0000000086400000, 0x0000000086400000|100%| O|  |TAMS 0x0000000086400000, 0x0000000086300000| Untracked 
| 100|0x0000000086400000, 0x0000000086500000, 0x0000000086500000|100%| O|  |TAMS 0x0000000086500000, 0x0000000086400000| Untracked 
| 101|0x0000000086500000, 0x0000000086600000, 0x0000000086600000|100%| O|  |TAMS 0x0000000086600000, 0x0000000086500000| Untracked 
| 102|0x0000000086600000, 0x0000000086700000, 0x0000000086700000|100%|HS|  |TAMS 0x0000000086700000, 0x0000000086600000| Complete 
| 103|0x0000000086700000, 0x0000000086800000, 0x0000000086800000|100%|HC|  |TAMS 0x0000000086800000, 0x0000000086700000| Complete 
| 104|0x0000000086800000, 0x0000000086900000, 0x0000000086900000|100%|HC|  |TAMS 0x0000000086900000, 0x0000000086800000| Complete 
| 105|0x0000000086900000, 0x0000000086a00000, 0x0000000086a00000|100%| O|  |TAMS 0x0000000086a00000, 0x0000000086900000| Untracked 
| 106|0x0000000086a00000, 0x0000000086a00000, 0x0000000086b00000|  0%| F|  |TAMS 0x0000000086a00000, 0x0000000086a00000| Untracked 
| 107|0x0000000086b00000, 0x0000000086c00000, 0x0000000086c00000|100%| O|  |TAMS 0x0000000086c00000, 0x0000000086b00000| Untracked 
| 108|0x0000000086c00000, 0x0000000086d00000, 0x0000000086d00000|100%| O|  |TAMS 0x0000000086d00000, 0x0000000086c00000| Untracked 
| 109|0x0000000086d00000, 0x0000000086e00000, 0x0000000086e00000|100%| O|  |TAMS 0x0000000086e00000, 0x0000000086d00000| Untracked 
| 110|0x0000000086e00000, 0x0000000086f00000, 0x0000000086f00000|100%| O|  |TAMS 0x0000000086f00000, 0x0000000086e00000| Untracked 
| 111|0x0000000086f00000, 0x0000000087000000, 0x0000000087000000|100%| O|  |TAMS 0x0000000087000000, 0x0000000086f00000| Untracked 
| 112|0x0000000087000000, 0x0000000087100000, 0x0000000087100000|100%| O|  |TAMS 0x0000000087100000, 0x0000000087000000| Untracked 
| 113|0x0000000087100000, 0x0000000087200000, 0x0000000087200000|100%| O|  |TAMS 0x0000000087200000, 0x0000000087100000| Untracked 
| 114|0x0000000087200000, 0x0000000087300000, 0x0000000087300000|100%| O|  |TAMS 0x0000000087300000, 0x0000000087200000| Untracked 
| 115|0x0000000087300000, 0x0000000087400000, 0x0000000087400000|100%| O|  |TAMS 0x0000000087400000, 0x0000000087300000| Untracked 
| 116|0x0000000087400000, 0x0000000087500000, 0x0000000087500000|100%| O|  |TAMS 0x0000000087500000, 0x0000000087400000| Untracked 
| 117|0x0000000087500000, 0x0000000087600000, 0x0000000087600000|100%|HS|  |TAMS 0x0000000087600000, 0x0000000087500000| Complete 
| 118|0x0000000087600000, 0x0000000087700000, 0x0000000087700000|100%|HC|  |TAMS 0x0000000087700000, 0x0000000087600000| Complete 
| 119|0x0000000087700000, 0x0000000087800000, 0x0000000087800000|100%|HC|  |TAMS 0x0000000087800000, 0x0000000087700000| Complete 
| 120|0x0000000087800000, 0x0000000087900000, 0x0000000087900000|100%|HC|  |TAMS 0x0000000087900000, 0x0000000087800000| Complete 
| 121|0x0000000087900000, 0x0000000087a00000, 0x0000000087a00000|100%|HC|  |TAMS 0x0000000087a00000, 0x0000000087900000| Complete 
| 122|0x0000000087a00000, 0x0000000087b00000, 0x0000000087b00000|100%|HS|  |TAMS 0x0000000087b00000, 0x0000000087a00000| Complete 
| 123|0x0000000087b00000, 0x0000000087c00000, 0x0000000087c00000|100%|HC|  |TAMS 0x0000000087c00000, 0x0000000087b00000| Complete 
| 124|0x0000000087c00000, 0x0000000087d00000, 0x0000000087d00000|100%|HC|  |TAMS 0x0000000087d00000, 0x0000000087c00000| Complete 
| 125|0x0000000087d00000, 0x0000000087e00000, 0x0000000087e00000|100%|HC|  |TAMS 0x0000000087e00000, 0x0000000087d00000| Complete 
| 126|0x0000000087e00000, 0x0000000087f00000, 0x0000000087f00000|100%|HS|  |TAMS 0x0000000087f00000, 0x0000000087e00000| Complete 
| 127|0x0000000087f00000, 0x0000000088000000, 0x0000000088000000|100%|HC|  |TAMS 0x0000000088000000, 0x0000000087f00000| Complete 
| 128|0x0000000088000000, 0x0000000088100000, 0x0000000088100000|100%|HC|  |TAMS 0x0000000088100000, 0x0000000088000000| Complete 
| 129|0x0000000088100000, 0x0000000088200000, 0x0000000088200000|100%|HS|  |TAMS 0x0000000088200000, 0x0000000088100000| Complete 
| 130|0x0000000088200000, 0x0000000088300000, 0x0000000088300000|100%|HC|  |TAMS 0x0000000088300000, 0x0000000088200000| Complete 
| 131|0x0000000088300000, 0x0000000088400000, 0x0000000088400000|100%|HC|  |TAMS 0x0000000088400000, 0x0000000088300000| Complete 
| 132|0x0000000088400000, 0x0000000088500000, 0x0000000088500000|100%|HS|  |TAMS 0x0000000088500000, 0x0000000088400000| Complete 
| 133|0x0000000088500000, 0x0000000088600000, 0x0000000088600000|100%|HC|  |TAMS 0x0000000088600000, 0x0000000088500000| Complete 
| 134|0x0000000088600000, 0x0000000088700000, 0x0000000088700000|100%|HC|  |TAMS 0x0000000088700000, 0x0000000088600000| Complete 
| 135|0x0000000088700000, 0x0000000088800000, 0x0000000088800000|100%|HC|  |TAMS 0x0000000088800000, 0x0000000088700000| Complete 
| 136|0x0000000088800000, 0x0000000088900000, 0x0000000088900000|100%|HC|  |TAMS 0x0000000088900000, 0x0000000088800000| Complete 
| 137|0x0000000088900000, 0x0000000088a00000, 0x0000000088a00000|100%| O|  |TAMS 0x0000000088a00000, 0x0000000088900000| Untracked 
| 138|0x0000000088a00000, 0x0000000088b00000, 0x0000000088b00000|100%| O|  |TAMS 0x0000000088b00000, 0x0000000088a00000| Untracked 
| 139|0x0000000088b00000, 0x0000000088c00000, 0x0000000088c00000|100%| O|  |TAMS 0x0000000088c00000, 0x0000000088b00000| Untracked 
| 140|0x0000000088c00000, 0x0000000088d00000, 0x0000000088d00000|100%| O|  |TAMS 0x0000000088d00000, 0x0000000088c00000| Untracked 
| 141|0x0000000088d00000, 0x0000000088e00000, 0x0000000088e00000|100%| O|  |TAMS 0x0000000088e00000, 0x0000000088d00000| Untracked 
| 142|0x0000000088e00000, 0x0000000088f00000, 0x0000000088f00000|100%| O|  |TAMS 0x0000000088f00000, 0x0000000088e00000| Untracked 
| 143|0x0000000088f00000, 0x0000000089000000, 0x0000000089000000|100%| O|  |TAMS 0x0000000089000000, 0x0000000088f00000| Untracked 
| 144|0x0000000089000000, 0x0000000089100000, 0x0000000089100000|100%| O|  |TAMS 0x0000000089100000, 0x0000000089000000| Untracked 
| 145|0x0000000089100000, 0x0000000089100000, 0x0000000089200000|  0%| F|  |TAMS 0x0000000089100000, 0x0000000089100000| Untracked 
| 146|0x0000000089200000, 0x0000000089300000, 0x0000000089300000|100%|HS|  |TAMS 0x0000000089300000, 0x0000000089200000| Complete 
| 147|0x0000000089300000, 0x0000000089400000, 0x0000000089400000|100%|HC|  |TAMS 0x0000000089400000, 0x0000000089300000| Complete 
| 148|0x0000000089400000, 0x0000000089500000, 0x0000000089500000|100%|HC|  |TAMS 0x0000000089500000, 0x0000000089400000| Complete 
| 149|0x0000000089500000, 0x0000000089600000, 0x0000000089600000|100%|HC|  |TAMS 0x0000000089600000, 0x0000000089500000| Complete 
| 150|0x0000000089600000, 0x0000000089700000, 0x0000000089700000|100%|HC|  |TAMS 0x0000000089700000, 0x0000000089600000| Complete 
| 151|0x0000000089700000, 0x0000000089800000, 0x0000000089800000|100%|HS|  |TAMS 0x0000000089800000, 0x0000000089700000| Complete 
| 152|0x0000000089800000, 0x0000000089900000, 0x0000000089900000|100%|HC|  |TAMS 0x0000000089900000, 0x0000000089800000| Complete 
| 153|0x0000000089900000, 0x0000000089a00000, 0x0000000089a00000|100%|HC|  |TAMS 0x0000000089a00000, 0x0000000089900000| Complete 
| 154|0x0000000089a00000, 0x0000000089b00000, 0x0000000089b00000|100%|HS|  |TAMS 0x0000000089b00000, 0x0000000089a00000| Complete 
| 155|0x0000000089b00000, 0x0000000089c00000, 0x0000000089c00000|100%|HC|  |TAMS 0x0000000089c00000, 0x0000000089b00000| Complete 
| 156|0x0000000089c00000, 0x0000000089d00000, 0x0000000089d00000|100%|HC|  |TAMS 0x0000000089d00000, 0x0000000089c00000| Complete 
| 157|0x0000000089d00000, 0x0000000089e00000, 0x0000000089e00000|100%|HC|  |TAMS 0x0000000089e00000, 0x0000000089d00000| Complete 
| 158|0x0000000089e00000, 0x0000000089f00000, 0x0000000089f00000|100%| O|  |TAMS 0x0000000089f00000, 0x0000000089e00000| Untracked 
| 159|0x0000000089f00000, 0x0000000089f00000, 0x000000008a000000|  0%| F|  |TAMS 0x0000000089f00000, 0x0000000089f00000| Untracked 
| 160|0x000000008a000000, 0x000000008a100000, 0x000000008a100000|100%| O|  |TAMS 0x000000008a100000, 0x000000008a000000| Untracked 
| 161|0x000000008a100000, 0x000000008a200000, 0x000000008a200000|100%| O|  |TAMS 0x000000008a200000, 0x000000008a100000| Untracked 
| 162|0x000000008a200000, 0x000000008a300000, 0x000000008a300000|100%| O|  |TAMS 0x000000008a300000, 0x000000008a200000| Untracked 
| 163|0x000000008a300000, 0x000000008a400000, 0x000000008a400000|100%| O|  |TAMS 0x000000008a400000, 0x000000008a300000| Untracked 
| 164|0x000000008a400000, 0x000000008a500000, 0x000000008a500000|100%| O|  |TAMS 0x000000008a500000, 0x000000008a400000| Untracked 
| 165|0x000000008a500000, 0x000000008a600000, 0x000000008a600000|100%| O|  |TAMS 0x000000008a600000, 0x000000008a500000| Untracked 
| 166|0x000000008a600000, 0x000000008a700000, 0x000000008a700000|100%| O|  |TAMS 0x000000008a700000, 0x000000008a600000| Untracked 
| 167|0x000000008a700000, 0x000000008a800000, 0x000000008a800000|100%| O|  |TAMS 0x000000008a800000, 0x000000008a700000| Untracked 
| 168|0x000000008a800000, 0x000000008a900000, 0x000000008a900000|100%| O|  |TAMS 0x000000008a900000, 0x000000008a800000| Untracked 
| 169|0x000000008a900000, 0x000000008aa00000, 0x000000008aa00000|100%| O|  |TAMS 0x000000008aa00000, 0x000000008a900000| Untracked 
| 170|0x000000008aa00000, 0x000000008ab00000, 0x000000008ab00000|100%| O|  |TAMS 0x000000008ab00000, 0x000000008aa00000| Untracked 
| 171|0x000000008ab00000, 0x000000008ac00000, 0x000000008ac00000|100%| O|  |TAMS 0x000000008ac00000, 0x000000008ab00000| Untracked 
| 172|0x000000008ac00000, 0x000000008ac00000, 0x000000008ad00000|  0%| F|  |TAMS 0x000000008ac00000, 0x000000008ac00000| Untracked 
| 173|0x000000008ad00000, 0x000000008ad00000, 0x000000008ae00000|  0%| F|  |TAMS 0x000000008ad00000, 0x000000008ad00000| Untracked 
| 174|0x000000008ae00000, 0x000000008ae00000, 0x000000008af00000|  0%| F|  |TAMS 0x000000008ae00000, 0x000000008ae00000| Untracked 
| 175|0x000000008af00000, 0x000000008af00000, 0x000000008b000000|  0%| F|  |TAMS 0x000000008af00000, 0x000000008af00000| Untracked 
| 176|0x000000008b000000, 0x000000008b100000, 0x000000008b100000|100%| O|  |TAMS 0x000000008b100000, 0x000000008b000000| Untracked 
| 177|0x000000008b100000, 0x000000008b200000, 0x000000008b200000|100%| O|  |TAMS 0x000000008b200000, 0x000000008b100000| Untracked 
| 178|0x000000008b200000, 0x000000008b200000, 0x000000008b300000|  0%| F|  |TAMS 0x000000008b200000, 0x000000008b200000| Untracked 
| 179|0x000000008b300000, 0x000000008b300000, 0x000000008b400000|  0%| F|  |TAMS 0x000000008b300000, 0x000000008b300000| Untracked 
| 180|0x000000008b400000, 0x000000008b400000, 0x000000008b500000|  0%| F|  |TAMS 0x000000008b400000, 0x000000008b400000| Untracked 
| 181|0x000000008b500000, 0x000000008b500000, 0x000000008b600000|  0%| F|  |TAMS 0x000000008b500000, 0x000000008b500000| Untracked 
| 182|0x000000008b600000, 0x000000008b600000, 0x000000008b700000|  0%| F|  |TAMS 0x000000008b600000, 0x000000008b600000| Untracked 
| 183|0x000000008b700000, 0x000000008b700000, 0x000000008b800000|  0%| F|  |TAMS 0x000000008b700000, 0x000000008b700000| Untracked 
| 184|0x000000008b800000, 0x000000008b900000, 0x000000008b900000|100%| O|  |TAMS 0x000000008b900000, 0x000000008b800000| Untracked 
| 185|0x000000008b900000, 0x000000008ba00000, 0x000000008ba00000|100%| O|  |TAMS 0x000000008ba00000, 0x000000008b900000| Untracked 
| 186|0x000000008ba00000, 0x000000008ba00000, 0x000000008bb00000|  0%| F|  |TAMS 0x000000008ba00000, 0x000000008ba00000| Untracked 
| 187|0x000000008bb00000, 0x000000008bb00000, 0x000000008bc00000|  0%| F|  |TAMS 0x000000008bb00000, 0x000000008bb00000| Untracked 
| 188|0x000000008bc00000, 0x000000008bd00000, 0x000000008bd00000|100%| O|  |TAMS 0x000000008bd00000, 0x000000008bc00000| Untracked 
| 189|0x000000008bd00000, 0x000000008be00000, 0x000000008be00000|100%| O|  |TAMS 0x000000008be00000, 0x000000008bd00000| Untracked 
| 190|0x000000008be00000, 0x000000008bf00000, 0x000000008bf00000|100%| O|  |TAMS 0x000000008bf00000, 0x000000008be00000| Untracked 
| 191|0x000000008bf00000, 0x000000008c000000, 0x000000008c000000|100%| O|  |TAMS 0x000000008c000000, 0x000000008bf00000| Untracked 
| 192|0x000000008c000000, 0x000000008c100000, 0x000000008c100000|100%| O|  |TAMS 0x000000008c100000, 0x000000008c000000| Untracked 
| 193|0x000000008c100000, 0x000000008c200000, 0x000000008c200000|100%| O|  |TAMS 0x000000008c200000, 0x000000008c100000| Untracked 
| 194|0x000000008c200000, 0x000000008c300000, 0x000000008c300000|100%| O|  |TAMS 0x000000008c300000, 0x000000008c200000| Untracked 
| 195|0x000000008c300000, 0x000000008c400000, 0x000000008c400000|100%| O|  |TAMS 0x000000008c400000, 0x000000008c300000| Untracked 
| 196|0x000000008c400000, 0x000000008c500000, 0x000000008c500000|100%| O|  |TAMS 0x000000008c500000, 0x000000008c400000| Untracked 
| 197|0x000000008c500000, 0x000000008c600000, 0x000000008c600000|100%| O|  |TAMS 0x000000008c600000, 0x000000008c500000| Untracked 
| 198|0x000000008c600000, 0x000000008c600000, 0x000000008c700000|  0%| F|  |TAMS 0x000000008c600000, 0x000000008c600000| Untracked 
| 199|0x000000008c700000, 0x000000008c700000, 0x000000008c800000|  0%| F|  |TAMS 0x000000008c700000, 0x000000008c700000| Untracked 
| 200|0x000000008c800000, 0x000000008c800000, 0x000000008c900000|  0%| F|  |TAMS 0x000000008c800000, 0x000000008c800000| Untracked 
| 201|0x000000008c900000, 0x000000008c900000, 0x000000008ca00000|  0%| F|  |TAMS 0x000000008c900000, 0x000000008c900000| Untracked 
| 202|0x000000008ca00000, 0x000000008ca00000, 0x000000008cb00000|  0%| F|  |TAMS 0x000000008ca00000, 0x000000008ca00000| Untracked 
| 203|0x000000008cb00000, 0x000000008cb00000, 0x000000008cc00000|  0%| F|  |TAMS 0x000000008cb00000, 0x000000008cb00000| Untracked 
| 204|0x000000008cc00000, 0x000000008cc00000, 0x000000008cd00000|  0%| F|  |TAMS 0x000000008cc00000, 0x000000008cc00000| Untracked 
| 205|0x000000008cd00000, 0x000000008cd00000, 0x000000008ce00000|  0%| F|  |TAMS 0x000000008cd00000, 0x000000008cd00000| Untracked 
| 206|0x000000008ce00000, 0x000000008ce00000, 0x000000008cf00000|  0%| F|  |TAMS 0x000000008ce00000, 0x000000008ce00000| Untracked 
| 207|0x000000008cf00000, 0x000000008cf00000, 0x000000008d000000|  0%| F|  |TAMS 0x000000008cf00000, 0x000000008cf00000| Untracked 
| 208|0x000000008d000000, 0x000000008d000000, 0x000000008d100000|  0%| F|  |TAMS 0x000000008d000000, 0x000000008d000000| Untracked 
| 209|0x000000008d100000, 0x000000008d100000, 0x000000008d200000|  0%| F|  |TAMS 0x000000008d100000, 0x000000008d100000| Untracked 
| 210|0x000000008d200000, 0x000000008d200000, 0x000000008d300000|  0%| F|  |TAMS 0x000000008d200000, 0x000000008d200000| Untracked 
| 211|0x000000008d300000, 0x000000008d300000, 0x000000008d400000|  0%| F|  |TAMS 0x000000008d300000, 0x000000008d300000| Untracked 
| 212|0x000000008d400000, 0x000000008d400000, 0x000000008d500000|  0%| F|  |TAMS 0x000000008d400000, 0x000000008d400000| Untracked 
| 213|0x000000008d500000, 0x000000008d500000, 0x000000008d600000|  0%| F|  |TAMS 0x000000008d500000, 0x000000008d500000| Untracked 
| 214|0x000000008d600000, 0x000000008d600000, 0x000000008d700000|  0%| F|  |TAMS 0x000000008d600000, 0x000000008d600000| Untracked 
| 215|0x000000008d700000, 0x000000008d700000, 0x000000008d800000|  0%| F|  |TAMS 0x000000008d700000, 0x000000008d700000| Untracked 
| 216|0x000000008d800000, 0x000000008d800000, 0x000000008d900000|  0%| F|  |TAMS 0x000000008d800000, 0x000000008d800000| Untracked 
| 217|0x000000008d900000, 0x000000008d900000, 0x000000008da00000|  0%| F|  |TAMS 0x000000008d900000, 0x000000008d900000| Untracked 
| 218|0x000000008da00000, 0x000000008da00000, 0x000000008db00000|  0%| F|  |TAMS 0x000000008da00000, 0x000000008da00000| Untracked 
| 219|0x000000008db00000, 0x000000008db00000, 0x000000008dc00000|  0%| F|  |TAMS 0x000000008db00000, 0x000000008db00000| Untracked 
| 220|0x000000008dc00000, 0x000000008dc00000, 0x000000008dd00000|  0%| F|  |TAMS 0x000000008dc00000, 0x000000008dc00000| Untracked 
| 221|0x000000008dd00000, 0x000000008dd00000, 0x000000008de00000|  0%| F|  |TAMS 0x000000008dd00000, 0x000000008dd00000| Untracked 
| 222|0x000000008de00000, 0x000000008de00000, 0x000000008df00000|  0%| F|  |TAMS 0x000000008de00000, 0x000000008de00000| Untracked 
| 223|0x000000008df00000, 0x000000008df00000, 0x000000008e000000|  0%| F|  |TAMS 0x000000008df00000, 0x000000008df00000| Untracked 
| 224|0x000000008e000000, 0x000000008e000000, 0x000000008e100000|  0%| F|  |TAMS 0x000000008e000000, 0x000000008e000000| Untracked 
| 225|0x000000008e100000, 0x000000008e100000, 0x000000008e200000|  0%| F|  |TAMS 0x000000008e100000, 0x000000008e100000| Untracked 
| 226|0x000000008e200000, 0x000000008e200000, 0x000000008e300000|  0%| F|  |TAMS 0x000000008e200000, 0x000000008e200000| Untracked 
| 227|0x000000008e300000, 0x000000008e300000, 0x000000008e400000|  0%| F|  |TAMS 0x000000008e300000, 0x000000008e300000| Untracked 
| 228|0x000000008e400000, 0x000000008e400000, 0x000000008e500000|  0%| F|  |TAMS 0x000000008e400000, 0x000000008e400000| Untracked 
| 229|0x000000008e500000, 0x000000008e500000, 0x000000008e600000|  0%| F|  |TAMS 0x000000008e500000, 0x000000008e500000| Untracked 
| 230|0x000000008e600000, 0x000000008e600000, 0x000000008e700000|  0%| F|  |TAMS 0x000000008e600000, 0x000000008e600000| Untracked 
| 231|0x000000008e700000, 0x000000008e700000, 0x000000008e800000|  0%| F|  |TAMS 0x000000008e700000, 0x000000008e700000| Untracked 
| 232|0x000000008e800000, 0x000000008e800000, 0x000000008e900000|  0%| F|  |TAMS 0x000000008e800000, 0x000000008e800000| Untracked 
| 233|0x000000008e900000, 0x000000008e900000, 0x000000008ea00000|  0%| F|  |TAMS 0x000000008e900000, 0x000000008e900000| Untracked 
| 234|0x000000008ea00000, 0x000000008ea00000, 0x000000008eb00000|  0%| F|  |TAMS 0x000000008ea00000, 0x000000008ea00000| Untracked 
| 235|0x000000008eb00000, 0x000000008eb00000, 0x000000008ec00000|  0%| F|  |TAMS 0x000000008eb00000, 0x000000008eb00000| Untracked 
| 236|0x000000008ec00000, 0x000000008ec00000, 0x000000008ed00000|  0%| F|  |TAMS 0x000000008ec00000, 0x000000008ec00000| Untracked 
| 237|0x000000008ed00000, 0x000000008ed00000, 0x000000008ee00000|  0%| F|  |TAMS 0x000000008ed00000, 0x000000008ed00000| Untracked 
| 238|0x000000008ee00000, 0x000000008ee00000, 0x000000008ef00000|  0%| F|  |TAMS 0x000000008ee00000, 0x000000008ee00000| Untracked 
| 239|0x000000008ef00000, 0x000000008ef00000, 0x000000008f000000|  0%| F|  |TAMS 0x000000008ef00000, 0x000000008ef00000| Untracked 
| 240|0x000000008f000000, 0x000000008f000000, 0x000000008f100000|  0%| F|  |TAMS 0x000000008f000000, 0x000000008f000000| Untracked 
| 241|0x000000008f100000, 0x000000008f100000, 0x000000008f200000|  0%| F|  |TAMS 0x000000008f100000, 0x000000008f100000| Untracked 
| 242|0x000000008f200000, 0x000000008f200000, 0x000000008f300000|  0%| F|  |TAMS 0x000000008f200000, 0x000000008f200000| Untracked 
| 243|0x000000008f300000, 0x000000008f300000, 0x000000008f400000|  0%| F|  |TAMS 0x000000008f300000, 0x000000008f300000| Untracked 
| 244|0x000000008f400000, 0x000000008f400000, 0x000000008f500000|  0%| F|  |TAMS 0x000000008f400000, 0x000000008f400000| Untracked 
| 245|0x000000008f500000, 0x000000008f500000, 0x000000008f600000|  0%| F|  |TAMS 0x000000008f500000, 0x000000008f500000| Untracked 
| 246|0x000000008f600000, 0x000000008f600000, 0x000000008f700000|  0%| F|  |TAMS 0x000000008f600000, 0x000000008f600000| Untracked 
| 247|0x000000008f700000, 0x000000008f700000, 0x000000008f800000|  0%| F|  |TAMS 0x000000008f700000, 0x000000008f700000| Untracked 
| 248|0x000000008f800000, 0x000000008f800000, 0x000000008f900000|  0%| F|  |TAMS 0x000000008f800000, 0x000000008f800000| Untracked 
| 249|0x000000008f900000, 0x000000008f900000, 0x000000008fa00000|  0%| F|  |TAMS 0x000000008f900000, 0x000000008f900000| Untracked 
| 250|0x000000008fa00000, 0x000000008fa00000, 0x000000008fb00000|  0%| F|  |TAMS 0x000000008fa00000, 0x000000008fa00000| Untracked 
| 251|0x000000008fb00000, 0x000000008fb00000, 0x000000008fc00000|  0%| F|  |TAMS 0x000000008fb00000, 0x000000008fb00000| Untracked 
| 252|0x000000008fc00000, 0x000000008fc00000, 0x000000008fd00000|  0%| F|  |TAMS 0x000000008fc00000, 0x000000008fc00000| Untracked 
| 253|0x000000008fd00000, 0x000000008fd00000, 0x000000008fe00000|  0%| F|  |TAMS 0x000000008fd00000, 0x000000008fd00000| Untracked 
| 254|0x000000008fe00000, 0x000000008fe00000, 0x000000008ff00000|  0%| F|  |TAMS 0x000000008fe00000, 0x000000008fe00000| Untracked 
| 255|0x000000008ff00000, 0x000000008ff00000, 0x0000000090000000|  0%| F|  |TAMS 0x000000008ff00000, 0x000000008ff00000| Untracked 
| 256|0x0000000090000000, 0x0000000090000000, 0x0000000090100000|  0%| F|  |TAMS 0x0000000090000000, 0x0000000090000000| Untracked 
| 257|0x0000000090100000, 0x0000000090100000, 0x0000000090200000|  0%| F|  |TAMS 0x0000000090100000, 0x0000000090100000| Untracked 
| 258|0x0000000090200000, 0x0000000090200000, 0x0000000090300000|  0%| F|  |TAMS 0x0000000090200000, 0x0000000090200000| Untracked 
| 259|0x0000000090300000, 0x0000000090300000, 0x0000000090400000|  0%| F|  |TAMS 0x0000000090300000, 0x0000000090300000| Untracked 
| 260|0x0000000090400000, 0x0000000090400000, 0x0000000090500000|  0%| F|  |TAMS 0x0000000090400000, 0x0000000090400000| Untracked 
| 261|0x0000000090500000, 0x0000000090500000, 0x0000000090600000|  0%| F|  |TAMS 0x0000000090500000, 0x0000000090500000| Untracked 
| 262|0x0000000090600000, 0x0000000090600000, 0x0000000090700000|  0%| F|  |TAMS 0x0000000090600000, 0x0000000090600000| Untracked 
| 263|0x0000000090700000, 0x0000000090700000, 0x0000000090800000|  0%| F|  |TAMS 0x0000000090700000, 0x0000000090700000| Untracked 
| 264|0x0000000090800000, 0x0000000090800000, 0x0000000090900000|  0%| F|  |TAMS 0x0000000090800000, 0x0000000090800000| Untracked 
| 265|0x0000000090900000, 0x0000000090900000, 0x0000000090a00000|  0%| F|  |TAMS 0x0000000090900000, 0x0000000090900000| Untracked 
| 266|0x0000000090a00000, 0x0000000090a00000, 0x0000000090b00000|  0%| F|  |TAMS 0x0000000090a00000, 0x0000000090a00000| Untracked 
| 267|0x0000000090b00000, 0x0000000090b00000, 0x0000000090c00000|  0%| F|  |TAMS 0x0000000090b00000, 0x0000000090b00000| Untracked 
| 268|0x0000000090c00000, 0x0000000090c00000, 0x0000000090d00000|  0%| F|  |TAMS 0x0000000090c00000, 0x0000000090c00000| Untracked 
| 269|0x0000000090d00000, 0x0000000090d00000, 0x0000000090e00000|  0%| F|  |TAMS 0x0000000090d00000, 0x0000000090d00000| Untracked 
| 270|0x0000000090e00000, 0x0000000090e00000, 0x0000000090f00000|  0%| F|  |TAMS 0x0000000090e00000, 0x0000000090e00000| Untracked 
| 271|0x0000000090f00000, 0x0000000090f00000, 0x0000000091000000|  0%| F|  |TAMS 0x0000000090f00000, 0x0000000090f00000| Untracked 
| 272|0x0000000091000000, 0x0000000091000000, 0x0000000091100000|  0%| F|  |TAMS 0x0000000091000000, 0x0000000091000000| Untracked 
| 273|0x0000000091100000, 0x0000000091100000, 0x0000000091200000|  0%| F|  |TAMS 0x0000000091100000, 0x0000000091100000| Untracked 
| 274|0x0000000091200000, 0x0000000091200000, 0x0000000091300000|  0%| F|  |TAMS 0x0000000091200000, 0x0000000091200000| Untracked 
| 275|0x0000000091300000, 0x0000000091300000, 0x0000000091400000|  0%| F|  |TAMS 0x0000000091300000, 0x0000000091300000| Untracked 
| 276|0x0000000091400000, 0x0000000091400000, 0x0000000091500000|  0%| F|  |TAMS 0x0000000091400000, 0x0000000091400000| Untracked 
| 277|0x0000000091500000, 0x0000000091500000, 0x0000000091600000|  0%| F|  |TAMS 0x0000000091500000, 0x0000000091500000| Untracked 
| 278|0x0000000091600000, 0x0000000091600000, 0x0000000091700000|  0%| F|  |TAMS 0x0000000091600000, 0x0000000091600000| Untracked 
| 279|0x0000000091700000, 0x0000000091700000, 0x0000000091800000|  0%| F|  |TAMS 0x0000000091700000, 0x0000000091700000| Untracked 
| 280|0x0000000091800000, 0x0000000091800000, 0x0000000091900000|  0%| F|  |TAMS 0x0000000091800000, 0x0000000091800000| Untracked 
| 281|0x0000000091900000, 0x0000000091900000, 0x0000000091a00000|  0%| F|  |TAMS 0x0000000091900000, 0x0000000091900000| Untracked 
| 282|0x0000000091a00000, 0x0000000091a00000, 0x0000000091b00000|  0%| F|  |TAMS 0x0000000091a00000, 0x0000000091a00000| Untracked 
| 283|0x0000000091b00000, 0x0000000091b00000, 0x0000000091c00000|  0%| F|  |TAMS 0x0000000091b00000, 0x0000000091b00000| Untracked 
| 284|0x0000000091c00000, 0x0000000091c00000, 0x0000000091d00000|  0%| F|  |TAMS 0x0000000091c00000, 0x0000000091c00000| Untracked 
| 285|0x0000000091d00000, 0x0000000091d00000, 0x0000000091e00000|  0%| F|  |TAMS 0x0000000091d00000, 0x0000000091d00000| Untracked 
| 286|0x0000000091e00000, 0x0000000091e00000, 0x0000000091f00000|  0%| F|  |TAMS 0x0000000091e00000, 0x0000000091e00000| Untracked 
| 287|0x0000000091f00000, 0x0000000091f00000, 0x0000000092000000|  0%| F|  |TAMS 0x0000000091f00000, 0x0000000091f00000| Untracked 
| 288|0x0000000092000000, 0x0000000092000000, 0x0000000092100000|  0%| F|  |TAMS 0x0000000092000000, 0x0000000092000000| Untracked 
| 289|0x0000000092100000, 0x0000000092100000, 0x0000000092200000|  0%| F|  |TAMS 0x0000000092100000, 0x0000000092100000| Untracked 
| 290|0x0000000092200000, 0x0000000092200000, 0x0000000092300000|  0%| F|  |TAMS 0x0000000092200000, 0x0000000092200000| Untracked 
| 291|0x0000000092300000, 0x0000000092300000, 0x0000000092400000|  0%| F|  |TAMS 0x0000000092300000, 0x0000000092300000| Untracked 
| 292|0x0000000092400000, 0x0000000092400000, 0x0000000092500000|  0%| F|  |TAMS 0x0000000092400000, 0x0000000092400000| Untracked 
| 293|0x0000000092500000, 0x0000000092500000, 0x0000000092600000|  0%| F|  |TAMS 0x0000000092500000, 0x0000000092500000| Untracked 
| 294|0x0000000092600000, 0x0000000092600000, 0x0000000092700000|  0%| F|  |TAMS 0x0000000092600000, 0x0000000092600000| Untracked 
| 295|0x0000000092700000, 0x0000000092700000, 0x0000000092800000|  0%| F|  |TAMS 0x0000000092700000, 0x0000000092700000| Untracked 
| 296|0x0000000092800000, 0x0000000092800000, 0x0000000092900000|  0%| F|  |TAMS 0x0000000092800000, 0x0000000092800000| Untracked 
| 297|0x0000000092900000, 0x0000000092900000, 0x0000000092a00000|  0%| F|  |TAMS 0x0000000092900000, 0x0000000092900000| Untracked 
| 298|0x0000000092a00000, 0x0000000092a00000, 0x0000000092b00000|  0%| F|  |TAMS 0x0000000092a00000, 0x0000000092a00000| Untracked 
| 299|0x0000000092b00000, 0x0000000092b00000, 0x0000000092c00000|  0%| F|  |TAMS 0x0000000092b00000, 0x0000000092b00000| Untracked 
| 300|0x0000000092c00000, 0x0000000092c00000, 0x0000000092d00000|  0%| F|  |TAMS 0x0000000092c00000, 0x0000000092c00000| Untracked 
| 301|0x0000000092d00000, 0x0000000092d00000, 0x0000000092e00000|  0%| F|  |TAMS 0x0000000092d00000, 0x0000000092d00000| Untracked 
| 302|0x0000000092e00000, 0x0000000092e00000, 0x0000000092f00000|  0%| F|  |TAMS 0x0000000092e00000, 0x0000000092e00000| Untracked 
| 303|0x0000000092f00000, 0x0000000092f00000, 0x0000000093000000|  0%| F|  |TAMS 0x0000000092f00000, 0x0000000092f00000| Untracked 
| 304|0x0000000093000000, 0x0000000093000000, 0x0000000093100000|  0%| F|  |TAMS 0x0000000093000000, 0x0000000093000000| Untracked 
| 305|0x0000000093100000, 0x0000000093100000, 0x0000000093200000|  0%| F|  |TAMS 0x0000000093100000, 0x0000000093100000| Untracked 
| 306|0x0000000093200000, 0x0000000093200000, 0x0000000093300000|  0%| F|  |TAMS 0x0000000093200000, 0x0000000093200000| Untracked 
| 307|0x0000000093300000, 0x0000000093300000, 0x0000000093400000|  0%| F|  |TAMS 0x0000000093300000, 0x0000000093300000| Untracked 
| 308|0x0000000093400000, 0x0000000093400000, 0x0000000093500000|  0%| F|  |TAMS 0x0000000093400000, 0x0000000093400000| Untracked 
| 309|0x0000000093500000, 0x0000000093500000, 0x0000000093600000|  0%| F|  |TAMS 0x0000000093500000, 0x0000000093500000| Untracked 
| 310|0x0000000093600000, 0x0000000093600000, 0x0000000093700000|  0%| F|  |TAMS 0x0000000093600000, 0x0000000093600000| Untracked 
| 311|0x0000000093700000, 0x0000000093700000, 0x0000000093800000|  0%| F|  |TAMS 0x0000000093700000, 0x0000000093700000| Untracked 
| 312|0x0000000093800000, 0x0000000093800000, 0x0000000093900000|  0%| F|  |TAMS 0x0000000093800000, 0x0000000093800000| Untracked 
| 313|0x0000000093900000, 0x0000000093900000, 0x0000000093a00000|  0%| F|  |TAMS 0x0000000093900000, 0x0000000093900000| Untracked 
| 314|0x0000000093a00000, 0x0000000093a00000, 0x0000000093b00000|  0%| F|  |TAMS 0x0000000093a00000, 0x0000000093a00000| Untracked 
| 315|0x0000000093b00000, 0x0000000093b00000, 0x0000000093c00000|  0%| F|  |TAMS 0x0000000093b00000, 0x0000000093b00000| Untracked 
| 316|0x0000000093c00000, 0x0000000093c00000, 0x0000000093d00000|  0%| F|  |TAMS 0x0000000093c00000, 0x0000000093c00000| Untracked 
| 317|0x0000000093d00000, 0x0000000093d00000, 0x0000000093e00000|  0%| F|  |TAMS 0x0000000093d00000, 0x0000000093d00000| Untracked 
| 318|0x0000000093e00000, 0x0000000093e09770, 0x0000000093f00000|  3%| E|  |TAMS 0x0000000093e00000, 0x0000000093e00000| Complete 
| 319|0x0000000093f00000, 0x0000000094000000, 0x0000000094000000|100%| E|CS|TAMS 0x0000000093f00000, 0x0000000093f00000| Complete 
| 320|0x0000000094000000, 0x0000000094100000, 0x0000000094100000|100%| E|CS|TAMS 0x0000000094000000, 0x0000000094000000| Complete 
| 321|0x0000000094100000, 0x0000000094200000, 0x0000000094200000|100%| E|CS|TAMS 0x0000000094100000, 0x0000000094100000| Complete 
| 322|0x0000000094200000, 0x0000000094300000, 0x0000000094300000|100%| E|CS|TAMS 0x0000000094200000, 0x0000000094200000| Complete 
| 323|0x0000000094300000, 0x0000000094400000, 0x0000000094400000|100%| E|CS|TAMS 0x0000000094300000, 0x0000000094300000| Complete 
| 324|0x0000000094400000, 0x0000000094500000, 0x0000000094500000|100%| E|CS|TAMS 0x0000000094400000, 0x0000000094400000| Complete 
| 325|0x0000000094500000, 0x0000000094600000, 0x0000000094600000|100%| E|CS|TAMS 0x0000000094500000, 0x0000000094500000| Complete 
| 326|0x0000000094600000, 0x0000000094700000, 0x0000000094700000|100%| E|CS|TAMS 0x0000000094600000, 0x0000000094600000| Complete 
| 327|0x0000000094700000, 0x0000000094800000, 0x0000000094800000|100%| E|CS|TAMS 0x0000000094700000, 0x0000000094700000| Complete 
| 328|0x0000000094800000, 0x0000000094900000, 0x0000000094900000|100%| E|CS|TAMS 0x0000000094800000, 0x0000000094800000| Complete 
| 329|0x0000000094900000, 0x0000000094a00000, 0x0000000094a00000|100%| E|CS|TAMS 0x0000000094900000, 0x0000000094900000| Complete 
| 330|0x0000000094a00000, 0x0000000094b00000, 0x0000000094b00000|100%| E|CS|TAMS 0x0000000094a00000, 0x0000000094a00000| Complete 
| 331|0x0000000094b00000, 0x0000000094c00000, 0x0000000094c00000|100%| E|CS|TAMS 0x0000000094b00000, 0x0000000094b00000| Complete 
| 332|0x0000000094c00000, 0x0000000094d00000, 0x0000000094d00000|100%| E|CS|TAMS 0x0000000094c00000, 0x0000000094c00000| Complete 
| 333|0x0000000094d00000, 0x0000000094e00000, 0x0000000094e00000|100%| E|CS|TAMS 0x0000000094d00000, 0x0000000094d00000| Complete 
| 334|0x0000000094e00000, 0x0000000094f00000, 0x0000000094f00000|100%| E|CS|TAMS 0x0000000094e00000, 0x0000000094e00000| Complete 
| 335|0x0000000094f00000, 0x0000000095000000, 0x0000000095000000|100%| E|CS|TAMS 0x0000000094f00000, 0x0000000094f00000| Complete 
| 336|0x0000000095000000, 0x00000000950dea00, 0x0000000095100000| 86%| S|CS|TAMS 0x0000000095000000, 0x0000000095000000| Complete 
| 337|0x0000000095100000, 0x0000000095200000, 0x0000000095200000|100%| S|CS|TAMS 0x0000000095100000, 0x0000000095100000| Complete 
| 338|0x0000000095200000, 0x0000000095300000, 0x0000000095300000|100%| S|CS|TAMS 0x0000000095200000, 0x0000000095200000| Complete 
| 339|0x0000000095300000, 0x0000000095400000, 0x0000000095400000|100%| E|CS|TAMS 0x0000000095300000, 0x0000000095300000| Complete 
| 340|0x0000000095400000, 0x0000000095500000, 0x0000000095500000|100%| E|  |TAMS 0x0000000095400000, 0x0000000095400000| Complete 
| 341|0x0000000095500000, 0x0000000095600000, 0x0000000095600000|100%| E|CS|TAMS 0x0000000095500000, 0x0000000095500000| Complete 
| 342|0x0000000095600000, 0x0000000095700000, 0x0000000095700000|100%| E|CS|TAMS 0x0000000095600000, 0x0000000095600000| Complete 
| 343|0x0000000095700000, 0x0000000095800000, 0x0000000095800000|100%| E|CS|TAMS 0x0000000095700000, 0x0000000095700000| Complete 
| 344|0x0000000095800000, 0x0000000095900000, 0x0000000095900000|100%| E|CS|TAMS 0x0000000095800000, 0x0000000095800000| Complete 
| 345|0x0000000095900000, 0x0000000095a00000, 0x0000000095a00000|100%| E|CS|TAMS 0x0000000095900000, 0x0000000095900000| Complete 
| 346|0x0000000095a00000, 0x0000000095b00000, 0x0000000095b00000|100%| E|CS|TAMS 0x0000000095a00000, 0x0000000095a00000| Complete 
| 347|0x0000000095b00000, 0x0000000095c00000, 0x0000000095c00000|100%| E|CS|TAMS 0x0000000095b00000, 0x0000000095b00000| Complete 
| 348|0x0000000095c00000, 0x0000000095d00000, 0x0000000095d00000|100%| E|CS|TAMS 0x0000000095c00000, 0x0000000095c00000| Complete 
| 349|0x0000000095d00000, 0x0000000095e00000, 0x0000000095e00000|100%| E|CS|TAMS 0x0000000095d00000, 0x0000000095d00000| Complete 
| 350|0x0000000095e00000, 0x0000000095f00000, 0x0000000095f00000|100%| E|CS|TAMS 0x0000000095e00000, 0x0000000095e00000| Complete 
| 351|0x0000000095f00000, 0x0000000096000000, 0x0000000096000000|100%| E|CS|TAMS 0x0000000095f00000, 0x0000000095f00000| Complete 
| 352|0x0000000096000000, 0x0000000096100000, 0x0000000096100000|100%| E|CS|TAMS 0x0000000096000000, 0x0000000096000000| Complete 

Card table byte_map: [0x000001eb7ce20000,0x000001eb7d220000] _byte_map_base: 0x000001eb7ca20000

Marking Bits (Prev, Next): (CMBitMap*) 0x000001eb7c660c68, (CMBitMap*) 0x000001eb7c660ca0
 Prev Bits: [0x000001eb7d620000, 0x000001eb7f620000)
 Next Bits: [0x000001eb12a40000, 0x000001eb14a40000)

Polling page: 0x000001eb7bdf0000

Metaspace:

Usage:
  Non-class:    131.18 MB capacity,   128.44 MB ( 98%) used,     2.23 MB (  2%) free+waste,   520.19 KB ( <1%) overhead. 
      Class:     19.45 MB capacity,    17.92 MB ( 92%) used,     1.31 MB (  7%) free+waste,   228.44 KB (  1%) overhead. 
       Both:    150.63 MB capacity,   146.35 MB ( 97%) used,     3.54 MB (  2%) free+waste,   748.63 KB ( <1%) overhead. 

Virtual space:
  Non-class space:      132.00 MB reserved,     131.33 MB (>99%) committed 
      Class space:        1.00 GB reserved,      19.50 MB (  2%) committed 
             Both:        1.13 GB reserved,     150.83 MB ( 13%) committed 

Chunk freelists:
   Non-Class:  3.00 KB
       Class:  0 bytes
        Both:  3.00 KB

MaxMetaspaceSize: 17179869184.00 GB
CompressedClassSpaceSize: 1.00 GB
Initial GC threshold: 20.80 MB
Current GC threshold: 250.34 MB
CDS: off

CodeHeap 'non-profiled nmethods': size=120000Kb used=14571Kb max_used=14571Kb free=105428Kb
 bounds [0x000001eb0b510000, 0x000001eb0c350000, 0x000001eb12a40000]
CodeHeap 'profiled nmethods': size=120000Kb used=50092Kb max_used=50092Kb free=69907Kb
 bounds [0x000001eb03fe0000, 0x000001eb070d0000, 0x000001eb0b510000]
CodeHeap 'non-nmethods': size=5760Kb used=2526Kb max_used=2595Kb free=3233Kb
 bounds [0x000001eb03a40000, 0x000001eb03ce0000, 0x000001eb03fe0000]
 total_blobs=24905 nmethods=23849 adapters=967
 compilation: enabled
              stopped_count=0, restarted_count=0
 full_count=0

Compilation events (20 events):
Event: 9131.881 Thread 0x000001eb17483000 26743       4       org.gradle.internal.file.FileHierarchySet$Node::contains (101 bytes)
Event: 9131.895 Thread 0x000001eb17486000 26745       3       org.gradle.internal.concurrent.CompositeStoppable::stoppable (12 bytes)
Event: 9131.896 Thread 0x000001eb17486000 nmethod 26745 0x000001eb070c6a90 code [0x000001eb070c6d00, 0x000001eb070c7808]
Event: 9131.910 Thread 0x000001eb17486000 26748       3       java.util.concurrent.ConcurrentHashMap::keySet (5 bytes)
Event: 9131.911 Thread 0x000001eb17486000 nmethod 26748 0x000001eb070c7b90 code [0x000001eb070c7d60, 0x000001eb070c8158]
Event: 9131.916 Thread 0x000001eb17486000 26749       3       java.util.concurrent.SynchronousQueue$TransferStack::awaitFulfill (169 bytes)
Event: 9131.921 Thread 0x000001eb17486000 nmethod 26749 0x000001eb070c8290 code [0x000001eb070c8700, 0x000001eb070caaa8]
Event: 9131.996 Thread 0x000001eb17483000 nmethod 26743 0x000001eb0c33c410 code [0x000001eb0c33c6e0, 0x000001eb0c33e1b8]
Event: 9131.996 Thread 0x000001eb17483000 26746  s!   4       org.gradle.internal.service.DefaultServiceRegistry$ManagedObjectServiceProvider::stop (59 bytes)
Event: 9132.109 Thread 0x000001eb17483000 nmethod 26746 0x000001eb0c33f210 code [0x000001eb0c33f4e0, 0x000001eb0c342388]
Event: 9132.220 Thread 0x000001eb24327800 nmethod 26742 0x000001eb0c343a90 code [0x000001eb0c343ee0, 0x000001eb0c3479b0]
Event: 9147.953 Thread 0x000001eb17486000 26750       1       java.net.InetSocketAddress$InetSocketAddressHolder::getPort (5 bytes)
Event: 9147.954 Thread 0x000001eb17486000 nmethod 26750 0x000001eb0c349d10 code [0x000001eb0c349ec0, 0x000001eb0c349f78]
Event: 9148.006 Thread 0x000001eb17483000 26751 %     4       com.esotericsoftware.kryo.io.Input::readUtf8_slow @ 11 (255 bytes)
Event: 9148.056 Thread 0x000001eb17483000 nmethod 26751% 0x000001eb0c34a010 code [0x000001eb0c34a220, 0x000001eb0c34a9f0]
Event: 9148.056 Thread 0x000001eb17483000 26752       4       java.lang.Module::implIsExportedOrOpen (92 bytes)
Event: 9148.224 Thread 0x000001eb17486000 26754       3       org.gradle.internal.service.DefaultServiceRegistry::newRegistration (9 bytes)
Event: 9148.229 Thread 0x000001eb17486000 nmethod 26754 0x000001eb070cb610 code [0x000001eb070cb7e0, 0x000001eb070cba58]
Event: 9148.229 Thread 0x000001eb17486000 26755       3       org.gradle.internal.service.DefaultServiceRegistry$1::<init> (10 bytes)
Event: 9148.229 Thread 0x000001eb17486000 nmethod 26755 0x000001eb070cbb90 code [0x000001eb070cbd40, 0x000001eb070cbef8]

GC Heap History (20 events):
Event: 9093.810 GC heap before
{Heap before GC invocations=93 (full 0):
 garbage-first heap   total 276480K, used 198842K [0x0000000080000000, 0x0000000100000000)
  region size 1024K, 13 young (13312K), 5 survivors (5120K)
 Metaspace       used 148215K, capacity 152440K, committed 152784K, reserved 1181696K
  class space    used 18217K, capacity 19736K, committed 19840K, reserved 1048576K
}
Event: 9093.821 GC heap after
{Heap after GC invocations=94 (full 0):
 garbage-first heap   total 276480K, used 185181K [0x0000000080000000, 0x0000000100000000)
  region size 1024K, 2 young (2048K), 2 survivors (2048K)
 Metaspace       used 148215K, capacity 152440K, committed 152784K, reserved 1181696K
  class space    used 18217K, capacity 19736K, committed 19840K, reserved 1048576K
}
Event: 9094.054 GC heap before
{Heap before GC invocations=94 (full 0):
 garbage-first heap   total 276480K, used 222045K [0x0000000080000000, 0x0000000100000000)
  region size 1024K, 39 young (39936K), 2 survivors (2048K)
 Metaspace       used 148395K, capacity 152572K, committed 152784K, reserved 1181696K
  class space    used 18219K, capacity 19736K, committed 19840K, reserved 1048576K
}
Event: 9094.061 GC heap after
{Heap after GC invocations=95 (full 0):
 garbage-first heap   total 276480K, used 189140K [0x0000000080000000, 0x0000000100000000)
  region size 1024K, 5 young (5120K), 5 survivors (5120K)
 Metaspace       used 148395K, capacity 152572K, committed 152784K, reserved 1181696K
  class space    used 18219K, capacity 19736K, committed 19840K, reserved 1048576K
}
Event: 9094.337 GC heap before
{Heap before GC invocations=96 (full 0):
 garbage-first heap   total 276480K, used 227028K [0x0000000080000000, 0x0000000100000000)
  region size 1024K, 41 young (41984K), 5 survivors (5120K)
 Metaspace       used 148884K, capacity 153069K, committed 153296K, reserved 1183744K
  class space    used 18273K, capacity 19812K, committed 19840K, reserved 1048576K
}
Event: 9094.348 GC heap after
{Heap after GC invocations=97 (full 0):
 garbage-first heap   total 276480K, used 194687K [0x0000000080000000, 0x0000000100000000)
  region size 1024K, 6 young (6144K), 6 survivors (6144K)
 Metaspace       used 148884K, capacity 153069K, committed 153296K, reserved 1183744K
  class space    used 18273K, capacity 19812K, committed 19840K, reserved 1048576K
}
Event: 9094.378 GC heap before
{Heap before GC invocations=97 (full 0):
 garbage-first heap   total 276480K, used 201855K [0x0000000080000000, 0x0000000100000000)
  region size 1024K, 13 young (13312K), 6 survivors (6144K)
 Metaspace       used 148951K, capacity 153138K, committed 153296K, reserved 1183744K
  class space    used 18283K, capacity 19813K, committed 19840K, reserved 1048576K
}
Event: 9094.387 GC heap after
{Heap after GC invocations=98 (full 0):
 garbage-first heap   total 276480K, used 194172K [0x0000000080000000, 0x0000000100000000)
  region size 1024K, 1 young (1024K), 1 survivors (1024K)
 Metaspace       used 148951K, capacity 153138K, committed 153296K, reserved 1183744K
  class space    used 18283K, capacity 19813K, committed 19840K, reserved 1048576K
}
Event: 9094.494 GC heap before
{Heap before GC invocations=98 (full 0):
 garbage-first heap   total 276480K, used 228988K [0x0000000080000000, 0x0000000100000000)
  region size 1024K, 36 young (36864K), 1 survivors (1024K)
 Metaspace       used 149122K, capacity 153344K, committed 153552K, reserved 1183744K
  class space    used 18303K, capacity 19818K, committed 19840K, reserved 1048576K
}
Event: 9094.507 GC heap after
{Heap after GC invocations=99 (full 0):
 garbage-first heap   total 276480K, used 197165K [0x0000000080000000, 0x0000000100000000)
  region size 1024K, 4 young (4096K), 4 survivors (4096K)
 Metaspace       used 149122K, capacity 153344K, committed 153552K, reserved 1183744K
  class space    used 18303K, capacity 19818K, committed 19840K, reserved 1048576K
}
Event: 9094.949 GC heap before
{Heap before GC invocations=100 (full 0):
 garbage-first heap   total 276480K, used 230957K [0x0000000080000000, 0x0000000100000000)
  region size 1024K, 38 young (38912K), 4 survivors (4096K)
 Metaspace       used 149117K, capacity 153300K, committed 153552K, reserved 1183744K
  class space    used 18281K, capacity 19779K, committed 19840K, reserved 1048576K
}
Event: 9094.965 GC heap after
{Heap after GC invocations=101 (full 0):
 garbage-first heap   total 276480K, used 198596K [0x0000000080000000, 0x0000000100000000)
  region size 1024K, 3 young (3072K), 3 survivors (3072K)
 Metaspace       used 149117K, capacity 153300K, committed 153552K, reserved 1183744K
  class space    used 18281K, capacity 19779K, committed 19840K, reserved 1048576K
}
Event: 9095.046 GC heap before
{Heap before GC invocations=101 (full 0):
 garbage-first heap   total 276480K, used 208836K [0x0000000080000000, 0x0000000100000000)
  region size 1024K, 13 young (13312K), 3 survivors (3072K)
 Metaspace       used 149177K, capacity 153367K, committed 153552K, reserved 1183744K
  class space    used 18281K, capacity 19779K, committed 19840K, reserved 1048576K
}
Event: 9095.055 GC heap after
{Heap after GC invocations=102 (full 0):
 garbage-first heap   total 276480K, used 185286K [0x0000000080000000, 0x0000000100000000)
  region size 1024K, 2 young (2048K), 2 survivors (2048K)
 Metaspace       used 149177K, capacity 153367K, committed 153552K, reserved 1183744K
  class space    used 18281K, capacity 19779K, committed 19840K, reserved 1048576K
}
Event: 9095.318 GC heap before
{Heap before GC invocations=102 (full 0):
 garbage-first heap   total 276480K, used 223174K [0x0000000080000000, 0x0000000100000000)
  region size 1024K, 41 young (41984K), 2 survivors (2048K)
 Metaspace       used 149306K, capacity 153511K, committed 153808K, reserved 1183744K
  class space    used 18281K, capacity 19779K, committed 19840K, reserved 1048576K
}
Event: 9095.342 GC heap after
{Heap after GC invocations=103 (full 0):
 garbage-first heap   total 276480K, used 191800K [0x0000000080000000, 0x0000000100000000)
  region size 1024K, 6 young (6144K), 6 survivors (6144K)
 Metaspace       used 149306K, capacity 153511K, committed 153808K, reserved 1183744K
  class space    used 18281K, capacity 19779K, committed 19840K, reserved 1048576K
}
Event: 9129.928 GC heap before
{Heap before GC invocations=104 (full 0):
 garbage-first heap   total 276480K, used 238904K [0x0000000080000000, 0x0000000100000000)
  region size 1024K, 43 young (44032K), 6 survivors (6144K)
 Metaspace       used 149476K, capacity 153648K, committed 153808K, reserved 1183744K
  class space    used 18303K, capacity 19836K, committed 19840K, reserved 1048576K
}
Event: 9130.024 GC heap after
{Heap after GC invocations=105 (full 0):
 garbage-first heap   total 361472K, used 189051K [0x0000000080000000, 0x0000000100000000)
  region size 1024K, 3 young (3072K), 3 survivors (3072K)
 Metaspace       used 149476K, capacity 153648K, committed 153808K, reserved 1183744K
  class space    used 18303K, capacity 19836K, committed 19840K, reserved 1048576K
}
Event: 9130.837 GC heap before
{Heap before GC invocations=105 (full 0):
 garbage-first heap   total 361472K, used 202363K [0x0000000080000000, 0x0000000100000000)
  region size 1024K, 17 young (17408K), 3 survivors (3072K)
 Metaspace       used 149781K, capacity 154197K, committed 154448K, reserved 1183744K
  class space    used 18341K, capacity 19906K, committed 19968K, reserved 1048576K
}
Event: 9130.852 GC heap after
{Heap after GC invocations=106 (full 0):
 garbage-first heap   total 361472K, used 189760K [0x0000000080000000, 0x0000000100000000)
  region size 1024K, 3 young (3072K), 3 survivors (3072K)
 Metaspace       used 149781K, capacity 154197K, committed 154448K, reserved 1183744K
  class space    used 18341K, capacity 19906K, committed 19968K, reserved 1048576K
}

Deoptimization events (20 events):
Event: 9095.567 Thread 0x000001eb18c65800 DEOPT PACKING pc=0x000001eb0b92c3ac sp=0x000000ab566fed50
Event: 9095.567 Thread 0x000001eb18c65800 DEOPT UNPACKING pc=0x000001eb03a485af sp=0x000000ab566fecd0 mode 2
Event: 9130.221 Thread 0x000001eb22d78800 Uncommon trap: trap_request=0xffffffdc fr.pc=0x000001eb0c2bbb98 relative=0x0000000000000338
Event: 9130.221 Thread 0x000001eb22d78800 Uncommon trap: reason=class_check action=make_not_entrant pc=0x000001eb0c2bbb98 method=com.google.common.collect.Platform.copy([Ljava/lang/Object;II[Ljava/lang/Object;)[Ljava/lang/Object; @ 7 c2
Event: 9130.221 Thread 0x000001eb22d78800 DEOPT PACKING pc=0x000001eb0c2bbb98 sp=0x000000ab555f7ed0
Event: 9130.222 Thread 0x000001eb22d78800 DEOPT UNPACKING pc=0x000001eb03a485af sp=0x000000ab555f7df0 mode 2
Event: 9130.504 Thread 0x000001eb22d78800 Uncommon trap: trap_request=0xffffffd6 fr.pc=0x000001eb0c2c3a04 relative=0x0000000000001024
Event: 9130.504 Thread 0x000001eb22d78800 Uncommon trap: reason=array_check action=maybe_recompile pc=0x000001eb0c2c3a04 method=com.google.common.collect.RegularImmutableMap.fromEntryArray(I[Ljava/util/Map$Entry;)Lcom/google/common/collect/ImmutableMap; @ 157 c2
Event: 9130.504 Thread 0x000001eb22d78800 DEOPT PACKING pc=0x000001eb0c2c3a04 sp=0x000000ab555f9620
Event: 9130.505 Thread 0x000001eb22d78800 DEOPT UNPACKING pc=0x000001eb03a485af sp=0x000000ab555f95e0 mode 2
Event: 9130.510 Thread 0x000001eb22d78800 Uncommon trap: trap_request=0xffffffd6 fr.pc=0x000001eb0c2c3a04 relative=0x0000000000001024
Event: 9130.510 Thread 0x000001eb22d78800 Uncommon trap: reason=array_check action=maybe_recompile pc=0x000001eb0c2c3a04 method=com.google.common.collect.RegularImmutableMap.fromEntryArray(I[Ljava/util/Map$Entry;)Lcom/google/common/collect/ImmutableMap; @ 157 c2
Event: 9130.510 Thread 0x000001eb22d78800 DEOPT PACKING pc=0x000001eb0c2c3a04 sp=0x000000ab555f96c0
Event: 9130.510 Thread 0x000001eb22d78800 DEOPT UNPACKING pc=0x000001eb03a485af sp=0x000000ab555f9680 mode 2
Event: 9130.797 Thread 0x000001eb22d78800 Uncommon trap: trap_request=0xffffff5c fr.pc=0x000001eb0c2e5f00 relative=0x00000000000007c0
Event: 9130.797 Thread 0x000001eb22d78800 Uncommon trap: reason=speculate_null_assert action=make_not_entrant pc=0x000001eb0c2e5f00 method=org.gradle.api.internal.file.collections.UnpackingVisitor.add(Ljava/lang/Object;)V @ 346 c2
Event: 9130.797 Thread 0x000001eb22d78800 DEOPT PACKING pc=0x000001eb0c2e5f00 sp=0x000000ab555fa2d0
Event: 9130.797 Thread 0x000001eb22d78800 DEOPT UNPACKING pc=0x000001eb03a485af sp=0x000000ab555fa268 mode 2
Event: 9130.834 Thread 0x000001eb22d78800 DEOPT PACKING pc=0x000001eb04f0ad32 sp=0x000000ab555fa610
Event: 9130.834 Thread 0x000001eb22d78800 DEOPT UNPACKING pc=0x000001eb03a89d0e sp=0x000000ab555f9bd0 mode 0

Classes redefined (0 events):
No events

Internal exceptions (20 events):
Event: 9095.209 Thread 0x000001eb22ef4000 Exception <a 'sun/nio/fs/WindowsException'{0x000000008fcecef8}> (0x000000008fcecef8) thrown at [./src/hotspot/share/prims/jni.cpp, line 616]
Event: 9095.230 Thread 0x000001eb22ef4000 Exception <a 'sun/nio/fs/WindowsException'{0x000000008f3292e0}> (0x000000008f3292e0) thrown at [./src/hotspot/share/prims/jni.cpp, line 616]
Event: 9095.231 Thread 0x000001eb18c6b000 Exception <a 'sun/nio/fs/WindowsException'{0x000000008f00d160}> (0x000000008f00d160) thrown at [./src/hotspot/share/prims/jni.cpp, line 616]
Event: 9095.362 Thread 0x000001eb18c68000 Exception <a 'sun/nio/fs/WindowsException'{0x0000000090c2a670}> (0x0000000090c2a670) thrown at [./src/hotspot/share/prims/jni.cpp, line 616]
Event: 9095.718 Thread 0x000001eb2252d000 Exception <a 'sun/nio/fs/WindowsException'{0x000000008fcc6e68}> (0x000000008fcc6e68) thrown at [./src/hotspot/share/prims/jni.cpp, line 616]
Event: 9095.725 Thread 0x000001eb22d78800 Exception <a 'sun/nio/fs/WindowsException'{0x000000008fcaed30}> (0x000000008fcaed30) thrown at [./src/hotspot/share/prims/jni.cpp, line 616]
Event: 9095.725 Thread 0x000001eb22d78800 Exception <a 'sun/nio/fs/WindowsException'{0x000000008fcaedb0}> (0x000000008fcaedb0) thrown at [./src/hotspot/share/prims/jni.cpp, line 616]
Event: 9095.725 Thread 0x000001eb22d78800 Exception <a 'sun/nio/fs/WindowsException'{0x000000008fcb0750}> (0x000000008fcb0750) thrown at [./src/hotspot/share/prims/jni.cpp, line 616]
Event: 9130.309 Thread 0x000001eb22d78800 Exception <a 'sun/nio/fs/WindowsException'{0x0000000095ce9dc0}> (0x0000000095ce9dc0) thrown at [./src/hotspot/share/prims/jni.cpp, line 616]
Event: 9130.547 Thread 0x000001eb22d78800 Exception <a 'java/lang/NoClassDefFoundError'{0x00000000958ea3b0}: org/jetbrains/kotlin/gradle/plugin/KotlinBasePluginWrapper> (0x00000000958ea3b0) thrown at [./src/hotspot/share/oops/constantPool.cpp, line 775]
Event: 9130.684 Thread 0x000001eb22d78800 Exception <a 'sun/nio/fs/WindowsException'{0x00000000955d6900}> (0x00000000955d6900) thrown at [./src/hotspot/share/prims/jni.cpp, line 616]
Event: 9130.755 Thread 0x000001eb22d78800 Exception <a 'sun/nio/fs/WindowsException'{0x0000000095474ba0}> (0x0000000095474ba0) thrown at [./src/hotspot/share/prims/jni.cpp, line 616]
Event: 9130.757 Thread 0x000001eb22d78800 Exception <a 'sun/nio/fs/WindowsException'{0x0000000095475f48}> (0x0000000095475f48) thrown at [./src/hotspot/share/prims/jni.cpp, line 616]
Event: 9130.757 Thread 0x000001eb22d78800 Exception <a 'sun/nio/fs/WindowsException'{0x0000000095477340}> (0x0000000095477340) thrown at [./src/hotspot/share/prims/jni.cpp, line 616]
Event: 9130.758 Thread 0x000001eb22d78800 Exception <a 'sun/nio/fs/WindowsException'{0x0000000095478738}> (0x0000000095478738) thrown at [./src/hotspot/share/prims/jni.cpp, line 616]
Event: 9130.911 Thread 0x000001eb22d78800 Exception <a 'sun/nio/fs/WindowsException'{0x0000000095f75e30}> (0x0000000095f75e30) thrown at [./src/hotspot/share/prims/jni.cpp, line 616]
Event: 9131.850 Thread 0x000001eb1fdbe000 Exception <a 'sun/nio/fs/WindowsException'{0x00000000943bd780}> (0x00000000943bd780) thrown at [./src/hotspot/share/prims/jni.cpp, line 616]
Event: 9131.863 Thread 0x000001eb22d78800 Exception <a 'sun/nio/fs/WindowsException'{0x00000000943d0ba8}> (0x00000000943d0ba8) thrown at [./src/hotspot/share/prims/jni.cpp, line 616]
Event: 9131.863 Thread 0x000001eb22d78800 Exception <a 'sun/nio/fs/WindowsException'{0x00000000943d0c28}> (0x00000000943d0c28) thrown at [./src/hotspot/share/prims/jni.cpp, line 616]
Event: 9131.864 Thread 0x000001eb22d78800 Exception <a 'sun/nio/fs/WindowsException'{0x00000000943d25c8}> (0x00000000943d25c8) thrown at [./src/hotspot/share/prims/jni.cpp, line 616]

Events (20 events):
Event: 9131.938 Thread 0x000001eb22532800 Thread exited: 0x000001eb22532800
Event: 9131.938 Executing VM operation: RevokeBias
Event: 9131.938 Executing VM operation: RevokeBias done
Event: 9131.938 Thread 0x000001eb2252d800 Thread exited: 0x000001eb2252d800
Event: 9131.943 Executing VM operation: RevokeBias
Event: 9131.944 Executing VM operation: RevokeBias done
Event: 9131.944 Thread 0x000001eb22531800 Thread exited: 0x000001eb22531800
Event: 9131.945 Executing VM operation: RevokeBias
Event: 9131.946 Executing VM operation: RevokeBias done
Event: 9131.946 Executing VM operation: RevokeBias
Event: 9131.947 Executing VM operation: RevokeBias done
Event: 9131.947 Executing VM operation: BulkRevokeBias
Event: 9131.947 Executing VM operation: BulkRevokeBias done
Event: 9131.947 Thread 0x000001eb2252b000 Thread exited: 0x000001eb2252b000
Event: 9137.221 Thread 0x000001eb24327800 Thread exited: 0x000001eb24327800
Event: 9147.963 Thread 0x000001eb1fdbf000 Thread added: 0x000001eb1fdbf000
Event: 9148.012 Thread 0x000001eb1fdc1800 Thread added: 0x000001eb1fdc1800
Event: 9148.031 Thread 0x000001eb1fdbe000 Thread added: 0x000001eb1fdbe000
Event: 9148.038 Thread 0x000001eb1fdc0800 Thread added: 0x000001eb1fdc0800
Event: 9148.040 Thread 0x000001eb1fdc2000 Thread added: 0x000001eb1fdc2000


Dynamic libraries:
0x00007ff6abca0000 - 0x00007ff6abcaa000 	C:\Program Files\Android\Android Studio\jre\bin\java.exe
0x00007ffd8d0d0000 - 0x00007ffd8d2e4000 	C:\WINDOWS\SYSTEM32\ntdll.dll
0x00007ffd8bb50000 - 0x00007ffd8bc13000 	C:\WINDOWS\System32\KERNEL32.DLL
0x00007ffd8a590000 - 0x00007ffd8a92c000 	C:\WINDOWS\System32\KERNELBASE.dll
0x00007ffd8aa50000 - 0x00007ffd8ab61000 	C:\WINDOWS\System32\ucrtbase.dll
0x00007ffd3e0a0000 - 0x00007ffd3e0b9000 	C:\Program Files\Android\Android Studio\jre\bin\jli.dll
0x00007ffd3dfc0000 - 0x00007ffd3dfd7000 	C:\Program Files\Android\Android Studio\jre\bin\VCRUNTIME140.dll
0x00007ffd8b090000 - 0x00007ffd8b23d000 	C:\WINDOWS\System32\USER32.dll
0x00007ffd65360000 - 0x00007ffd655ee000 	C:\WINDOWS\WinSxS\amd64_microsoft.windows.common-controls_6595b64144ccf1df_6.0.22621.608_none_a9444ca7c10bb01d\COMCTL32.dll
0x00007ffd8ac30000 - 0x00007ffd8ac56000 	C:\WINDOWS\System32\win32u.dll
0x00007ffd8c210000 - 0x00007ffd8c239000 	C:\WINDOWS\System32\GDI32.dll
0x00007ffd8c2b0000 - 0x00007ffd8c357000 	C:\WINDOWS\System32\msvcrt.dll
0x00007ffd8a930000 - 0x00007ffd8aa42000 	C:\WINDOWS\System32\gdi32full.dll
0x00007ffd8ac60000 - 0x00007ffd8acfa000 	C:\WINDOWS\System32\msvcp_win.dll
0x00007ffd8c370000 - 0x00007ffd8c3a2000 	C:\WINDOWS\System32\IMM32.DLL
0x00007ffd3df20000 - 0x00007ffd3dfbd000 	C:\Program Files\Android\Android Studio\jre\bin\msvcp140.dll
0x00007ffd4b7b0000 - 0x00007ffd4c2b2000 	C:\Program Files\Android\Android Studio\jre\bin\server\jvm.dll
0x00007ffd8c780000 - 0x00007ffd8c82e000 	C:\WINDOWS\System32\ADVAPI32.dll
0x00007ffd8c930000 - 0x00007ffd8c9d4000 	C:\WINDOWS\System32\sechost.dll
0x00007ffd8b240000 - 0x00007ffd8b355000 	C:\WINDOWS\System32\RPCRT4.dll
0x00007ffd8aee0000 - 0x00007ffd8aee8000 	C:\WINDOWS\System32\PSAPI.DLL
0x00007ffd6e9e0000 - 0x00007ffd6e9e9000 	C:\WINDOWS\SYSTEM32\WSOCK32.dll
0x00007ffd8c650000 - 0x00007ffd8c6c1000 	C:\WINDOWS\System32\WS2_32.dll
0x00007ffd87f60000 - 0x00007ffd87f94000 	C:\WINDOWS\SYSTEM32\WINMM.dll
0x00007ffd81080000 - 0x00007ffd8108a000 	C:\WINDOWS\SYSTEM32\VERSION.dll
0x00007ffd89560000 - 0x00007ffd89578000 	C:\WINDOWS\SYSTEM32\kernel.appcore.dll
0x00007ffd84b20000 - 0x00007ffd84b31000 	C:\Program Files\Android\Android Studio\jre\bin\verify.dll
0x00007ffd87d30000 - 0x00007ffd87f5e000 	C:\WINDOWS\SYSTEM32\DBGHELP.DLL
0x00007ffd8ca10000 - 0x00007ffd8cd9a000 	C:\WINDOWS\System32\combase.dll
0x00007ffd8afb0000 - 0x00007ffd8b087000 	C:\WINDOWS\System32\OLEAUT32.dll
0x00007ffd87cf0000 - 0x00007ffd87d22000 	C:\WINDOWS\SYSTEM32\dbgcore.DLL
0x00007ffd8a510000 - 0x00007ffd8a58b000 	C:\WINDOWS\System32\bcryptPrimitives.dll
0x00007ffd686f0000 - 0x00007ffd68719000 	C:\Program Files\Android\Android Studio\jre\bin\java.dll
0x00007ffd686e0000 - 0x00007ffd686eb000 	C:\Program Files\Android\Android Studio\jre\bin\jimage.dll
0x00007ffd686c0000 - 0x00007ffd686d8000 	C:\Program Files\Android\Android Studio\jre\bin\zip.dll
0x00007ffd8b360000 - 0x00007ffd8bb4f000 	C:\WINDOWS\System32\SHELL32.dll
0x00007ffd88a50000 - 0x00007ffd89318000 	C:\WINDOWS\SYSTEM32\windows.storage.dll
0x00007ffd88910000 - 0x00007ffd88a4e000 	C:\WINDOWS\SYSTEM32\wintypes.dll
0x00007ffd8c550000 - 0x00007ffd8c641000 	C:\WINDOWS\System32\SHCORE.dll
0x00007ffd8c250000 - 0x00007ffd8c2ae000 	C:\WINDOWS\System32\shlwapi.dll
0x00007ffd8a440000 - 0x00007ffd8a461000 	C:\WINDOWS\SYSTEM32\profapi.dll
0x00007ffd686a0000 - 0x00007ffd686ba000 	C:\Program Files\Android\Android Studio\jre\bin\net.dll
0x00007ffd82890000 - 0x00007ffd829bf000 	C:\WINDOWS\SYSTEM32\WINHTTP.dll
0x00007ffd899d0000 - 0x00007ffd89a39000 	C:\WINDOWS\system32\mswsock.dll
0x00007ffd68680000 - 0x00007ffd68694000 	C:\Program Files\Android\Android Studio\jre\bin\nio.dll
0x00007ffd3e110000 - 0x00007ffd3e137000 	C:\Users\Dell Inspiron\.gradle\native\e1d6ef7f7dcc3fd88c89a11ec53ec762bb8ba0a96d01ffa2cd45eb1d1d8dd5c5\windows-amd64\native-platform.dll
0x00007ffd3ddd0000 - 0x00007ffd3df14000 	C:\Users\Dell Inspiron\.gradle\native\0d407fdbe67a94daf76414ababcb853783967236a71b16ec16e742cd7a986fd3\windows-amd64\native-platform-file-events.dll
0x00007ffd68670000 - 0x00007ffd6867a000 	C:\Program Files\Android\Android Studio\jre\bin\management.dll
0x00007ffd68660000 - 0x00007ffd6866d000 	C:\Program Files\Android\Android Studio\jre\bin\management_ext.dll
0x00007ffd89c20000 - 0x00007ffd89c3b000 	C:\WINDOWS\SYSTEM32\CRYPTSP.dll
0x00007ffd894d0000 - 0x00007ffd89505000 	C:\WINDOWS\system32\rsaenh.dll
0x00007ffd89ac0000 - 0x00007ffd89ae8000 	C:\WINDOWS\SYSTEM32\USERENV.dll
0x00007ffd89dc0000 - 0x00007ffd89de8000 	C:\WINDOWS\SYSTEM32\bcrypt.dll
0x00007ffd89c40000 - 0x00007ffd89c4c000 	C:\WINDOWS\SYSTEM32\CRYPTBASE.dll
0x00007ffd88620000 - 0x00007ffd8864d000 	C:\WINDOWS\SYSTEM32\IPHLPAPI.DLL
0x00007ffd8ca00000 - 0x00007ffd8ca09000 	C:\WINDOWS\System32\NSI.dll
0x00007ffd82410000 - 0x00007ffd82429000 	C:\WINDOWS\SYSTEM32\dhcpcsvc6.DLL
0x00007ffd823f0000 - 0x00007ffd8240f000 	C:\WINDOWS\SYSTEM32\dhcpcsvc.DLL
0x00007ffd88650000 - 0x00007ffd88743000 	C:\WINDOWS\SYSTEM32\DNSAPI.dll
0x00007ffd89580000 - 0x00007ffd895b4000 	C:\WINDOWS\SYSTEM32\ntmarta.dll
0x00007ffd568b0000 - 0x00007ffd568d7000 	C:\Program Files\Android\Android Studio\jre\bin\sunec.dll
0x00007ffd7f340000 - 0x00007ffd7f34a000 	C:\Windows\System32\rasadhlp.dll
0x00007ffd81410000 - 0x00007ffd81493000 	C:\WINDOWS\System32\fwpuclnt.dll

dbghelp: loaded successfully - version: 4.0.5 - missing functions: none
symbol engine: initialized successfully - sym options: 0x614 - pdb path: .;C:\Program Files\Android\Android Studio\jre\bin;C:\WINDOWS\SYSTEM32;C:\WINDOWS\WinSxS\amd64_microsoft.windows.common-controls_6595b64144ccf1df_6.0.22621.608_none_a9444ca7c10bb01d;C:\Program Files\Android\Android Studio\jre\bin\server;C:\Users\Dell Inspiron\.gradle\native\e1d6ef7f7dcc3fd88c89a11ec53ec762bb8ba0a96d01ffa2cd45eb1d1d8dd5c5\windows-amd64;C:\Users\Dell Inspiron\.gradle\native\0d407fdbe67a94daf76414ababcb853783967236a71b16ec16e742cd7a986fd3\windows-amd64

VM Arguments:
jvm_args: --add-opens=java.base/java.util=ALL-UNNAMED --add-opens=java.base/java.lang=ALL-UNNAMED --add-opens=java.base/java.lang.invoke=ALL-UNNAMED --add-opens=java.base/java.util=ALL-UNNAMED --add-opens=java.prefs/java.util.prefs=ALL-UNNAMED --add-opens=java.prefs/java.util.prefs=ALL-UNNAMED --add-opens=java.base/java.nio.charset=ALL-UNNAMED --add-opens=java.base/java.net=ALL-UNNAMED --add-opens=java.base/java.util.concurrent.atomic=ALL-UNNAMED -Xmx2048m -Dfile.encoding=UTF-8 -Duser.country=US -Duser.language=en -Duser.variant 
java_command: org.gradle.launcher.daemon.bootstrap.GradleDaemon 7.4
java_class_path (initial): C:\Users\Dell Inspiron\.gradle\wrapper\dists\gradle-7.4-bin\c0gwcg53nkjbqw7r0h0umtfvt\gradle-7.4\lib\gradle-launcher-7.4.jar
Launcher Type: SUN_STANDARD

[Global flags]
     intx CICompilerCount                          = 4                                         {product} {ergonomic}
     uint ConcGCThreads                            = 2                                         {product} {ergonomic}
     uint G1ConcRefinementThreads                  = 8                                         {product} {ergonomic}
   size_t G1HeapRegionSize                         = 1048576                                   {product} {ergonomic}
    uintx GCDrainStackTargetSize                   = 64                                        {product} {ergonomic}
   size_t InitialHeapSize                          = 132120576                                 {product} {ergonomic}
   size_t MarkStackSize                            = 4194304                                   {product} {ergonomic}
   size_t MaxHeapSize                              = 2147483648                                {product} {command line}
   size_t MaxNewSize                               = 1287651328                                {product} {ergonomic}
   size_t MinHeapDeltaBytes                        = 1048576                                   {product} {ergonomic}
    uintx NonNMethodCodeHeapSize                   = 5836300                                {pd product} {ergonomic}
    uintx NonProfiledCodeHeapSize                  = 122910970                              {pd product} {ergonomic}
    uintx ProfiledCodeHeapSize                     = 122910970                              {pd product} {ergonomic}
    uintx ReservedCodeCacheSize                    = 251658240                              {pd product} {ergonomic}
     bool SegmentedCodeCache                       = true                                      {product} {ergonomic}
     bool UseCompressedClassPointers               = true                                 {lp64_product} {ergonomic}
     bool UseCompressedOops                        = true                                 {lp64_product} {ergonomic}
     bool UseG1GC                                  = true                                      {product} {ergonomic}
     bool UseLargePagesIndividualAllocation        = false                                  {pd product} {ergonomic}

Logging:
Log output configuration:
 #0: stdout all=warning uptime,level,tags
 #1: stderr all=off uptime,level,tags

Environment Variables:
PATH=C:\Program Files\Microsoft\jdk-11.0.16.101-hotspot\bin;C:\Program Files\Common Files\Oracle\Java\javapath;C:\Program Files\Common Files\Microsoft Shared\Microsoft Online Services;C:\Program Files (x86)\Common Files\Microsoft Shared\Microsoft Online Services;C:\Program Files\Python39\Scripts\;C:\Program Files\Python39\;C:\WINDOWS\system32;C:\WINDOWS;C:\WINDOWS\System32\Wbem;C:\WINDOWS\System32\WindowsPowerShell\v1.0\;C:\WINDOWS\System32\OpenSSH\;C:\Program Files\Azure Data Studio\bin;C:\Program Files\Microsoft SQL Server\Client SDK\ODBC\130\Tools\Binn\;C:\ProgramData\chocolatey\bin;C:\Program Files\Microsoft SQL Server\Client SDK\ODBC\170\Tools\Binn\;C:\Program Files (x86)\Microsoft SQL Server\150\Tools\Binn\;C:\Program Files\Microsoft SQL Server\150\Tools\Binn\;C:\Program Files\Microsoft SQL Server\150\DTS\Binn\;C:\tools\winfetch;C:\Program Files\Git\cmd;C:\Program Files\nodejs\;C:\Program Files\dotnet\;C:\Program Files (x86)\Microsoft SQL Server\160\Tools\Binn\;C:\Program Files\Microsoft SQL Server\160\Tools\Binn\;C:\Program Files\Microsoft SQL Server\160\DTS\Binn\;C:\Program Files (x86)\Microsoft SQL Server\160\DTS\Binn\;C:\Users\Dell Inspiron\scoop\shims;C:\Users\Dell Inspiron\AppData\Local\Microsoft\WindowsApps;C:\Users\Dell Inspiron\Desktop\PyCharm Community Edition 2021.1\bin;C:\Program Files\Azure Data Studio\bin;C:\Program Files\JetBrains\PyCharm Community Edition 2021\bin;;C:\Users\Dell Inspiron\AppData\Local\Microsoft\WindowsApps;C:\Users\Dell Inspiron\AppData\Roaming\npm;C:\ProgramData\Microsoft\Windows\Start Menu\Programs\Node.js;C:\Users\Dell Inspiron\AppData\Local\GitHubDesktop\bin;C:\Users\Dell Inspiron\AppData\Local\Programs\Microsoft VS Code\bin;C:\Users\Dell Inspiron\.dotnet\tools
USERNAME=Dell Inspiron
OS=Windows_NT
PROCESSOR_IDENTIFIER=Intel64 Family 6 Model 126 Stepping 5, GenuineIntel



---------------  S Y S T E M  ---------------

OS: Windows 11 , 64 bit Build 22621 (10.0.22621.1194)
OS uptime: 0 days 2:40 hours

CPU:total 8 (initial active 8) (4 cores per cpu, 2 threads per core) family 6 model 126 stepping 5 microcode 0xb2, cmov, cx8, fxsr, mmx, sse, sse2, sse3, ssse3, sse4.1, sse4.2, popcnt, avx, avx2, aes, clmul, erms, 3dnowpref, lzcnt, ht, tsc, tscinvbit, bmi1, bmi2, adx, evex, sha, fma

Memory: 4k page, system-wide physical 7959M (326M free)
TotalPageFile size 16151M (AvailPageFile size 3M)
current process WorkingSet (physical memory assigned to process): 238M, peak: 545M
current process commit charge ("private bytes"): 772M, peak: 780M

vm_info: OpenJDK 64-Bit Server VM (11.0.13+0-b1751.21-8125866) for windows-amd64 JRE (11.0.13+0-b1751.21-8125866), built on Feb  2 2022 03:00:22 by "builder" with MS VC++ 14.0 (VS2015)

END.
