#
# There is insufficient memory for the Java Runtime Environment to continue.
# Native memory allocation (malloc) failed to allocate 305216 bytes for Chunk::new
# Possible reasons:
#   The system is out of physical RAM or swap space
#   The process is running with CompressedOops enabled, and the Java Heap may be blocking the growth of the native heap
# Possible solutions:
#   Reduce memory load on the system
#   Increase physical memory or swap space
#   Check if swap backing store is full
#   Decrease Java heap size (-Xmx/-Xms)
#   Decrease number of Java threads
#   Decrease Java thread stack sizes (-Xss)
#   Set larger code cache with -XX:ReservedCodeCacheSize=
#   JVM is running with Unscaled Compressed Oops mode in which the Java heap is
#     placed in the first 4GB address space. The Java Heap base address is the
#     maximum limit for the native heap growth. Please use -XX:HeapBaseMinAddress
#     to set the Java Heap base and to place the Java Heap above 4GB virtual address.
# This output file may be truncated or incomplete.
#
#  Out of Memory Error (./src/hotspot/share/memory/arena.cpp:197), pid=16724, tid=10876
#
# JRE version: OpenJDK Runtime Environment (11.0.13) (build 11.0.13+0-b1751.21-8125866)
# Java VM: OpenJDK 64-Bit Server VM (11.0.13+0-b1751.21-8125866, mixed mode, tiered, compressed oops, g1 gc, windows-amd64)
# No core dump will be written. Minidumps are not enabled by default on client versions of Windows
#

---------------  S U M M A R Y ------------

Command Line: --add-opens=java.base/java.util=ALL-UNNAMED --add-opens=java.base/java.lang=ALL-UNNAMED --add-opens=java.base/java.lang.invoke=ALL-UNNAMED --add-opens=java.base/java.util=ALL-UNNAMED --add-opens=java.prefs/java.util.prefs=ALL-UNNAMED --add-opens=java.prefs/java.util.prefs=ALL-UNNAMED --add-opens=java.base/java.nio.charset=ALL-UNNAMED --add-opens=java.base/java.net=ALL-UNNAMED --add-opens=java.base/java.util.concurrent.atomic=ALL-UNNAMED -Xmx2048m -Dfile.encoding=UTF-8 -Duser.country=US -Duser.language=en -Duser.variant org.gradle.launcher.daemon.bootstrap.GradleDaemon 7.4

Host: Intel(R) Core(TM) i5-1035G1 CPU @ 1.00GHz, 8 cores, 7G,  Windows 11 , 64 bit Build 22621 (10.0.22621.1194)
Time: Sat Mar 11 10:26:18 2023 SE Asia Standard Time elapsed time: 3228.661726 seconds (0d 0h 53m 48s)

---------------  T H R E A D  ---------------

Current thread (0x000001b847002000):  JavaThread "C2 CompilerThread0" daemon [_thread_in_native, id=10876, stack(0x000000b32fb00000,0x000000b32fc00000)]


Current CompileTask:
C2:3228662 18324       4       org.gradle.util.Path::toString (5 bytes)

Stack: [0x000000b32fb00000,0x000000b32fc00000]
Native frames: (J=compiled Java code, j=interpreted, Vv=VM code, C=native code)
V  [jvm.dll+0x6100fa]
V  [jvm.dll+0x747090]
V  [jvm.dll+0x7486ad]
V  [jvm.dll+0x748d83]
V  [jvm.dll+0x24ab48]
V  [jvm.dll+0xc04dc]
V  [jvm.dll+0xc0a0c]
V  [jvm.dll+0x2bfab4]
V  [jvm.dll+0x524238]
V  [jvm.dll+0x2045ac]
V  [jvm.dll+0x2023c2]
V  [jvm.dll+0x188e01]
V  [jvm.dll+0x21106b]
V  [jvm.dll+0x20f8c1]
V  [jvm.dll+0x70de0f]
V  [jvm.dll+0x706a75]
V  [jvm.dll+0x60ed66]
C  [ucrtbase.dll+0x29363]
C  [KERNEL32.DLL+0x126bd]
C  [ntdll.dll+0x5dfb8]


---------------  P R O C E S S  ---------------

Threads class SMR info:
_java_thread_list=0x000001b8541fa5b0, length=53, elements={
0x000001b82cb4b000, 0x000001b846fe1800, 0x000001b846fe6800, 0x000001b846ffa800,
0x000001b846ffe000, 0x000001b846fff000, 0x000001b847002000, 0x000001b847955000,
0x000001b847961800, 0x000001b847ab5800, 0x000001b84a541000, 0x000001b849b06800,
0x000001b849ead000, 0x000001b849172800, 0x000001b849174800, 0x000001b849173800,
0x000001b849172000, 0x000001b847dc8800, 0x000001b847dc7000, 0x000001b847dcb000,
0x000001b847dcf000, 0x000001b847dd0000, 0x000001b847dce000, 0x000001b84b6a1800,
0x000001b84acb8800, 0x000001b84acb7000, 0x000001b84acba000, 0x000001b84acb9000,
0x000001b84acb5000, 0x000001b84acb4800, 0x000001b84acc0000, 0x000001b85426d800,
0x000001b850f6f000, 0x000001b84d977000, 0x000001b854cc1000, 0x000001b854cc0000,
0x000001b854cc5000, 0x000001b854cc6000, 0x000001b854cc4000, 0x000001b854cba800,
0x000001b854cb8000, 0x000001b850f6d800, 0x000001b850f71800, 0x000001b84acbb000,
0x000001b84acb7800, 0x000001b84acbb800, 0x000001b84acb6000, 0x000001b84acc0800,
0x000001b84acbd800, 0x000001b84acc2000, 0x000001b84acc1800, 0x000001b84acbc800,
0x000001b84acbe000
}

Java Threads: ( => current thread )
  0x000001b82cb4b000 JavaThread "main" [_thread_blocked, id=592, stack(0x000000b32ef00000,0x000000b32f000000)]
  0x000001b846fe1800 JavaThread "Reference Handler" daemon [_thread_blocked, id=8372, stack(0x000000b32f600000,0x000000b32f700000)]
  0x000001b846fe6800 JavaThread "Finalizer" daemon [_thread_blocked, id=7416, stack(0x000000b32f700000,0x000000b32f800000)]
  0x000001b846ffa800 JavaThread "Signal Dispatcher" daemon [_thread_blocked, id=11508, stack(0x000000b32f800000,0x000000b32f900000)]
  0x000001b846ffe000 JavaThread "Attach Listener" daemon [_thread_blocked, id=17776, stack(0x000000b32f900000,0x000000b32fa00000)]
  0x000001b846fff000 JavaThread "Service Thread" daemon [_thread_blocked, id=8256, stack(0x000000b32fa00000,0x000000b32fb00000)]
=>0x000001b847002000 JavaThread "C2 CompilerThread0" daemon [_thread_in_native, id=10876, stack(0x000000b32fb00000,0x000000b32fc00000)]
  0x000001b847955000 JavaThread "C1 CompilerThread0" daemon [_thread_blocked, id=17584, stack(0x000000b32fc00000,0x000000b32fd00000)]
  0x000001b847961800 JavaThread "Sweeper thread" daemon [_thread_blocked, id=16972, stack(0x000000b32fd00000,0x000000b32fe00000)]
  0x000001b847ab5800 JavaThread "Common-Cleaner" daemon [_thread_blocked, id=10664, stack(0x000000b32fe00000,0x000000b32ff00000)]
  0x000001b84a541000 JavaThread "Daemon health stats" [_thread_blocked, id=1356, stack(0x000000b330300000,0x000000b330400000)]
  0x000001b849b06800 JavaThread "Incoming local TCP Connector on port 51609" [_thread_in_native, id=16468, stack(0x000000b330000000,0x000000b330100000)]
  0x000001b849ead000 JavaThread "Daemon periodic checks" [_thread_blocked, id=3644, stack(0x000000b330400000,0x000000b330500000)]
  0x000001b849172800 JavaThread "Cache worker for journal cache (C:\Users\Dell Inspiron\.gradle\caches\journal-1)" [_thread_blocked, id=15836, stack(0x000000b331100000,0x000000b331200000)]
  0x000001b849174800 JavaThread "File lock request listener" [_thread_in_native, id=3408, stack(0x000000b331200000,0x000000b331300000)]
  0x000001b849173800 JavaThread "Cache worker for file hash cache (C:\Users\Dell Inspiron\.gradle\caches\7.4\fileHashes)" [_thread_blocked, id=5248, stack(0x000000b331300000,0x000000b331400000)]
  0x000001b849172000 JavaThread "File watcher server" daemon [_thread_in_native, id=18400, stack(0x000000b331600000,0x000000b331700000)]
  0x000001b847dc8800 JavaThread "File watcher consumer" daemon [_thread_blocked, id=5892, stack(0x000000b331700000,0x000000b331800000)]
  0x000001b847dc7000 JavaThread "Cache worker for execution history cache (C:\Users\Dell Inspiron\.gradle\caches\7.4\executionHistory)" [_thread_blocked, id=18388, stack(0x000000b331c00000,0x000000b331d00000)]
  0x000001b847dcb000 JavaThread "jar transforms" [_thread_blocked, id=18284, stack(0x000000b331d00000,0x000000b331e00000)]
  0x000001b847dcf000 JavaThread "Cache worker for file content cache (C:\Users\Dell Inspiron\.gradle\caches\7.4\fileContent)" [_thread_blocked, id=18080, stack(0x000000b331e00000,0x000000b331f00000)]
  0x000001b847dd0000 JavaThread "jar transforms Thread 2" [_thread_blocked, id=4944, stack(0x000000b331f00000,0x000000b332000000)]
  0x000001b847dce000 JavaThread "jar transforms Thread 3" [_thread_blocked, id=4508, stack(0x000000b332100000,0x000000b332200000)]
  0x000001b84b6a1800 JavaThread "jar transforms Thread 4" [_thread_blocked, id=17628, stack(0x000000b337300000,0x000000b337400000)]
  0x000001b84acb8800 JavaThread "jar transforms Thread 5" [_thread_blocked, id=9072, stack(0x000000b337400000,0x000000b337500000)]
  0x000001b84acb7000 JavaThread "jar transforms Thread 6" [_thread_blocked, id=13972, stack(0x000000b337500000,0x000000b337600000)]
  0x000001b84acba000 JavaThread "jar transforms Thread 7" [_thread_blocked, id=14996, stack(0x000000b337600000,0x000000b337700000)]
  0x000001b84acb9000 JavaThread "jar transforms Thread 8" [_thread_blocked, id=3480, stack(0x000000b337700000,0x000000b337800000)]
  0x000001b84acb5000 JavaThread "Memory manager" [_thread_blocked, id=3688, stack(0x000000b337800000,0x000000b337900000)]
  0x000001b84acb4800 JavaThread "pool-3-thread-1" [_thread_blocked, id=16712, stack(0x000000b337a00000,0x000000b337b00000)]
  0x000001b84acc0000 JavaThread "Cache worker for Java compile cache (C:\Users\Dell Inspiron\.gradle\caches\7.4\javaCompile)" [_thread_blocked, id=10716, stack(0x000000b338500000,0x000000b338600000)]
  0x000001b85426d800 JavaThread "ForkJoinPool.commonPool-worker-15" daemon [_thread_blocked, id=17868, stack(0x000000b339c00000,0x000000b339d00000)]
  0x000001b850f6f000 JavaThread "pool-7-thread-1" [_thread_blocked, id=18616, stack(0x000000b337100000,0x000000b337200000)]
  0x000001b84d977000 JavaThread "pool-10-thread-1" [_thread_blocked, id=16028, stack(0x000000b337b00000,0x000000b337c00000)]
  0x000001b854cc1000 JavaThread "ForkJoinPool.commonPool-worker-1" daemon [_thread_blocked, id=18412, stack(0x000000b339800000,0x000000b339900000)]
  0x000001b854cc0000 JavaThread "ForkJoinPool.commonPool-worker-3" daemon [_thread_blocked, id=13996, stack(0x000000b339900000,0x000000b339a00000)]
  0x000001b854cc5000 JavaThread "ForkJoinPool.commonPool-worker-7" daemon [_thread_blocked, id=9552, stack(0x000000b339b00000,0x000000b339c00000)]
  0x000001b854cc6000 JavaThread "ForkJoinPool.commonPool-worker-11" daemon [_thread_blocked, id=6652, stack(0x000000b339d00000,0x000000b339e00000)]
  0x000001b854cc4000 JavaThread "ForkJoinPool.commonPool-worker-9" daemon [_thread_blocked, id=19844, stack(0x000000b339e00000,0x000000b339f00000)]
  0x000001b854cba800 JavaThread "Daemon Thread 4" [_thread_blocked, id=14836, stack(0x000000b32ec00000,0x000000b32ed00000)]
  0x000001b854cb8000 JavaThread "Daemon worker Thread 4" [_thread_in_Java, id=4176, stack(0x000000b330500000,0x000000b330600000)]
  0x000001b850f6d800 JavaThread "pool-14-thread-1" [_thread_blocked, id=20220, stack(0x000000b337200000,0x000000b337300000)]
  0x000001b850f71800 JavaThread "included builds" [_thread_blocked, id=20340, stack(0x000000b337c00000,0x000000b337d00000)]
  0x000001b84acbb000 JavaThread "Handler for socket connection from /127.0.0.1:51609 to /127.0.0.1:60445" [_thread_in_native, id=18408, stack(0x000000b32ed00000,0x000000b32ee00000)]
  0x000001b84acb7800 JavaThread "Cancel handler" [_thread_blocked, id=13836, stack(0x000000b32ee00000,0x000000b32ef00000)]
  0x000001b84acbb800 JavaThread "Asynchronous log dispatcher for DefaultDaemonConnection: socket connection from /127.0.0.1:51609 to /127.0.0.1:60445" [_thread_blocked, id=15740, stack(0x000000b330600000,0x000000b330700000)]
  0x000001b84acb6000 JavaThread "Stdin handler" [_thread_blocked, id=20092, stack(0x000000b330700000,0x000000b330800000)]
  0x000001b84acc0800 JavaThread "Daemon client event forwarder" [_thread_blocked, id=18584, stack(0x000000b330800000,0x000000b330900000)]
  0x000001b84acbd800 JavaThread "Cache worker for checksums cache (C:\Users\Dell Inspiron\AndroidStudioProjects\AppBanHang\.gradle\7.4\checksums)" [_thread_blocked, id=8028, stack(0x000000b330900000,0x000000b330a00000)]
  0x000001b84acc2000 JavaThread "Cache worker for cache directory md-rule (C:\Users\Dell Inspiron\.gradle\caches\7.4\md-rule)" [_thread_blocked, id=13544, stack(0x000000b330b00000,0x000000b330c00000)]
  0x000001b84acc1800 JavaThread "Cache worker for file hash cache (C:\Users\Dell Inspiron\AndroidStudioProjects\AppBanHang\.gradle\7.4\fileHashes)" [_thread_blocked, id=10120, stack(0x000000b331500000,0x000000b331600000)]
  0x000001b84acbc800 JavaThread "Cache worker for cache directory md-supplier (C:\Users\Dell Inspiron\.gradle\caches\7.4\md-supplier)" [_thread_blocked, id=19152, stack(0x000000b331800000,0x000000b331900000)]
  0x000001b84acbe000 JavaThread "Cache worker for dependencies-accessors (C:\Users\Dell Inspiron\AndroidStudioProjects\AppBanHang\.gradle\7.4\dependencies-accessors)" [_thread_blocked, id=17328, stack(0x000000b331900000,0x000000b331a00000)]

Other Threads:
  0x000001b846fde800 VMThread "VM Thread" [stack: 0x000000b32f500000,0x000000b32f600000] [id=11776]
  0x000001b847ad3000 WatcherThread [stack: 0x000000b32ff00000,0x000000b330000000] [id=16216]
  0x000001b82cb62000 GCTaskThread "GC Thread#0" [stack: 0x000000b32f000000,0x000000b32f100000] [id=5928]
  0x000001b8488aa800 GCTaskThread "GC Thread#1" [stack: 0x000000b330100000,0x000000b330200000] [id=4184]
  0x000001b84881c800 GCTaskThread "GC Thread#2" [stack: 0x000000b330200000,0x000000b330300000] [id=1060]
  0x000001b8498f0000 GCTaskThread "GC Thread#3" [stack: 0x000000b330c00000,0x000000b330d00000] [id=13308]
  0x000001b8498f0800 GCTaskThread "GC Thread#4" [stack: 0x000000b330d00000,0x000000b330e00000] [id=13364]
  0x000001b84a395000 GCTaskThread "GC Thread#5" [stack: 0x000000b330e00000,0x000000b330f00000] [id=7580]
  0x000001b84a395800 GCTaskThread "GC Thread#6" [stack: 0x000000b330f00000,0x000000b331000000] [id=17828]
  0x000001b849760800 GCTaskThread "GC Thread#7" [stack: 0x000000b331000000,0x000000b331100000] [id=13304]
  0x000001b82cb99800 ConcurrentGCThread "G1 Main Marker" [stack: 0x000000b32f100000,0x000000b32f200000] [id=10236]
  0x000001b82cb9c000 ConcurrentGCThread "G1 Conc#0" [stack: 0x000000b32f200000,0x000000b32f300000] [id=16608]
  0x000001b8485e1800 ConcurrentGCThread "G1 Conc#1" [stack: 0x000000b331400000,0x000000b331500000] [id=14680]
  0x000001b846e30800 ConcurrentGCThread "G1 Refine#0" [stack: 0x000000b32f300000,0x000000b32f400000] [id=3736]
  0x000001b848a21000 ConcurrentGCThread "G1 Refine#1" [stack: 0x000000b330a00000,0x000000b330b00000] [id=17788]
  0x000001b846e31800 ConcurrentGCThread "G1 Young RemSet Sampling" [stack: 0x000000b32f400000,0x000000b32f500000] [id=16748]

Threads with active compile tasks:
C2 CompilerThread03228747 18324       4       org.gradle.util.Path::toString (5 bytes)

VM state:not at safepoint (normal execution)

VM Mutex/Monitor currently owned by a thread: None

Heap address: 0x0000000080000000, size: 2048 MB, Compressed Oops mode: 32-bit
Narrow klass base: 0x0000000000000000, Narrow klass shift: 3
Compressed class space size: 1073741824 Address: 0x0000000100000000

Heap:
 garbage-first heap   total 187392K, used 141390K [0x0000000080000000, 0x0000000100000000)
  region size 1024K, 43 young (44032K), 1 survivors (1024K)
 Metaspace       used 121820K, capacity 125158K, committed 126844K, reserved 1159168K
  class space    used 15281K, capacity 16569K, committed 17356K, reserved 1048576K
Heap Regions: E=young(eden), S=young(survivor), O=old, HS=humongous(starts), HC=humongous(continues), CS=collection set, F=free, A=archive, TAMS=top-at-mark-start (previous, next)
|   0|0x0000000080000000, 0x0000000080100000, 0x0000000080100000|100%| O|  |TAMS 0x0000000080100000, 0x0000000080000000| Untracked 
|   1|0x0000000080100000, 0x0000000080200000, 0x0000000080200000|100%| O|  |TAMS 0x0000000080200000, 0x0000000080100000| Untracked 
|   2|0x0000000080200000, 0x0000000080300000, 0x0000000080300000|100%| O|  |TAMS 0x0000000080300000, 0x0000000080200000| Untracked 
|   3|0x0000000080300000, 0x0000000080400000, 0x0000000080400000|100%|HS|  |TAMS 0x0000000080400000, 0x0000000080300000| Complete 
|   4|0x0000000080400000, 0x0000000080500000, 0x0000000080500000|100%|HC|  |TAMS 0x0000000080500000, 0x0000000080400000| Complete 
|   5|0x0000000080500000, 0x0000000080600000, 0x0000000080600000|100%|HC|  |TAMS 0x0000000080600000, 0x0000000080500000| Complete 
|   6|0x0000000080600000, 0x0000000080700000, 0x0000000080700000|100%| O|  |TAMS 0x0000000080700000, 0x0000000080600000| Untracked 
|   7|0x0000000080700000, 0x0000000080800000, 0x0000000080800000|100%| O|  |TAMS 0x0000000080800000, 0x0000000080700000| Untracked 
|   8|0x0000000080800000, 0x0000000080900000, 0x0000000080900000|100%| O|  |TAMS 0x0000000080900000, 0x0000000080800000| Untracked 
|   9|0x0000000080900000, 0x0000000080a00000, 0x0000000080a00000|100%| O|  |TAMS 0x0000000080a00000, 0x0000000080900000| Untracked 
|  10|0x0000000080a00000, 0x0000000080b00000, 0x0000000080b00000|100%| O|  |TAMS 0x0000000080b00000, 0x0000000080a00000| Untracked 
|  11|0x0000000080b00000, 0x0000000080c00000, 0x0000000080c00000|100%| O|  |TAMS 0x0000000080c00000, 0x0000000080b00000| Untracked 
|  12|0x0000000080c00000, 0x0000000080d00000, 0x0000000080d00000|100%| O|  |TAMS 0x0000000080d00000, 0x0000000080c00000| Untracked 
|  13|0x0000000080d00000, 0x0000000080e00000, 0x0000000080e00000|100%| O|  |TAMS 0x0000000080e00000, 0x0000000080d00000| Untracked 
|  14|0x0000000080e00000, 0x0000000080f00000, 0x0000000080f00000|100%| O|  |TAMS 0x0000000080f00000, 0x0000000080e00000| Untracked 
|  15|0x0000000080f00000, 0x0000000081000000, 0x0000000081000000|100%| O|  |TAMS 0x0000000081000000, 0x0000000080f00000| Untracked 
|  16|0x0000000081000000, 0x0000000081100000, 0x0000000081100000|100%|HS|  |TAMS 0x0000000081100000, 0x0000000081000000| Complete 
|  17|0x0000000081100000, 0x0000000081200000, 0x0000000081200000|100%| O|  |TAMS 0x0000000081200000, 0x0000000081100000| Untracked 
|  18|0x0000000081200000, 0x0000000081300000, 0x0000000081300000|100%| O|  |TAMS 0x0000000081300000, 0x0000000081200000| Untracked 
|  19|0x0000000081300000, 0x0000000081400000, 0x0000000081400000|100%| O|  |TAMS 0x0000000081400000, 0x0000000081300000| Untracked 
|  20|0x0000000081400000, 0x0000000081500000, 0x0000000081500000|100%| O|  |TAMS 0x0000000081500000, 0x0000000081400000| Untracked 
|  21|0x0000000081500000, 0x0000000081600000, 0x0000000081600000|100%| O|  |TAMS 0x0000000081600000, 0x0000000081500000| Untracked 
|  22|0x0000000081600000, 0x0000000081700000, 0x0000000081700000|100%| O|  |TAMS 0x0000000081700000, 0x0000000081600000| Untracked 
|  23|0x0000000081700000, 0x0000000081800000, 0x0000000081800000|100%| O|  |TAMS 0x0000000081800000, 0x0000000081700000| Untracked 
|  24|0x0000000081800000, 0x0000000081900000, 0x0000000081900000|100%| O|  |TAMS 0x0000000081900000, 0x0000000081800000| Untracked 
|  25|0x0000000081900000, 0x0000000081a00000, 0x0000000081a00000|100%| O|  |TAMS 0x0000000081a00000, 0x0000000081900000| Untracked 
|  26|0x0000000081a00000, 0x0000000081a00000, 0x0000000081b00000|  0%| F|  |TAMS 0x0000000081a00000, 0x0000000081a00000| Untracked 
|  27|0x0000000081b00000, 0x0000000081c00000, 0x0000000081c00000|100%| O|  |TAMS 0x0000000081c00000, 0x0000000081b00000| Untracked 
|  28|0x0000000081c00000, 0x0000000081d00000, 0x0000000081d00000|100%|HS|  |TAMS 0x0000000081d00000, 0x0000000081c00000| Complete 
|  29|0x0000000081d00000, 0x0000000081e00000, 0x0000000081e00000|100%| O|  |TAMS 0x0000000081e00000, 0x0000000081d00000| Untracked 
|  30|0x0000000081e00000, 0x0000000081f00000, 0x0000000081f00000|100%|HS|  |TAMS 0x0000000081f00000, 0x0000000081e00000| Complete 
|  31|0x0000000081f00000, 0x0000000082000000, 0x0000000082000000|100%|HC|  |TAMS 0x0000000082000000, 0x0000000081f00000| Complete 
|  32|0x0000000082000000, 0x0000000082100000, 0x0000000082100000|100%| O|  |TAMS 0x0000000082100000, 0x0000000082000000| Untracked 
|  33|0x0000000082100000, 0x0000000082200000, 0x0000000082200000|100%| O|  |TAMS 0x0000000082200000, 0x0000000082100000| Untracked 
|  34|0x0000000082200000, 0x0000000082200000, 0x0000000082300000|  0%| F|  |TAMS 0x0000000082200000, 0x0000000082200000| Untracked 
|  35|0x0000000082300000, 0x0000000082400000, 0x0000000082400000|100%| O|  |TAMS 0x0000000082400000, 0x0000000082300000| Untracked 
|  36|0x0000000082400000, 0x0000000082400000, 0x0000000082500000|  0%| F|  |TAMS 0x0000000082400000, 0x0000000082400000| Untracked 
|  37|0x0000000082500000, 0x0000000082600000, 0x0000000082600000|100%| O|  |TAMS 0x0000000082600000, 0x0000000082500000| Untracked 
|  38|0x0000000082600000, 0x0000000082700000, 0x0000000082700000|100%| O|  |TAMS 0x0000000082700000, 0x0000000082600000| Untracked 
|  39|0x0000000082700000, 0x0000000082800000, 0x0000000082800000|100%| O|  |TAMS 0x0000000082800000, 0x0000000082700000| Untracked 
|  40|0x0000000082800000, 0x0000000082800000, 0x0000000082900000|  0%| F|  |TAMS 0x0000000082800000, 0x0000000082800000| Untracked 
|  41|0x0000000082900000, 0x0000000082a00000, 0x0000000082a00000|100%| O|  |TAMS 0x0000000082a00000, 0x0000000082900000| Untracked 
|  42|0x0000000082a00000, 0x0000000082b00000, 0x0000000082b00000|100%| O|  |TAMS 0x0000000082b00000, 0x0000000082a00000| Untracked 
|  43|0x0000000082b00000, 0x0000000082c00000, 0x0000000082c00000|100%| O|  |TAMS 0x0000000082c00000, 0x0000000082b00000| Untracked 
|  44|0x0000000082c00000, 0x0000000082c00000, 0x0000000082d00000|  0%| F|  |TAMS 0x0000000082c00000, 0x0000000082c00000| Untracked 
|  45|0x0000000082d00000, 0x0000000082e00000, 0x0000000082e00000|100%| O|  |TAMS 0x0000000082e00000, 0x0000000082d00000| Untracked 
|  46|0x0000000082e00000, 0x0000000082f00000, 0x0000000082f00000|100%| O|  |TAMS 0x0000000082f00000, 0x0000000082e00000| Untracked 
|  47|0x0000000082f00000, 0x0000000083000000, 0x0000000083000000|100%| O|  |TAMS 0x0000000083000000, 0x0000000082f00000| Untracked 
|  48|0x0000000083000000, 0x0000000083100000, 0x0000000083100000|100%| O|  |TAMS 0x0000000083100000, 0x0000000083000000| Untracked 
|  49|0x0000000083100000, 0x0000000083200000, 0x0000000083200000|100%| O|  |TAMS 0x0000000083135800, 0x0000000083100000| Untracked 
|  50|0x0000000083200000, 0x0000000083300000, 0x0000000083300000|100%|HS|  |TAMS 0x0000000083300000, 0x0000000083200000| Complete 
|  51|0x0000000083300000, 0x0000000083400000, 0x0000000083400000|100%|HC|  |TAMS 0x0000000083400000, 0x0000000083300000| Complete 
|  52|0x0000000083400000, 0x0000000083400000, 0x0000000083500000|  0%| F|  |TAMS 0x0000000083400000, 0x0000000083400000| Untracked 
|  53|0x0000000083500000, 0x0000000083600000, 0x0000000083600000|100%| O|  |TAMS 0x0000000083600000, 0x0000000083500000| Untracked 
|  54|0x0000000083600000, 0x0000000083600000, 0x0000000083700000|  0%| F|  |TAMS 0x0000000083600000, 0x0000000083600000| Untracked 
|  55|0x0000000083700000, 0x0000000083700000, 0x0000000083800000|  0%| F|  |TAMS 0x0000000083700000, 0x0000000083700000| Untracked 
|  56|0x0000000083800000, 0x0000000083900000, 0x0000000083900000|100%| O|  |TAMS 0x0000000083900000, 0x0000000083800000| Untracked 
|  57|0x0000000083900000, 0x0000000083900000, 0x0000000083a00000|  0%| F|  |TAMS 0x0000000083900000, 0x0000000083900000| Untracked 
|  58|0x0000000083a00000, 0x0000000083b00000, 0x0000000083b00000|100%| O|  |TAMS 0x0000000083b00000, 0x0000000083a00000| Untracked 
|  59|0x0000000083b00000, 0x0000000083c00000, 0x0000000083c00000|100%| O|  |TAMS 0x0000000083c00000, 0x0000000083b00000| Untracked 
|  60|0x0000000083c00000, 0x0000000083d00000, 0x0000000083d00000|100%| O|  |TAMS 0x0000000083d00000, 0x0000000083c00000| Untracked 
|  61|0x0000000083d00000, 0x0000000083e00000, 0x0000000083e00000|100%| O|  |TAMS 0x0000000083e00000, 0x0000000083d00000| Untracked 
|  62|0x0000000083e00000, 0x0000000083f00000, 0x0000000083f00000|100%| O|  |TAMS 0x0000000083e00000, 0x0000000083e00000| Untracked 
|  63|0x0000000083f00000, 0x0000000084000000, 0x0000000084000000|100%| O|  |TAMS 0x0000000084000000, 0x0000000083f00000| Untracked 
|  64|0x0000000084000000, 0x0000000084100000, 0x0000000084100000|100%| O|  |TAMS 0x0000000084100000, 0x0000000084000000| Untracked 
|  65|0x0000000084100000, 0x0000000084200000, 0x0000000084200000|100%| O|  |TAMS 0x0000000084200000, 0x0000000084100000| Untracked 
|  66|0x0000000084200000, 0x0000000084300000, 0x0000000084300000|100%| O|  |TAMS 0x0000000084300000, 0x0000000084200000| Untracked 
|  67|0x0000000084300000, 0x0000000084400000, 0x0000000084400000|100%| O|  |TAMS 0x0000000084400000, 0x0000000084300000| Untracked 
|  68|0x0000000084400000, 0x0000000084500000, 0x0000000084500000|100%| O|  |TAMS 0x0000000084500000, 0x0000000084400000| Untracked 
|  69|0x0000000084500000, 0x0000000084600000, 0x0000000084600000|100%| O|  |TAMS 0x0000000084600000, 0x0000000084500000| Untracked 
|  70|0x0000000084600000, 0x0000000084700000, 0x0000000084700000|100%| O|  |TAMS 0x0000000084700000, 0x0000000084600000| Untracked 
|  71|0x0000000084700000, 0x0000000084800000, 0x0000000084800000|100%| O|  |TAMS 0x0000000084800000, 0x0000000084700000| Untracked 
|  72|0x0000000084800000, 0x0000000084900000, 0x0000000084900000|100%| O|  |TAMS 0x0000000084900000, 0x0000000084800000| Untracked 
|  73|0x0000000084900000, 0x0000000084a00000, 0x0000000084a00000|100%| O|  |TAMS 0x0000000084a00000, 0x0000000084900000| Untracked 
|  74|0x0000000084a00000, 0x0000000084a00000, 0x0000000084b00000|  0%| F|  |TAMS 0x0000000084a00000, 0x0000000084a00000| Untracked 
|  75|0x0000000084b00000, 0x0000000084c00000, 0x0000000084c00000|100%| O|  |TAMS 0x0000000084c00000, 0x0000000084b00000| Untracked 
|  76|0x0000000084c00000, 0x0000000084d00000, 0x0000000084d00000|100%| O|  |TAMS 0x0000000084d00000, 0x0000000084c00000| Untracked 
|  77|0x0000000084d00000, 0x0000000084e00000, 0x0000000084e00000|100%| O|  |TAMS 0x0000000084e00000, 0x0000000084d00000| Untracked 
|  78|0x0000000084e00000, 0x0000000084e00000, 0x0000000084f00000|  0%| F|  |TAMS 0x0000000084e00000, 0x0000000084e00000| Untracked 
|  79|0x0000000084f00000, 0x0000000085000000, 0x0000000085000000|100%| O|  |TAMS 0x0000000085000000, 0x0000000084f00000| Untracked 
|  80|0x0000000085000000, 0x0000000085100000, 0x0000000085100000|100%| O|  |TAMS 0x0000000085100000, 0x0000000085000000| Untracked 
|  81|0x0000000085100000, 0x0000000085200000, 0x0000000085200000|100%| O|  |TAMS 0x0000000085100000, 0x0000000085100000| Untracked 
|  82|0x0000000085200000, 0x0000000085300000, 0x0000000085300000|100%| O|  |TAMS 0x0000000085300000, 0x0000000085200000| Untracked 
|  83|0x0000000085300000, 0x0000000085400000, 0x0000000085400000|100%| O|  |TAMS 0x0000000085400000, 0x0000000085300000| Untracked 
|  84|0x0000000085400000, 0x0000000085500000, 0x0000000085500000|100%| O|  |TAMS 0x0000000085500000, 0x0000000085400000| Untracked 
|  85|0x0000000085500000, 0x0000000085500000, 0x0000000085600000|  0%| F|  |TAMS 0x0000000085500000, 0x0000000085500000| Untracked 
|  86|0x0000000085600000, 0x0000000085600000, 0x0000000085700000|  0%| F|  |TAMS 0x0000000085600000, 0x0000000085600000| Untracked 
|  87|0x0000000085700000, 0x0000000085700000, 0x0000000085800000|  0%| F|  |TAMS 0x0000000085700000, 0x0000000085700000| Untracked 
|  88|0x0000000085800000, 0x0000000085800000, 0x0000000085900000|  0%| F|  |TAMS 0x0000000085800000, 0x0000000085800000| Untracked 
|  89|0x0000000085900000, 0x0000000085a00000, 0x0000000085a00000|100%| O|  |TAMS 0x0000000085900000, 0x0000000085900000| Untracked 
|  90|0x0000000085a00000, 0x0000000085b00000, 0x0000000085b00000|100%| O|  |TAMS 0x0000000085a00000, 0x0000000085a00000| Untracked 
|  91|0x0000000085b00000, 0x0000000085c00000, 0x0000000085c00000|100%| O|  |TAMS 0x0000000085c00000, 0x0000000085b00000| Untracked 
|  92|0x0000000085c00000, 0x0000000085d00000, 0x0000000085d00000|100%| O|  |TAMS 0x0000000085c00000, 0x0000000085c00000| Untracked 
|  93|0x0000000085d00000, 0x0000000085e00000, 0x0000000085e00000|100%| O|  |TAMS 0x0000000085e00000, 0x0000000085d00000| Untracked 
|  94|0x0000000085e00000, 0x0000000085f00000, 0x0000000085f00000|100%| O|  |TAMS 0x0000000085f00000, 0x0000000085e00000| Untracked 
|  95|0x0000000085f00000, 0x0000000085f00000, 0x0000000086000000|  0%| F|  |TAMS 0x0000000085f00000, 0x0000000085f00000| Untracked 
|  96|0x0000000086000000, 0x0000000086100000, 0x0000000086100000|100%| O|  |TAMS 0x0000000086100000, 0x0000000086000000| Untracked 
|  97|0x0000000086100000, 0x0000000086200000, 0x0000000086200000|100%| O|  |TAMS 0x0000000086200000, 0x0000000086100000| Untracked 
|  98|0x0000000086200000, 0x0000000086300000, 0x0000000086300000|100%| O|  |TAMS 0x0000000086300000, 0x0000000086200000| Untracked 
|  99|0x0000000086300000, 0x0000000086400000, 0x0000000086400000|100%| O|  |TAMS 0x0000000086400000, 0x0000000086300000| Untracked 
| 100|0x0000000086400000, 0x0000000086500000, 0x0000000086500000|100%| O|  |TAMS 0x0000000086500000, 0x0000000086400000| Untracked 
| 101|0x0000000086500000, 0x0000000086500000, 0x0000000086600000|  0%| F|  |TAMS 0x0000000086500000, 0x0000000086500000| Untracked 
| 102|0x0000000086600000, 0x0000000086700000, 0x0000000086700000|100%| O|  |TAMS 0x0000000086700000, 0x0000000086600000| Untracked 
| 103|0x0000000086700000, 0x0000000086800000, 0x0000000086800000|100%| O|  |TAMS 0x0000000086700000, 0x0000000086700000| Untracked 
| 104|0x0000000086800000, 0x0000000086900000, 0x0000000086900000|100%| O|  |TAMS 0x0000000086800000, 0x0000000086800000| Untracked 
| 105|0x0000000086900000, 0x0000000086a00000, 0x0000000086a00000|100%| O|  |TAMS 0x0000000086900000, 0x0000000086900000| Untracked 
| 106|0x0000000086a00000, 0x0000000086b00000, 0x0000000086b00000|100%| O|  |TAMS 0x0000000086a00000, 0x0000000086a00000| Untracked 
| 107|0x0000000086b00000, 0x0000000086c00000, 0x0000000086c00000|100%| O|  |TAMS 0x0000000086b00000, 0x0000000086b00000| Untracked 
| 108|0x0000000086c00000, 0x0000000086d00000, 0x0000000086d00000|100%| O|  |TAMS 0x0000000086c00000, 0x0000000086c00000| Untracked 
| 109|0x0000000086d00000, 0x0000000086e00000, 0x0000000086e00000|100%| O|  |TAMS 0x0000000086d00000, 0x0000000086d00000| Untracked 
| 110|0x0000000086e00000, 0x0000000086e51a00, 0x0000000086f00000| 31%| O|  |TAMS 0x0000000086e00000, 0x0000000086e00000| Untracked 
| 111|0x0000000086f00000, 0x0000000087000000, 0x0000000087000000|100%| O|  |TAMS 0x0000000086f00000, 0x0000000086f00000| Untracked 
| 112|0x0000000087000000, 0x0000000087100000, 0x0000000087100000|100%| O|  |TAMS 0x0000000087000000, 0x0000000087000000| Untracked 
| 113|0x0000000087100000, 0x0000000087200000, 0x0000000087200000|100%| O|  |TAMS 0x0000000087100000, 0x0000000087100000| Untracked 
| 114|0x0000000087200000, 0x0000000087300000, 0x0000000087300000|100%| O|  |TAMS 0x0000000087200000, 0x0000000087200000| Untracked 
| 115|0x0000000087300000, 0x0000000087300000, 0x0000000087400000|  0%| F|  |TAMS 0x0000000087300000, 0x0000000087300000| Untracked 
| 116|0x0000000087400000, 0x0000000087400000, 0x0000000087500000|  0%| F|  |TAMS 0x0000000087400000, 0x0000000087400000| Untracked 
| 117|0x0000000087500000, 0x0000000087500000, 0x0000000087600000|  0%| F|  |TAMS 0x0000000087500000, 0x0000000087500000| Untracked 
| 118|0x0000000087600000, 0x0000000087600000, 0x0000000087700000|  0%| F|  |TAMS 0x0000000087600000, 0x0000000087600000| Untracked 
| 119|0x0000000087700000, 0x0000000087700000, 0x0000000087800000|  0%| F|  |TAMS 0x0000000087700000, 0x0000000087700000| Untracked 
| 120|0x0000000087800000, 0x0000000087800000, 0x0000000087900000|  0%| F|  |TAMS 0x0000000087800000, 0x0000000087800000| Untracked 
| 121|0x0000000087900000, 0x0000000087900000, 0x0000000087a00000|  0%| F|  |TAMS 0x0000000087900000, 0x0000000087900000| Untracked 
| 122|0x0000000087a00000, 0x0000000087a00000, 0x0000000087b00000|  0%| F|  |TAMS 0x0000000087a00000, 0x0000000087a00000| Untracked 
| 123|0x0000000087b00000, 0x0000000087b00000, 0x0000000087c00000|  0%| F|  |TAMS 0x0000000087b00000, 0x0000000087b00000| Untracked 
| 124|0x0000000087c00000, 0x0000000087c00000, 0x0000000087d00000|  0%| F|  |TAMS 0x0000000087c00000, 0x0000000087c00000| Untracked 
| 125|0x0000000087d00000, 0x0000000087d00000, 0x0000000087e00000|  0%| F|  |TAMS 0x0000000087d00000, 0x0000000087d00000| Untracked 
| 126|0x0000000087e00000, 0x0000000087e00000, 0x0000000087f00000|  0%| F|  |TAMS 0x0000000087e00000, 0x0000000087e00000| Untracked 
| 127|0x0000000087f00000, 0x0000000087f00000, 0x0000000088000000|  0%| F|  |TAMS 0x0000000087f00000, 0x0000000087f00000| Untracked 
| 128|0x0000000088000000, 0x0000000088000000, 0x0000000088100000|  0%| F|  |TAMS 0x0000000088000000, 0x0000000088000000| Untracked 
| 129|0x0000000088100000, 0x0000000088100000, 0x0000000088200000|  0%| F|  |TAMS 0x0000000088100000, 0x0000000088100000| Untracked 
| 130|0x0000000088200000, 0x0000000088200000, 0x0000000088300000|  0%| F|  |TAMS 0x0000000088200000, 0x0000000088200000| Untracked 
| 131|0x0000000088300000, 0x0000000088300000, 0x0000000088400000|  0%| F|  |TAMS 0x0000000088300000, 0x0000000088300000| Untracked 
| 132|0x0000000088400000, 0x0000000088400000, 0x0000000088500000|  0%| F|  |TAMS 0x0000000088400000, 0x0000000088400000| Untracked 
| 133|0x0000000088500000, 0x0000000088500000, 0x0000000088600000|  0%| F|  |TAMS 0x0000000088500000, 0x0000000088500000| Untracked 
| 134|0x0000000088600000, 0x0000000088600000, 0x0000000088700000|  0%| F|  |TAMS 0x0000000088600000, 0x0000000088600000| Untracked 
| 135|0x0000000088700000, 0x0000000088700000, 0x0000000088800000|  0%| F|  |TAMS 0x0000000088700000, 0x0000000088700000| Untracked 
| 136|0x0000000088800000, 0x0000000088800000, 0x0000000088900000|  0%| F|  |TAMS 0x0000000088800000, 0x0000000088800000| Untracked 
| 137|0x0000000088900000, 0x0000000088900000, 0x0000000088a00000|  0%| F|  |TAMS 0x0000000088900000, 0x0000000088900000| Untracked 
| 138|0x0000000088a00000, 0x0000000088a00000, 0x0000000088b00000|  0%| F|  |TAMS 0x0000000088a00000, 0x0000000088a00000| Untracked 
| 139|0x0000000088b00000, 0x0000000088b00000, 0x0000000088c00000|  0%| F|  |TAMS 0x0000000088b00000, 0x0000000088b00000| Untracked 
| 140|0x0000000088c00000, 0x0000000088ca37b8, 0x0000000088d00000| 63%| E|  |TAMS 0x0000000088c00000, 0x0000000088c00000| Complete 
| 141|0x0000000088d00000, 0x0000000088e00000, 0x0000000088e00000|100%| E|CS|TAMS 0x0000000088d00000, 0x0000000088d00000| Complete 
| 142|0x0000000088e00000, 0x0000000088f00000, 0x0000000088f00000|100%| E|CS|TAMS 0x0000000088e00000, 0x0000000088e00000| Complete 
| 143|0x0000000088f00000, 0x0000000089000000, 0x0000000089000000|100%| E|CS|TAMS 0x0000000088f00000, 0x0000000088f00000| Complete 
| 144|0x0000000089000000, 0x0000000089100000, 0x0000000089100000|100%| E|CS|TAMS 0x0000000089000000, 0x0000000089000000| Complete 
| 145|0x0000000089100000, 0x0000000089200000, 0x0000000089200000|100%| E|CS|TAMS 0x0000000089100000, 0x0000000089100000| Complete 
| 146|0x0000000089200000, 0x0000000089300000, 0x0000000089300000|100%| E|CS|TAMS 0x0000000089200000, 0x0000000089200000| Complete 
| 147|0x0000000089300000, 0x0000000089400000, 0x0000000089400000|100%| E|CS|TAMS 0x0000000089300000, 0x0000000089300000| Complete 
| 148|0x0000000089400000, 0x0000000089500000, 0x0000000089500000|100%| E|CS|TAMS 0x0000000089400000, 0x0000000089400000| Complete 
| 149|0x0000000089500000, 0x0000000089600000, 0x0000000089600000|100%| E|CS|TAMS 0x0000000089500000, 0x0000000089500000| Complete 
| 150|0x0000000089600000, 0x0000000089700000, 0x0000000089700000|100%| E|CS|TAMS 0x0000000089600000, 0x0000000089600000| Complete 
| 151|0x0000000089700000, 0x0000000089800000, 0x0000000089800000|100%| E|CS|TAMS 0x0000000089700000, 0x0000000089700000| Complete 
| 152|0x0000000089800000, 0x0000000089900000, 0x0000000089900000|100%| E|CS|TAMS 0x0000000089800000, 0x0000000089800000| Complete 
| 153|0x0000000089900000, 0x0000000089a00000, 0x0000000089a00000|100%| E|CS|TAMS 0x0000000089900000, 0x0000000089900000| Complete 
| 154|0x0000000089a00000, 0x0000000089b00000, 0x0000000089b00000|100%| E|CS|TAMS 0x0000000089a00000, 0x0000000089a00000| Complete 
| 155|0x0000000089b00000, 0x0000000089c00000, 0x0000000089c00000|100%| E|CS|TAMS 0x0000000089b00000, 0x0000000089b00000| Complete 
| 156|0x0000000089c00000, 0x0000000089d00000, 0x0000000089d00000|100%| E|CS|TAMS 0x0000000089c00000, 0x0000000089c00000| Complete 
| 157|0x0000000089d00000, 0x0000000089e00000, 0x0000000089e00000|100%| E|CS|TAMS 0x0000000089d00000, 0x0000000089d00000| Complete 
| 158|0x0000000089e00000, 0x0000000089f00000, 0x0000000089f00000|100%| E|CS|TAMS 0x0000000089e00000, 0x0000000089e00000| Complete 
| 159|0x0000000089f00000, 0x000000008a000000, 0x000000008a000000|100%| E|CS|TAMS 0x0000000089f00000, 0x0000000089f00000| Complete 
| 160|0x000000008a000000, 0x000000008a100000, 0x000000008a100000|100%| E|CS|TAMS 0x000000008a000000, 0x000000008a000000| Complete 
| 161|0x000000008a100000, 0x000000008a200000, 0x000000008a200000|100%| E|CS|TAMS 0x000000008a100000, 0x000000008a100000| Complete 
| 162|0x000000008a200000, 0x000000008a300000, 0x000000008a300000|100%| E|CS|TAMS 0x000000008a200000, 0x000000008a200000| Complete 
| 163|0x000000008a300000, 0x000000008a400000, 0x000000008a400000|100%| E|CS|TAMS 0x000000008a300000, 0x000000008a300000| Complete 
| 164|0x000000008a400000, 0x000000008a500000, 0x000000008a500000|100%| E|CS|TAMS 0x000000008a400000, 0x000000008a400000| Complete 
| 165|0x000000008a500000, 0x000000008a600000, 0x000000008a600000|100%| E|CS|TAMS 0x000000008a500000, 0x000000008a500000| Complete 
| 166|0x000000008a600000, 0x000000008a700000, 0x000000008a700000|100%| E|CS|TAMS 0x000000008a600000, 0x000000008a600000| Complete 
| 167|0x000000008a700000, 0x000000008a800000, 0x000000008a800000|100%| E|CS|TAMS 0x000000008a700000, 0x000000008a700000| Complete 
| 168|0x000000008a800000, 0x000000008a900000, 0x000000008a900000|100%| E|  |TAMS 0x000000008a800000, 0x000000008a800000| Complete 
| 169|0x000000008a900000, 0x000000008aa00000, 0x000000008aa00000|100%| E|CS|TAMS 0x000000008a900000, 0x000000008a900000| Complete 
| 170|0x000000008aa00000, 0x000000008ab00000, 0x000000008ab00000|100%| E|CS|TAMS 0x000000008aa00000, 0x000000008aa00000| Complete 
| 171|0x000000008ab00000, 0x000000008ac00000, 0x000000008ac00000|100%| E|CS|TAMS 0x000000008ab00000, 0x000000008ab00000| Complete 
| 172|0x000000008ac00000, 0x000000008ad00000, 0x000000008ad00000|100%| E|CS|TAMS 0x000000008ac00000, 0x000000008ac00000| Complete 
| 173|0x000000008ad00000, 0x000000008ae00000, 0x000000008ae00000|100%| E|CS|TAMS 0x000000008ad00000, 0x000000008ad00000| Complete 
| 174|0x000000008ae00000, 0x000000008af00000, 0x000000008af00000|100%| E|CS|TAMS 0x000000008ae00000, 0x000000008ae00000| Complete 
| 175|0x000000008af00000, 0x000000008b000000, 0x000000008b000000|100%| E|CS|TAMS 0x000000008af00000, 0x000000008af00000| Complete 
| 176|0x000000008b000000, 0x000000008b0c1fc0, 0x000000008b100000| 75%| S|CS|TAMS 0x000000008b000000, 0x000000008b000000| Complete 
| 177|0x000000008b100000, 0x000000008b200000, 0x000000008b200000|100%| E|CS|TAMS 0x000000008b100000, 0x000000008b100000| Complete 
| 178|0x000000008b200000, 0x000000008b300000, 0x000000008b300000|100%| E|CS|TAMS 0x000000008b200000, 0x000000008b200000| Complete 
| 179|0x000000008b300000, 0x000000008b400000, 0x000000008b400000|100%| E|CS|TAMS 0x000000008b300000, 0x000000008b300000| Complete 
| 180|0x000000008b400000, 0x000000008b500000, 0x000000008b500000|100%| E|CS|TAMS 0x000000008b400000, 0x000000008b400000| Complete 
| 181|0x000000008b500000, 0x000000008b600000, 0x000000008b600000|100%| E|CS|TAMS 0x000000008b500000, 0x000000008b500000| Complete 
| 182|0x000000008b600000, 0x000000008b700000, 0x000000008b700000|100%| E|CS|TAMS 0x000000008b600000, 0x000000008b600000| Complete 

Card table byte_map: [0x000001b83fd90000,0x000001b840190000] _byte_map_base: 0x000001b83f990000

Marking Bits (Prev, Next): (CMBitMap*) 0x000001b82cb90e50, (CMBitMap*) 0x000001b82cb90e18
 Prev Bits: [0x000001b842590000, 0x000001b844590000)
 Next Bits: [0x000001b840590000, 0x000001b842590000)

Polling page: 0x000001b82c320000

Metaspace:

Usage:
  Non-class:    106.04 MB capacity,   104.04 MB ( 98%) used,     1.60 MB (  2%) free+waste,   409.94 KB ( <1%) overhead. 
      Class:     16.18 MB capacity,    14.92 MB ( 92%) used,     1.08 MB (  7%) free+waste,   182.75 KB (  1%) overhead. 
       Both:    122.22 MB capacity,   118.97 MB ( 97%) used,     2.68 MB (  2%) free+waste,   592.69 KB ( <1%) overhead. 

Virtual space:
  Non-class space:      108.00 MB reserved,     106.92 MB (>99%) committed 
      Class space:        1.00 GB reserved,      16.95 MB (  2%) committed 
             Both:        1.11 GB reserved,     123.87 MB ( 11%) committed 

Chunk freelists:
   Non-Class:  835.00 KB
       Class:  775.00 KB
        Both:  1.57 MB

MaxMetaspaceSize: 17179869184.00 GB
CompressedClassSpaceSize: 1.00 GB
Initial GC threshold: 20.80 MB
Current GC threshold: 205.62 MB
CDS: off

CodeHeap 'non-profiled nmethods': size=120000Kb used=11454Kb max_used=11454Kb free=108545Kb
 bounds [0x000001b838130000, 0x000001b838c60000, 0x000001b83f660000]
CodeHeap 'profiled nmethods': size=120000Kb used=38445Kb max_used=38445Kb free=81554Kb
 bounds [0x000001b830c00000, 0x000001b833190000, 0x000001b838130000]
CodeHeap 'non-nmethods': size=5760Kb used=2442Kb max_used=2497Kb free=3317Kb
 bounds [0x000001b830660000, 0x000001b8308e0000, 0x000001b830c00000]
 total_blobs=18951 nmethods=17986 adapters=875
 compilation: enabled
              stopped_count=0, restarted_count=0
 full_count=0

Compilation events (20 events):
Event: 3228.190 Thread 0x000001b847002000 nmethod 18314 0x000001b838c5c510 code [0x000001b838c5c6c0, 0x000001b838c5cc18]
Event: 3228.336 Thread 0x000001b847002000 18315       4       org.gradle.internal.snapshot.DirectorySnapshot::accept (108 bytes)
Event: 3228.388 Thread 0x000001b847002000 nmethod 18315 0x000001b838c5ce90 code [0x000001b838c5d080, 0x000001b838c5d8b8]
Event: 3228.474 Thread 0x000001b847955000 18316       1       net.rubygrapefruit.platform.internal.jni.NativeLogger$LogLevel::getLevel (5 bytes)
Event: 3228.475 Thread 0x000001b847955000 nmethod 18316 0x000001b838c5de90 code [0x000001b838c5e040, 0x000001b838c5e0f8]
Event: 3228.487 Thread 0x000001b847955000 18317       3       java.util.concurrent.atomic.AtomicLong::<init> (5 bytes)
Event: 3228.487 Thread 0x000001b847955000 nmethod 18317 0x000001b833186610 code [0x000001b8331867c0, 0x000001b833186978]
Event: 3228.521 Thread 0x000001b847002000 18318       4       org.gradle.api.internal.artifacts.repositories.resolver.AbstractResourcePattern::isOptionalToken (153 bytes)
Event: 3228.564 Thread 0x000001b847002000 nmethod 18318 0x000001b838c5e190 code [0x000001b838c5e340, 0x000001b838c5f038]
Event: 3228.583 Thread 0x000001b847955000 18319       3       java.lang.StringBuilder::charAt (6 bytes)
Event: 3228.584 Thread 0x000001b847955000 nmethod 18319 0x000001b833186a90 code [0x000001b833186c40, 0x000001b833186d68]
Event: 3228.611 Thread 0x000001b847955000 18320       3       org.codehaus.groovy.runtime.metaclass.MetaClassRegistryImpl::getMetaClass (8 bytes)
Event: 3228.624 Thread 0x000001b847002000 18322       4       java.io.File::isAbsolute (8 bytes)
Event: 3228.626 Thread 0x000001b847002000 nmethod 18322 0x000001b838c5f310 code [0x000001b838c5f4a0, 0x000001b838c5f538]
Event: 3228.627 Thread 0x000001b847955000 nmethod 18320 0x000001b833186e10 code [0x000001b833187200, 0x000001b833188d38]
Event: 3228.627 Thread 0x000001b847955000 18321       3       groovy.lang.MetaClassImpl::checkInitalised (58 bytes)
Event: 3228.630 Thread 0x000001b847955000 nmethod 18321 0x000001b833189790 code [0x000001b833189aa0, 0x000001b83318a918]
Event: 3228.640 Thread 0x000001b847955000 18323       1       org.gradle.initialization.DefaultProjectDescriptor::getParent (5 bytes)
Event: 3228.640 Thread 0x000001b847955000 nmethod 18323 0x000001b838c5f610 code [0x000001b838c5f7c0, 0x000001b838c5f878]
Event: 3228.643 Thread 0x000001b847002000 18324       4       org.gradle.util.Path::toString (5 bytes)

GC Heap History (20 events):
Event: 2541.515 GC heap before
{Heap before GC invocations=42 (full 0):
 garbage-first heap   total 187392K, used 149783K [0x0000000080000000, 0x0000000100000000)
  region size 1024K, 55 young (56320K), 2 survivors (2048K)
 Metaspace       used 118802K, capacity 121736K, committed 124796K, reserved 1157120K
  class space    used 15115K, capacity 16272K, committed 17356K, reserved 1048576K
}
Event: 2541.540 GC heap after
{Heap after GC invocations=43 (full 0):
 garbage-first heap   total 187392K, used 99270K [0x0000000080000000, 0x0000000100000000)
  region size 1024K, 5 young (5120K), 5 survivors (5120K)
 Metaspace       used 118802K, capacity 121736K, committed 124796K, reserved 1157120K
  class space    used 15115K, capacity 16272K, committed 17356K, reserved 1048576K
}
Event: 2541.549 GC heap before
{Heap before GC invocations=43 (full 0):
 garbage-first heap   total 187392K, used 103366K [0x0000000080000000, 0x0000000100000000)
  region size 1024K, 9 young (9216K), 5 survivors (5120K)
 Metaspace       used 118802K, capacity 121736K, committed 124796K, reserved 1157120K
  class space    used 15115K, capacity 16272K, committed 17356K, reserved 1048576K
}
Event: 2541.659 GC heap after
{Heap after GC invocations=44 (full 0):
 garbage-first heap   total 187392K, used 85613K [0x0000000080000000, 0x0000000100000000)
  region size 1024K, 1 young (1024K), 1 survivors (1024K)
 Metaspace       used 118802K, capacity 121736K, committed 124796K, reserved 1157120K
  class space    used 15115K, capacity 16272K, committed 17356K, reserved 1048576K
}
Event: 2541.699 GC heap before
{Heap before GC invocations=44 (full 0):
 garbage-first heap   total 187392K, used 93805K [0x0000000080000000, 0x0000000100000000)
  region size 1024K, 9 young (9216K), 1 survivors (1024K)
 Metaspace       used 118804K, capacity 121736K, committed 124796K, reserved 1157120K
  class space    used 15115K, capacity 16272K, committed 17356K, reserved 1048576K
}
Event: 2541.712 GC heap after
{Heap after GC invocations=45 (full 0):
 garbage-first heap   total 187392K, used 82457K [0x0000000080000000, 0x0000000100000000)
  region size 1024K, 1 young (1024K), 1 survivors (1024K)
 Metaspace       used 118804K, capacity 121736K, committed 124796K, reserved 1157120K
  class space    used 15115K, capacity 16272K, committed 17356K, reserved 1048576K
}
Event: 2541.749 GC heap before
{Heap before GC invocations=45 (full 0):
 garbage-first heap   total 187392K, used 90649K [0x0000000080000000, 0x0000000100000000)
  region size 1024K, 9 young (9216K), 1 survivors (1024K)
 Metaspace       used 118804K, capacity 121736K, committed 124796K, reserved 1157120K
  class space    used 15115K, capacity 16272K, committed 17356K, reserved 1048576K
}
Event: 2541.756 GC heap after
{Heap after GC invocations=46 (full 0):
 garbage-first heap   total 187392K, used 82685K [0x0000000080000000, 0x0000000100000000)
  region size 1024K, 1 young (1024K), 1 survivors (1024K)
 Metaspace       used 118804K, capacity 121736K, committed 124796K, reserved 1157120K
  class space    used 15115K, capacity 16272K, committed 17356K, reserved 1048576K
}
Event: 3106.628 GC heap before
{Heap before GC invocations=46 (full 0):
 garbage-first heap   total 187392K, used 145149K [0x0000000080000000, 0x0000000100000000)
  region size 1024K, 63 young (64512K), 1 survivors (1024K)
 Metaspace       used 119763K, capacity 122800K, committed 125308K, reserved 1157120K
  class space    used 15177K, capacity 16379K, committed 17356K, reserved 1048576K
}
Event: 3106.747 GC heap after
{Heap after GC invocations=47 (full 0):
 garbage-first heap   total 187392K, used 88473K [0x0000000080000000, 0x0000000100000000)
  region size 1024K, 7 young (7168K), 7 survivors (7168K)
 Metaspace       used 119763K, capacity 122800K, committed 125308K, reserved 1157120K
  class space    used 15177K, capacity 16379K, committed 17356K, reserved 1048576K
}
Event: 3109.700 GC heap before
{Heap before GC invocations=48 (full 0):
 garbage-first heap   total 187392K, used 149913K [0x0000000080000000, 0x0000000100000000)
  region size 1024K, 66 young (67584K), 7 survivors (7168K)
 Metaspace       used 120287K, capacity 123396K, committed 125820K, reserved 1157120K
  class space    used 15185K, capacity 16394K, committed 17356K, reserved 1048576K
}
Event: 3109.750 GC heap after
{Heap after GC invocations=49 (full 0):
 garbage-first heap   total 187392K, used 99485K [0x0000000080000000, 0x0000000100000000)
  region size 1024K, 9 young (9216K), 9 survivors (9216K)
 Metaspace       used 120287K, capacity 123396K, committed 125820K, reserved 1157120K
  class space    used 15185K, capacity 16394K, committed 17356K, reserved 1048576K
}
Event: 3109.829 GC heap before
{Heap before GC invocations=49 (full 0):
 garbage-first heap   total 187392K, used 100509K [0x0000000080000000, 0x0000000100000000)
  region size 1024K, 10 young (10240K), 9 survivors (9216K)
 Metaspace       used 120287K, capacity 123396K, committed 125820K, reserved 1157120K
  class space    used 15185K, capacity 16394K, committed 17356K, reserved 1048576K
}
Event: 3109.863 GC heap after
{Heap after GC invocations=50 (full 0):
 garbage-first heap   total 187392K, used 98716K [0x0000000080000000, 0x0000000100000000)
  region size 1024K, 2 young (2048K), 2 survivors (2048K)
 Metaspace       used 120287K, capacity 123396K, committed 125820K, reserved 1157120K
  class space    used 15185K, capacity 16394K, committed 17356K, reserved 1048576K
}
Event: 3110.844 GC heap before
{Heap before GC invocations=50 (full 0):
 garbage-first heap   total 187392K, used 147868K [0x0000000080000000, 0x0000000100000000)
  region size 1024K, 51 young (52224K), 2 survivors (2048K)
 Metaspace       used 120917K, capacity 124073K, committed 126332K, reserved 1159168K
  class space    used 15213K, capacity 16444K, committed 17356K, reserved 1048576K
}
Event: 3110.862 GC heap after
{Heap after GC invocations=51 (full 0):
 garbage-first heap   total 187392K, used 106710K [0x0000000080000000, 0x0000000100000000)
  region size 1024K, 7 young (7168K), 7 survivors (7168K)
 Metaspace       used 120917K, capacity 124073K, committed 126332K, reserved 1159168K
  class space    used 15213K, capacity 16444K, committed 17356K, reserved 1048576K
}
Event: 3200.776 GC heap before
{Heap before GC invocations=52 (full 0):
 garbage-first heap   total 187392K, used 158934K [0x0000000080000000, 0x0000000100000000)
  region size 1024K, 49 young (50176K), 7 survivors (7168K)
 Metaspace       used 121390K, capacity 124634K, committed 126588K, reserved 1159168K
  class space    used 15244K, capacity 16500K, committed 17356K, reserved 1048576K
}
Event: 3200.943 GC heap after
{Heap after GC invocations=53 (full 0):
 garbage-first heap   total 187392K, used 109738K [0x0000000080000000, 0x0000000100000000)
  region size 1024K, 3 young (3072K), 3 survivors (3072K)
 Metaspace       used 121390K, capacity 124634K, committed 126588K, reserved 1159168K
  class space    used 15244K, capacity 16500K, committed 17356K, reserved 1048576K
}
Event: 3201.139 GC heap before
{Heap before GC invocations=53 (full 0):
 garbage-first heap   total 187392K, used 115882K [0x0000000080000000, 0x0000000100000000)
  region size 1024K, 9 young (9216K), 3 survivors (3072K)
 Metaspace       used 121405K, capacity 124639K, committed 126588K, reserved 1159168K
  class space    used 15244K, capacity 16501K, committed 17356K, reserved 1048576K
}
Event: 3201.275 GC heap after
{Heap after GC invocations=54 (full 0):
 garbage-first heap   total 187392K, used 100430K [0x0000000080000000, 0x0000000100000000)
  region size 1024K, 1 young (1024K), 1 survivors (1024K)
 Metaspace       used 121405K, capacity 124639K, committed 126588K, reserved 1159168K
  class space    used 15244K, capacity 16501K, committed 17356K, reserved 1048576K
}

Deoptimization events (20 events):
Event: 3202.273 Thread 0x000001b854cb8000 DEOPT PACKING pc=0x000001b832d7bb30 sp=0x000000b3305f8730
Event: 3202.274 Thread 0x000001b854cb8000 DEOPT UNPACKING pc=0x000001b8306a9d0e sp=0x000000b3305f7c70 mode 0
Event: 3202.301 Thread 0x000001b854cb8000 DEOPT PACKING pc=0x000001b832d7bb30 sp=0x000000b3305f8740
Event: 3202.301 Thread 0x000001b854cb8000 DEOPT UNPACKING pc=0x000001b8306a9d0e sp=0x000000b3305f7c80 mode 0
Event: 3202.302 Thread 0x000001b854cb8000 DEOPT PACKING pc=0x000001b832d7bb30 sp=0x000000b3305f8670
Event: 3202.302 Thread 0x000001b854cb8000 DEOPT UNPACKING pc=0x000001b8306a9d0e sp=0x000000b3305f7bb0 mode 0
Event: 3202.445 Thread 0x000001b854cb8000 DEOPT PACKING pc=0x000001b831cc369e sp=0x000000b3305f8a60
Event: 3202.446 Thread 0x000001b854cb8000 DEOPT UNPACKING pc=0x000001b8306a9d0e sp=0x000000b3305f7fb0 mode 0
Event: 3202.551 Thread 0x000001b850f70000 DEOPT PACKING pc=0x000001b8313e9d71 sp=0x000000b337dfdf00
Event: 3202.553 Thread 0x000001b850f70000 DEOPT UNPACKING pc=0x000001b8306a9d0e sp=0x000000b337dfd3f8 mode 0
Event: 3203.479 Thread 0x000001b850f70000 Uncommon trap: trap_request=0xffffffc6 fr.pc=0x000001b8387753dc relative=0x00000000000002fc
Event: 3203.480 Thread 0x000001b850f70000 Uncommon trap: reason=bimorphic_or_optimized_type_check action=maybe_recompile pc=0x000001b8387753dc method=org.gradle.internal.snapshot.ChildMapFactory.childMapFromSorted(Ljava/util/List;)Lorg/gradle/internal/snapshot/ChildMap; @ 1 c2
Event: 3203.480 Thread 0x000001b850f70000 DEOPT PACKING pc=0x000001b8387753dc sp=0x000000b337dfe1d0
Event: 3203.480 Thread 0x000001b850f70000 DEOPT UNPACKING pc=0x000001b8306685af sp=0x000000b337dfe198 mode 2
Event: 3204.139 Thread 0x000001b854cba800 Uncommon trap: trap_request=0xffffff4d fr.pc=0x000001b838a09490 relative=0x0000000000000890
Event: 3204.139 Thread 0x000001b854cba800 Uncommon trap: reason=unstable_if action=reinterpret pc=0x000001b838a09490 method=org.slf4j.helpers.MessageFormatter.deeplyAppendParameter(Ljava/lang/StringBuilder;Ljava/lang/Object;Ljava/util/Map;)V @ 1 c2
Event: 3204.139 Thread 0x000001b854cba800 DEOPT PACKING pc=0x000001b838a09490 sp=0x000000b32ecfe8d0
Event: 3204.139 Thread 0x000001b854cba800 DEOPT UNPACKING pc=0x000001b8306685af sp=0x000000b32ecfe8c8 mode 2
Event: 3228.520 Thread 0x000001b854cb8000 DEOPT PACKING pc=0x000001b831408151 sp=0x000000b3305f8a00
Event: 3228.521 Thread 0x000001b854cb8000 DEOPT UNPACKING pc=0x000001b8306a9d0e sp=0x000000b3305f7f38 mode 0

Classes redefined (0 events):
No events

Internal exceptions (20 events):
Event: 3111.299 Thread 0x000001b84d97b000 Exception <a 'java/lang/NoSuchMethodError'{0x000000008a8a1188}: <clinit>> (0x000000008a8a1188) thrown at [./src/hotspot/share/prims/jni.cpp, line 1366]
Event: 3111.443 Thread 0x000001b854cb9800 Implicit null exception at 0x000001b83895116d to 0x000001b838951198
Event: 3111.443 Thread 0x000001b854cb9800 Implicit null exception at 0x000001b838931beb to 0x000001b838931c0c
Event: 3111.488 Thread 0x000001b854cc2800 Exception <a 'sun/nio/fs/WindowsException'{0x000000008a0e8ee8}> (0x000000008a0e8ee8) thrown at [./src/hotspot/share/prims/jni.cpp, line 616]
Event: 3111.495 Thread 0x000001b84d868000 Exception <a 'sun/nio/fs/WindowsException'{0x000000008a0d42c0}> (0x000000008a0d42c0) thrown at [./src/hotspot/share/prims/jni.cpp, line 616]
Event: 3111.495 Thread 0x000001b84d868000 Exception <a 'sun/nio/fs/WindowsException'{0x000000008a0d4340}> (0x000000008a0d4340) thrown at [./src/hotspot/share/prims/jni.cpp, line 616]
Event: 3111.495 Thread 0x000001b84d868000 Exception <a 'sun/nio/fs/WindowsException'{0x000000008a0d5ce0}> (0x000000008a0d5ce0) thrown at [./src/hotspot/share/prims/jni.cpp, line 616]
Event: 3201.514 Thread 0x000001b854cb8000 Exception <a 'sun/nio/fs/WindowsException'{0x000000008b426d78}> (0x000000008b426d78) thrown at [./src/hotspot/share/prims/jni.cpp, line 616]
Event: 3202.018 Thread 0x000001b854cb8000 Exception <a 'java/lang/NoClassDefFoundError'{0x000000008b1fc5e0}: org/jetbrains/kotlin/gradle/plugin/KotlinBasePluginWrapper> (0x000000008b1fc5e0) thrown at [./src/hotspot/share/oops/constantPool.cpp, line 775]
Event: 3202.231 Thread 0x000001b854cb8000 Exception <a 'sun/nio/fs/WindowsException'{0x000000008add36a0}> (0x000000008add36a0) thrown at [./src/hotspot/share/prims/jni.cpp, line 616]
Event: 3202.294 Thread 0x000001b854cb8000 Exception <a 'sun/nio/fs/WindowsException'{0x000000008ac7b7e0}> (0x000000008ac7b7e0) thrown at [./src/hotspot/share/prims/jni.cpp, line 616]
Event: 3202.295 Thread 0x000001b854cb8000 Exception <a 'sun/nio/fs/WindowsException'{0x000000008ac7cb88}> (0x000000008ac7cb88) thrown at [./src/hotspot/share/prims/jni.cpp, line 616]
Event: 3202.295 Thread 0x000001b854cb8000 Exception <a 'sun/nio/fs/WindowsException'{0x000000008ac7df80}> (0x000000008ac7df80) thrown at [./src/hotspot/share/prims/jni.cpp, line 616]
Event: 3202.295 Thread 0x000001b854cb8000 Exception <a 'sun/nio/fs/WindowsException'{0x000000008ac7f378}> (0x000000008ac7f378) thrown at [./src/hotspot/share/prims/jni.cpp, line 616]
Event: 3202.472 Thread 0x000001b854cb8000 Exception <a 'sun/nio/fs/WindowsException'{0x000000008a96eab8}> (0x000000008a96eab8) thrown at [./src/hotspot/share/prims/jni.cpp, line 616]
Event: 3203.863 Thread 0x000001b854cb8000 Exception <a 'sun/nio/fs/WindowsException'{0x00000000891d8320}> (0x00000000891d8320) thrown at [./src/hotspot/share/prims/jni.cpp, line 616]
Event: 3203.863 Thread 0x000001b854cb8000 Exception <a 'sun/nio/fs/WindowsException'{0x00000000891d83a0}> (0x00000000891d83a0) thrown at [./src/hotspot/share/prims/jni.cpp, line 616]
Event: 3203.865 Thread 0x000001b854cb8000 Exception <a 'sun/nio/fs/WindowsException'{0x00000000891d9d40}> (0x00000000891d9d40) thrown at [./src/hotspot/share/prims/jni.cpp, line 616]
Event: 3203.910 Thread 0x000001b84acbb000 Exception <a 'sun/nio/fs/WindowsException'{0x00000000891ef790}> (0x00000000891ef790) thrown at [./src/hotspot/share/prims/jni.cpp, line 616]
Event: 3204.139 Thread 0x000001b854cba800 Implicit null exception at 0x000001b838a08c19 to 0x000001b838a09474

Events (20 events):
Event: 3204.116 Thread 0x000001b854cbf000 Thread exited: 0x000001b854cbf000
Event: 3204.123 Executing VM operation: RevokeBias
Event: 3204.123 Executing VM operation: RevokeBias done
Event: 3204.124 Thread 0x000001b854cbd000 Thread exited: 0x000001b854cbd000
Event: 3204.138 Thread 0x000001b854cb9800 Thread exited: 0x000001b854cb9800
Event: 3204.141 Executing VM operation: RevokeBias
Event: 3204.141 Executing VM operation: RevokeBias done
Event: 3204.145 Executing VM operation: RevokeBias
Event: 3204.145 Executing VM operation: RevokeBias done
Event: 3204.148 Thread 0x000001b854cb8800 Thread exited: 0x000001b854cb8800
Event: 3227.578 Thread 0x000001b84acbb000 Thread added: 0x000001b84acbb000
Event: 3227.685 Thread 0x000001b84acb7800 Thread added: 0x000001b84acb7800
Event: 3227.749 Thread 0x000001b84acbb800 Thread added: 0x000001b84acbb800
Event: 3227.768 Thread 0x000001b84acb6000 Thread added: 0x000001b84acb6000
Event: 3227.772 Thread 0x000001b84acc0800 Thread added: 0x000001b84acc0800
Event: 3228.456 Thread 0x000001b84acbd800 Thread added: 0x000001b84acbd800
Event: 3228.488 Thread 0x000001b84acc2000 Thread added: 0x000001b84acc2000
Event: 3228.511 Thread 0x000001b84acc1800 Thread added: 0x000001b84acc1800
Event: 3228.516 Thread 0x000001b84acbc800 Thread added: 0x000001b84acbc800
Event: 3228.647 Thread 0x000001b84acbe000 Thread added: 0x000001b84acbe000


Dynamic libraries:
0x00007ff7a2e50000 - 0x00007ff7a2e5a000 	C:\Program Files\Android\Android Studio\jre\bin\java.exe
0x00007ffbd4c30000 - 0x00007ffbd4e44000 	C:\WINDOWS\SYSTEM32\ntdll.dll
0x00007ffbd3f80000 - 0x00007ffbd4043000 	C:\WINDOWS\System32\KERNEL32.DLL
0x00007ffbd23e0000 - 0x00007ffbd277c000 	C:\WINDOWS\System32\KERNELBASE.dll
0x00007ffbd2920000 - 0x00007ffbd2a31000 	C:\WINDOWS\System32\ucrtbase.dll
0x00007ffbc1510000 - 0x00007ffbc1527000 	C:\Program Files\Android\Android Studio\jre\bin\VCRUNTIME140.dll
0x00007ffbc2540000 - 0x00007ffbc2559000 	C:\Program Files\Android\Android Studio\jre\bin\jli.dll
0x00007ffbd4050000 - 0x00007ffbd41fd000 	C:\WINDOWS\System32\USER32.dll
0x00007ffbd2110000 - 0x00007ffbd2136000 	C:\WINDOWS\System32\win32u.dll
0x00007ffbd3780000 - 0x00007ffbd37a9000 	C:\WINDOWS\System32\GDI32.dll
0x00007ffbd2780000 - 0x00007ffbd2892000 	C:\WINDOWS\System32\gdi32full.dll
0x00007ffbaa720000 - 0x00007ffbaa9ae000 	C:\WINDOWS\WinSxS\amd64_microsoft.windows.common-controls_6595b64144ccf1df_6.0.22621.608_none_a9444ca7c10bb01d\COMCTL32.dll
0x00007ffbd2070000 - 0x00007ffbd210a000 	C:\WINDOWS\System32\msvcp_win.dll
0x00007ffbd4200000 - 0x00007ffbd42a7000 	C:\WINDOWS\System32\msvcrt.dll
0x00007ffbd3230000 - 0x00007ffbd3262000 	C:\WINDOWS\System32\IMM32.DLL
0x00007ffbb9230000 - 0x00007ffbb92cd000 	C:\Program Files\Android\Android Studio\jre\bin\msvcp140.dll
0x00007ffb918a0000 - 0x00007ffb923a2000 	C:\Program Files\Android\Android Studio\jre\bin\server\jvm.dll
0x00007ffbd4b40000 - 0x00007ffbd4bee000 	C:\WINDOWS\System32\ADVAPI32.dll
0x00007ffbd3910000 - 0x00007ffbd39b4000 	C:\WINDOWS\System32\sechost.dll
0x00007ffbd42b0000 - 0x00007ffbd43c5000 	C:\WINDOWS\System32\RPCRT4.dll
0x00007ffbd3e50000 - 0x00007ffbd3e58000 	C:\WINDOWS\System32\PSAPI.DLL
0x00007ffbca410000 - 0x00007ffbca41a000 	C:\WINDOWS\SYSTEM32\VERSION.dll
0x00007ffbcfac0000 - 0x00007ffbcfaf4000 	C:\WINDOWS\SYSTEM32\WINMM.dll
0x00007ffbb6f90000 - 0x00007ffbb6f99000 	C:\WINDOWS\SYSTEM32\WSOCK32.dll
0x00007ffbd3280000 - 0x00007ffbd32f1000 	C:\WINDOWS\System32\WS2_32.dll
0x00007ffbd10c0000 - 0x00007ffbd10d8000 	C:\WINDOWS\SYSTEM32\kernel.appcore.dll
0x00007ffb93790000 - 0x00007ffb937a1000 	C:\Program Files\Android\Android Studio\jre\bin\verify.dll
0x00007ffbcf890000 - 0x00007ffbcfabe000 	C:\WINDOWS\SYSTEM32\DBGHELP.DLL
0x00007ffbd43d0000 - 0x00007ffbd475a000 	C:\WINDOWS\System32\combase.dll
0x00007ffbd3cd0000 - 0x00007ffbd3da7000 	C:\WINDOWS\System32\OLEAUT32.dll
0x00007ffbcf850000 - 0x00007ffbcf882000 	C:\WINDOWS\SYSTEM32\dbgcore.DLL
0x00007ffbd28a0000 - 0x00007ffbd291b000 	C:\WINDOWS\System32\bcryptPrimitives.dll
0x00007ffb93760000 - 0x00007ffb93789000 	C:\Program Files\Android\Android Studio\jre\bin\java.dll
0x00007ffb97690000 - 0x00007ffb9769b000 	C:\Program Files\Android\Android Studio\jre\bin\jimage.dll
0x00007ffb916f0000 - 0x00007ffb91708000 	C:\Program Files\Android\Android Studio\jre\bin\zip.dll
0x00007ffbd2a40000 - 0x00007ffbd322f000 	C:\WINDOWS\System32\SHELL32.dll
0x00007ffbd05b0000 - 0x00007ffbd0e78000 	C:\WINDOWS\SYSTEM32\windows.storage.dll
0x00007ffbd0470000 - 0x00007ffbd05ae000 	C:\WINDOWS\SYSTEM32\wintypes.dll
0x00007ffbd3bd0000 - 0x00007ffbd3cc1000 	C:\WINDOWS\System32\SHCORE.dll
0x00007ffbd3dc0000 - 0x00007ffbd3e1e000 	C:\WINDOWS\System32\shlwapi.dll
0x00007ffbd1fa0000 - 0x00007ffbd1fc1000 	C:\WINDOWS\SYSTEM32\profapi.dll
0x00007ffb912e0000 - 0x00007ffb912fa000 	C:\Program Files\Android\Android Studio\jre\bin\net.dll
0x00007ffbca000000 - 0x00007ffbca12f000 	C:\WINDOWS\SYSTEM32\WINHTTP.dll
0x00007ffbd1530000 - 0x00007ffbd1599000 	C:\WINDOWS\system32\mswsock.dll
0x00007ffb912c0000 - 0x00007ffb912d4000 	C:\Program Files\Android\Android Studio\jre\bin\nio.dll
0x00007ffbbd830000 - 0x00007ffbbd857000 	C:\Users\Dell Inspiron\.gradle\native\e1d6ef7f7dcc3fd88c89a11ec53ec762bb8ba0a96d01ffa2cd45eb1d1d8dd5c5\windows-amd64\native-platform.dll
0x00007ffb9b6a0000 - 0x00007ffb9b7e4000 	C:\Users\Dell Inspiron\.gradle\native\0d407fdbe67a94daf76414ababcb853783967236a71b16ec16e742cd7a986fd3\windows-amd64\native-platform-file-events.dll
0x00007ffb42840000 - 0x00007ffb4284a000 	C:\Program Files\Android\Android Studio\jre\bin\management.dll
0x00007ffb42810000 - 0x00007ffb4281d000 	C:\Program Files\Android\Android Studio\jre\bin\management_ext.dll
0x00007ffbd1780000 - 0x00007ffbd179b000 	C:\WINDOWS\SYSTEM32\CRYPTSP.dll
0x00007ffbd1030000 - 0x00007ffbd1065000 	C:\WINDOWS\system32\rsaenh.dll
0x00007ffbd1620000 - 0x00007ffbd1648000 	C:\WINDOWS\SYSTEM32\USERENV.dll
0x00007ffbd1920000 - 0x00007ffbd1948000 	C:\WINDOWS\SYSTEM32\bcrypt.dll
0x00007ffbd17a0000 - 0x00007ffbd17ac000 	C:\WINDOWS\SYSTEM32\CRYPTBASE.dll
0x00007ffbd0140000 - 0x00007ffbd016d000 	C:\WINDOWS\SYSTEM32\IPHLPAPI.DLL
0x00007ffbd3db0000 - 0x00007ffbd3db9000 	C:\WINDOWS\System32\NSI.dll
0x00007ffbc9f60000 - 0x00007ffbc9f79000 	C:\WINDOWS\SYSTEM32\dhcpcsvc6.DLL
0x00007ffbc9d10000 - 0x00007ffbc9d2f000 	C:\WINDOWS\SYSTEM32\dhcpcsvc.DLL
0x00007ffbd01b0000 - 0x00007ffbd02a3000 	C:\WINDOWS\SYSTEM32\DNSAPI.dll
0x00007ffb93ee0000 - 0x00007ffb93f07000 	C:\Program Files\Android\Android Studio\jre\bin\sunec.dll

dbghelp: loaded successfully - version: 4.0.5 - missing functions: none
symbol engine: initialized successfully - sym options: 0x614 - pdb path: .;C:\Program Files\Android\Android Studio\jre\bin;C:\WINDOWS\SYSTEM32;C:\WINDOWS\WinSxS\amd64_microsoft.windows.common-controls_6595b64144ccf1df_6.0.22621.608_none_a9444ca7c10bb01d;C:\Program Files\Android\Android Studio\jre\bin\server;C:\Users\Dell Inspiron\.gradle\native\e1d6ef7f7dcc3fd88c89a11ec53ec762bb8ba0a96d01ffa2cd45eb1d1d8dd5c5\windows-amd64;C:\Users\Dell Inspiron\.gradle\native\0d407fdbe67a94daf76414ababcb853783967236a71b16ec16e742cd7a986fd3\windows-amd64

VM Arguments:
jvm_args: --add-opens=java.base/java.util=ALL-UNNAMED --add-opens=java.base/java.lang=ALL-UNNAMED --add-opens=java.base/java.lang.invoke=ALL-UNNAMED --add-opens=java.base/java.util=ALL-UNNAMED --add-opens=java.prefs/java.util.prefs=ALL-UNNAMED --add-opens=java.prefs/java.util.prefs=ALL-UNNAMED --add-opens=java.base/java.nio.charset=ALL-UNNAMED --add-opens=java.base/java.net=ALL-UNNAMED --add-opens=java.base/java.util.concurrent.atomic=ALL-UNNAMED -Xmx2048m -Dfile.encoding=UTF-8 -Duser.country=US -Duser.language=en -Duser.variant 
java_command: org.gradle.launcher.daemon.bootstrap.GradleDaemon 7.4
java_class_path (initial): C:\Users\Dell Inspiron\.gradle\wrapper\dists\gradle-7.4-bin\c0gwcg53nkjbqw7r0h0umtfvt\gradle-7.4\lib\gradle-launcher-7.4.jar
Launcher Type: SUN_STANDARD

[Global flags]
     intx CICompilerCount                          = 4                                         {product} {ergonomic}
     uint ConcGCThreads                            = 2                                         {product} {ergonomic}
     uint G1ConcRefinementThreads                  = 8                                         {product} {ergonomic}
   size_t G1HeapRegionSize                         = 1048576                                   {product} {ergonomic}
    uintx GCDrainStackTargetSize                   = 64                                        {product} {ergonomic}
   size_t InitialHeapSize                          = 132120576                                 {product} {ergonomic}
   size_t MarkStackSize                            = 4194304                                   {product} {ergonomic}
   size_t MaxHeapSize                              = 2147483648                                {product} {command line}
   size_t MaxNewSize                               = 1287651328                                {product} {ergonomic}
   size_t MinHeapDeltaBytes                        = 1048576                                   {product} {ergonomic}
    uintx NonNMethodCodeHeapSize                   = 5836300                                {pd product} {ergonomic}
    uintx NonProfiledCodeHeapSize                  = 122910970                              {pd product} {ergonomic}
    uintx ProfiledCodeHeapSize                     = 122910970                              {pd product} {ergonomic}
    uintx ReservedCodeCacheSize                    = 251658240                              {pd product} {ergonomic}
     bool SegmentedCodeCache                       = true                                      {product} {ergonomic}
     bool UseCompressedClassPointers               = true                                 {lp64_product} {ergonomic}
     bool UseCompressedOops                        = true                                 {lp64_product} {ergonomic}
     bool UseG1GC                                  = true                                      {product} {ergonomic}
     bool UseLargePagesIndividualAllocation        = false                                  {pd product} {ergonomic}

Logging:
Log output configuration:
 #0: stdout all=warning uptime,level,tags
 #1: stderr all=off uptime,level,tags

Environment Variables:
PATH=C:\Program Files\Microsoft\jdk-11.0.16.101-hotspot\bin;C:\Program Files\Common Files\Oracle\Java\javapath;C:\Program Files\Common Files\Microsoft Shared\Microsoft Online Services;C:\Program Files (x86)\Common Files\Microsoft Shared\Microsoft Online Services;C:\Program Files\Python39\Scripts\;C:\Program Files\Python39\;C:\WINDOWS\system32;C:\WINDOWS;C:\WINDOWS\System32\Wbem;C:\WINDOWS\System32\WindowsPowerShell\v1.0\;C:\WINDOWS\System32\OpenSSH\;C:\Program Files\Azure Data Studio\bin;C:\Program Files\Microsoft SQL Server\Client SDK\ODBC\130\Tools\Binn\;C:\ProgramData\chocolatey\bin;C:\Program Files\Microsoft SQL Server\Client SDK\ODBC\170\Tools\Binn\;C:\Program Files (x86)\Microsoft SQL Server\150\Tools\Binn\;C:\Program Files\Microsoft SQL Server\150\Tools\Binn\;C:\Program Files\Microsoft SQL Server\150\DTS\Binn\;C:\tools\winfetch;C:\Program Files\Git\cmd;C:\Program Files\nodejs\;C:\Program Files\dotnet\;C:\Program Files (x86)\Microsoft SQL Server\160\Tools\Binn\;C:\Program Files\Microsoft SQL Server\160\Tools\Binn\;C:\Program Files\Microsoft SQL Server\160\DTS\Binn\;C:\Program Files (x86)\Microsoft SQL Server\160\DTS\Binn\;C:\Users\Dell Inspiron\scoop\shims;C:\Users\Dell Inspiron\AppData\Local\Microsoft\WindowsApps;C:\Users\Dell Inspiron\Desktop\PyCharm Community Edition 2021.1\bin;C:\Program Files\Azure Data Studio\bin;C:\Program Files\JetBrains\PyCharm Community Edition 2021\bin;;C:\Users\Dell Inspiron\AppData\Local\Microsoft\WindowsApps;C:\Users\Dell Inspiron\AppData\Roaming\npm;C:\ProgramData\Microsoft\Windows\Start Menu\Programs\Node.js;C:\Users\Dell Inspiron\AppData\Local\GitHubDesktop\bin;C:\Users\Dell Inspiron\AppData\Local\Programs\Microsoft VS Code\bin;C:\Users\Dell Inspiron\.dotnet\tools
USERNAME=Dell Inspiron
OS=Windows_NT
PROCESSOR_IDENTIFIER=Intel64 Family 6 Model 126 Stepping 5, GenuineIntel



---------------  S Y S T E M  ---------------

OS: Windows 11 , 64 bit Build 22621 (10.0.22621.1194)
OS uptime: 0 days 1:56 hours

CPU:total 8 (initial active 8) (4 cores per cpu, 2 threads per core) family 6 model 126 stepping 5 microcode 0xb2, cmov, cx8, fxsr, mmx, sse, sse2, sse3, ssse3, sse4.1, sse4.2, popcnt, avx, avx2, aes, clmul, erms, 3dnowpref, lzcnt, ht, tsc, tscinvbit, bmi1, bmi2, adx, evex, sha, fma

Memory: 4k page, system-wide physical 7959M (66M free)
TotalPageFile size 16151M (AvailPageFile size 0M)
current process WorkingSet (physical memory assigned to process): 96M, peak: 500M
current process commit charge ("private bytes"): 522M, peak: 562M

vm_info: OpenJDK 64-Bit Server VM (11.0.13+0-b1751.21-8125866) for windows-amd64 JRE (11.0.13+0-b1751.21-8125866), built on Feb  2 2022 03:00:22 by "builder" with MS VC++ 14.0 (VS2015)

END.
