#
# There is insufficient memory for the Java Runtime Environment to continue.
# Native memory allocation (mmap) failed to map 233832448 bytes for Failed to commit area from 0x000000008df00000 to 0x000000009be00000 of length 233832448.
# Possible reasons:
#   The system is out of physical RAM or swap space
#   The process is running with CompressedOops enabled, and the Java Heap may be blocking the growth of the native heap
# Possible solutions:
#   Reduce memory load on the system
#   Increase physical memory or swap space
#   Check if swap backing store is full
#   Decrease Java heap size (-Xmx/-Xms)
#   Decrease number of Java threads
#   Decrease Java thread stack sizes (-Xss)
#   Set larger code cache with -XX:ReservedCodeCacheSize=
#   JVM is running with Unscaled Compressed Oops mode in which the Java heap is
#     placed in the first 4GB address space. The Java Heap base address is the
#     maximum limit for the native heap growth. Please use -XX:HeapBaseMinAddress
#     to set the Java Heap base and to place the Java Heap above 4GB virtual address.
# This output file may be truncated or incomplete.
#
#  Out of Memory Error (./src/hotspot/os/windows/os_windows.cpp:3619), pid=14924, tid=22220
#
# JRE version: OpenJDK Runtime Environment (11.0.13) (build 11.0.13+0-b1751.21-8125866)
# Java VM: OpenJDK 64-Bit Server VM (11.0.13+0-b1751.21-8125866, mixed mode, tiered, compressed oops, g1 gc, windows-amd64)
# No core dump will be written. Minidumps are not enabled by default on client versions of Windows
#

---------------  S U M M A R Y ------------

Command Line: --add-opens=java.base/java.util=ALL-UNNAMED --add-opens=java.base/java.lang=ALL-UNNAMED --add-opens=java.base/java.lang.invoke=ALL-UNNAMED --add-opens=java.base/java.util=ALL-UNNAMED --add-opens=java.prefs/java.util.prefs=ALL-UNNAMED --add-opens=java.prefs/java.util.prefs=ALL-UNNAMED --add-opens=java.base/java.nio.charset=ALL-UNNAMED --add-opens=java.base/java.net=ALL-UNNAMED --add-opens=java.base/java.util.concurrent.atomic=ALL-UNNAMED -Xmx2048m -Dfile.encoding=UTF-8 -Duser.country=US -Duser.language=en -Duser.variant org.gradle.launcher.daemon.bootstrap.GradleDaemon 7.4

Host: Intel(R) Core(TM) i5-1035G1 CPU @ 1.00GHz, 8 cores, 7G,  Windows 11 , 64 bit Build 22621 (10.0.22621.1344)
Time: Thu Mar 23 00:15:08 2023 SE Asia Standard Time elapsed time: 37.102755 seconds (0d 0h 0m 37s)

---------------  T H R E A D  ---------------

Current thread (0x00000280bb60c000):  VMThread "VM Thread" [stack: 0x000000e39b600000,0x000000e39b700000] [id=22220]

Stack: [0x000000e39b600000,0x000000e39b700000]
[error occurred during error reporting (printing stack bounds), id 0xc0000005, EXCEPTION_ACCESS_VIOLATION (0xc0000005) at pc=0x00000280a4c512e7]

Native frames: (J=compiled Java code, j=interpreted, Vv=VM code, C=native code)
V  [jvm.dll+0x6100fa]
V  [jvm.dll+0x747090]
V  [jvm.dll+0x7486ad]
V  [jvm.dll+0x748ce5]
V  [jvm.dll+0x748c9b]
V  [jvm.dll+0x60f224]
V  [jvm.dll+0x60f9b8]
C  [ntdll.dll+0xa3cff]
C  [ntdll.dll+0x1e456]
C  [ntdll.dll+0xa2cee]
C  0x00000280a4c512e7

VM_Operation (0x000000e39e7f86e0): G1CollectForAllocation, mode: safepoint, requested by thread 0x00000280c164b800


---------------  P R O C E S S  ---------------

Threads class SMR info:
_java_thread_list=0x00000280ca0d9fa0, length=136, elements={
0x00000280a113a000, 0x00000280bbe12800, 0x00000280bbe1e800, 0x00000280bbe6b800,
0x00000280bbe6f000, 0x00000280bbe77000, 0x00000280bbe7d000, 0x00000280bbe86000,
0x00000280bbe94800, 0x00000280bbe71800, 0x00000280bbe78000, 0x00000280bbe72000,
0x00000280bbe73000, 0x00000280bbe74000, 0x00000280bbe74800, 0x00000280bbe75800,
0x00000280bbe76000, 0x00000280bc8b9800, 0x00000280bc8c0000, 0x00000280bc8ba800,
0x00000280bc8bc000, 0x00000280bc8be000, 0x00000280bc8c1000, 0x00000280bc8bd000,
0x00000280bc8be800, 0x00000280bc8bf800, 0x00000280bc8bb800, 0x00000280bc8c5000,
0x00000280bc8c2000, 0x00000280bc8c8800, 0x00000280bc8c7000, 0x00000280bc8c7800,
0x00000280bc8c3800, 0x00000280bc8c4800, 0x00000280c164a000, 0x00000280c164e000,
0x00000280c164d000, 0x00000280c1648000, 0x00000280c1649000, 0x00000280c164b800,
0x00000280c164c000, 0x00000280c164f800, 0x00000280c1650800, 0x00000280c164a800,
0x00000280c164e800, 0x00000280c1651000, 0x00000280c1653800, 0x00000280c1655000,
0x00000280c1657000, 0x00000280c1656000, 0x00000280c1652000, 0x00000280c1653000,
0x00000280c1654800, 0x00000280c2228000, 0x00000280c2222800, 0x00000280c2225800,
0x00000280c2229000, 0x00000280c2226800, 0x00000280c2223000, 0x00000280c2224800,
0x00000280c2224000, 0x00000280c2227000, 0x00000280c2215000, 0x00000280c2215800,
0x00000280c2216800, 0x00000280c2217000, 0x00000280c2218000, 0x00000280c2213000,
0x00000280c2212800, 0x00000280c2219000, 0x00000280c2214000, 0x00000280c2087000,
0x00000280c2089800, 0x00000280c2088800, 0x00000280c2086800, 0x00000280c208a800,
0x00000280c208b000, 0x00000280c208c000, 0x00000280c208d000, 0x00000280c2088000,
0x00000280c2f40800, 0x00000280c2f3e000, 0x00000280c2f41000, 0x00000280c2f42000,
0x00000280c2f3c800, 0x00000280c2f3f800, 0x00000280c2f43000, 0x00000280c2f3e800,
0x00000280c2f3d000, 0x00000280c2f43800, 0x00000280c2f49800, 0x00000280c2f45800,
0x00000280c2f46000, 0x00000280c2f4a000, 0x00000280c2f47000, 0x00000280c2f48800,
0x00000280c2f47800, 0x00000280c2f44800, 0x00000280c2f4b000, 0x00000280c1f30000,
0x00000280c1f36800, 0x00000280c1f32000, 0x00000280c1f32800, 0x00000280c1f36000,
0x00000280c1f31000, 0x00000280c1f34800, 0x00000280c1f38800, 0x00000280c1f37800,
0x00000280c1f35000, 0x00000280c1f39000, 0x00000280c1f33800, 0x00000280c1f3f000,
0x00000280c1f3d800, 0x00000280c1f3a000, 0x00000280c1f3b800, 0x00000280c1f3c800,
0x00000280c1f3b000, 0x00000280c1f3e000, 0x00000280c2f8d000, 0x00000280c2f8c000,
0x00000280c2f8b800, 0x00000280c2f89800, 0x00000280c2f88000, 0x00000280c2f8e000,
0x00000280c2f8e800, 0x00000280c2f89000, 0x00000280c2f8f800, 0x00000280c2f8a800,
0x00000280c2f90000, 0x00000280c2f92000, 0x00000280c2f91000, 0x00000280c2f97000,
0x00000280c2f92800, 0x00000280c2f93800, 0x00000280c2f95000, 0x00000280bbe85000
}

Java Threads: ( => current thread )
  0x00000280a113a000 JavaThread "main" [_thread_blocked, id=20932, stack(0x000000e39b000000,0x000000e39b100000)]
  0x00000280bbe12800 JavaThread "Reference Handler" daemon [_thread_blocked, id=20524, stack(0x000000e39b700000,0x000000e39b800000)]
  0x00000280bbe1e800 JavaThread "Finalizer" daemon [_thread_blocked, id=16728, stack(0x000000e39b800000,0x000000e39b900000)]
  0x00000280bbe6b800 JavaThread "Signal Dispatcher" daemon [_thread_blocked, id=19344, stack(0x000000e39b900000,0x000000e39ba00000)]
  0x00000280bbe6f000 JavaThread "Attach Listener" daemon [_thread_blocked, id=18724, stack(0x000000e39ba00000,0x000000e39bb00000)]
  0x00000280bbe77000 JavaThread "Service Thread" daemon [_thread_blocked, id=22892, stack(0x000000e39bb00000,0x000000e39bc00000)]
  0x00000280bbe7d000 JavaThread "C2 CompilerThread0" daemon [_thread_blocked, id=20152, stack(0x000000e39bc00000,0x000000e39bd00000)]
  0x00000280bbe86000 JavaThread "C1 CompilerThread0" daemon [_thread_blocked, id=12496, stack(0x000000e39bd00000,0x000000e39be00000)]
  0x00000280bbe94800 JavaThread "Sweeper thread" daemon [_thread_blocked, id=4988, stack(0x000000e39be00000,0x000000e39bf00000)]
  0x00000280bbe71800 JavaThread "Common-Cleaner" daemon [_thread_blocked, id=11320, stack(0x000000e39bf00000,0x000000e39c000000)]
  0x00000280bbe78000 JavaThread "Daemon health stats" [_thread_blocked, id=14216, stack(0x000000e39c400000,0x000000e39c500000)]
  0x00000280bbe72000 JavaThread "Incoming local TCP Connector on port 56217" [_thread_in_native, id=18508, stack(0x000000e39c100000,0x000000e39c200000)]
  0x00000280bbe73000 JavaThread "Daemon periodic checks" [_thread_blocked, id=1484, stack(0x000000e39c500000,0x000000e39c600000)]
  0x00000280bbe74000 JavaThread "Daemon" [_thread_blocked, id=11216, stack(0x000000e39c600000,0x000000e39c700000)]
  0x00000280bbe74800 JavaThread "Handler for socket connection from /127.0.0.1:56217 to /127.0.0.1:56218" [_thread_in_native, id=10136, stack(0x000000e39c700000,0x000000e39c800000)]
  0x00000280bbe75800 JavaThread "Cancel handler" [_thread_blocked, id=7548, stack(0x000000e39c800000,0x000000e39c900000)]
  0x00000280bbe76000 JavaThread "Daemon worker" [_thread_blocked, id=7660, stack(0x000000e39c900000,0x000000e39ca00000)]
  0x00000280bc8b9800 JavaThread "Asynchronous log dispatcher for DefaultDaemonConnection: socket connection from /127.0.0.1:56217 to /127.0.0.1:56218" [_thread_blocked, id=22088, stack(0x000000e39ca00000,0x000000e39cb00000)]
  0x00000280bc8c0000 JavaThread "Stdin handler" [_thread_blocked, id=20908, stack(0x000000e39cb00000,0x000000e39cc00000)]
  0x00000280bc8ba800 JavaThread "Daemon client event forwarder" [_thread_blocked, id=18792, stack(0x000000e39cc00000,0x000000e39cd00000)]
  0x00000280bc8bc000 JavaThread "Cache worker for journal cache (C:\Users\Dell Inspiron\.gradle\caches\journal-1)" [_thread_blocked, id=20228, stack(0x000000e39d200000,0x000000e39d300000)]
  0x00000280bc8be000 JavaThread "File lock request listener" [_thread_in_native, id=3636, stack(0x000000e39d300000,0x000000e39d400000)]
  0x00000280bc8c1000 JavaThread "Cache worker for file hash cache (C:\Users\Dell Inspiron\.gradle\caches\7.4\fileHashes)" [_thread_blocked, id=8152, stack(0x000000e39d400000,0x000000e39d500000)]
  0x00000280bc8bd000 JavaThread "File watcher server" daemon [_thread_blocked, id=18004, stack(0x000000e39d600000,0x000000e39d700000)]
  0x00000280bc8be800 JavaThread "File watcher consumer" daemon [_thread_blocked, id=15136, stack(0x000000e39d700000,0x000000e39d800000)]
  0x00000280bc8bf800 JavaThread "Cache worker for checksums cache (C:\Users\Dell Inspiron\AndroidStudioProjects\AppBanHang\.gradle\7.4\checksums)" [_thread_blocked, id=14776, stack(0x000000e39d800000,0x000000e39d900000)]
  0x00000280bc8bb800 JavaThread "Cache worker for cache directory md-rule (C:\Users\Dell Inspiron\.gradle\caches\7.4\md-rule)" [_thread_blocked, id=9856, stack(0x000000e39d900000,0x000000e39da00000)]
  0x00000280bc8c5000 JavaThread "Cache worker for file hash cache (C:\Users\Dell Inspiron\AndroidStudioProjects\AppBanHang\.gradle\7.4\fileHashes)" [_thread_blocked, id=19160, stack(0x000000e39da00000,0x000000e39db00000)]
  0x00000280bc8c2000 JavaThread "Cache worker for cache directory md-supplier (C:\Users\Dell Inspiron\.gradle\caches\7.4\md-supplier)" [_thread_blocked, id=2520, stack(0x000000e39db00000,0x000000e39dc00000)]
  0x00000280bc8c8800 JavaThread "Cache worker for execution history cache (C:\Users\Dell Inspiron\.gradle\caches\7.4\executionHistory)" [_thread_blocked, id=10112, stack(0x000000e39dc00000,0x000000e39dd00000)]
  0x00000280bc8c7000 JavaThread "jar transforms" [_thread_blocked, id=9248, stack(0x000000e39de00000,0x000000e39df00000)]
  0x00000280bc8c7800 JavaThread "Cache worker for file content cache (C:\Users\Dell Inspiron\.gradle\caches\7.4\fileContent)" [_thread_blocked, id=18728, stack(0x000000e39df00000,0x000000e39e000000)]
  0x00000280bc8c3800 JavaThread "jar transforms Thread 2" [_thread_blocked, id=3128, stack(0x000000e39e000000,0x000000e39e100000)]
  0x00000280bc8c4800 JavaThread "Cache worker for dependencies-accessors (C:\Users\Dell Inspiron\AndroidStudioProjects\AppBanHang\.gradle\7.4\dependencies-accessors)" [_thread_blocked, id=20604, stack(0x000000e39e100000,0x000000e39e200000)]
  0x00000280c164a000 JavaThread "jar transforms Thread 3" [_thread_blocked, id=18612, stack(0x000000e39e200000,0x000000e39e300000)]
  0x00000280c164e000 JavaThread "Cache worker for Build Output Cleanup Cache (C:\Users\Dell Inspiron\AndroidStudioProjects\AppBanHang\.gradle\buildOutputCleanup)" [_thread_blocked, id=17440, stack(0x000000e39e300000,0x000000e39e400000)]
  0x00000280c164d000 JavaThread "Unconstrained build operations" [_thread_blocked, id=14304, stack(0x000000e39e400000,0x000000e39e500000)]
  0x00000280c1648000 JavaThread "Unconstrained build operations Thread 2" [_thread_blocked, id=11540, stack(0x000000e39e500000,0x000000e39e600000)]
  0x00000280c1649000 JavaThread "Unconstrained build operations Thread 3" [_thread_blocked, id=16580, stack(0x000000e39e600000,0x000000e39e700000)]
  0x00000280c164b800 JavaThread "Unconstrained build operations Thread 4" [_thread_blocked, id=21296, stack(0x000000e39e700000,0x000000e39e800000)]
  0x00000280c164c000 JavaThread "Unconstrained build operations Thread 5" [_thread_blocked, id=7064, stack(0x000000e39e800000,0x000000e39e900000)]
  0x00000280c164f800 JavaThread "Unconstrained build operations Thread 6" [_thread_blocked, id=15356, stack(0x000000e39e900000,0x000000e39ea00000)]
  0x00000280c1650800 JavaThread "Unconstrained build operations Thread 7" [_thread_blocked, id=9016, stack(0x000000e39ea00000,0x000000e39eb00000)]
  0x00000280c164a800 JavaThread "Unconstrained build operations Thread 8" [_thread_blocked, id=7596, stack(0x000000e39eb00000,0x000000e39ec00000)]
  0x00000280c164e800 JavaThread "Unconstrained build operations Thread 9" [_thread_blocked, id=5952, stack(0x000000e39ec00000,0x000000e39ed00000)]
  0x00000280c1651000 JavaThread "Unconstrained build operations Thread 10" [_thread_blocked, id=824, stack(0x000000e39ed00000,0x000000e39ee00000)]
  0x00000280c1653800 JavaThread "Unconstrained build operations Thread 11" [_thread_blocked, id=15616, stack(0x000000e39ee00000,0x000000e39ef00000)]
  0x00000280c1655000 JavaThread "Unconstrained build operations Thread 12" [_thread_blocked, id=20572, stack(0x000000e39ef00000,0x000000e39f000000)]
  0x00000280c1657000 JavaThread "Unconstrained build operations Thread 13" [_thread_blocked, id=11112, stack(0x000000e39f000000,0x000000e39f100000)]
  0x00000280c1656000 JavaThread "Unconstrained build operations Thread 14" [_thread_blocked, id=17868, stack(0x000000e39f100000,0x000000e39f200000)]
  0x00000280c1652000 JavaThread "Unconstrained build operations Thread 15" [_thread_blocked, id=9448, stack(0x000000e39f200000,0x000000e39f300000)]
  0x00000280c1653000 JavaThread "Unconstrained build operations Thread 16" [_thread_blocked, id=18516, stack(0x000000e39f300000,0x000000e39f400000)]
  0x00000280c1654800 JavaThread "Unconstrained build operations Thread 17" [_thread_blocked, id=19348, stack(0x000000e39f400000,0x000000e39f500000)]
  0x00000280c2228000 JavaThread "Unconstrained build operations Thread 18" [_thread_blocked, id=18812, stack(0x000000e39f500000,0x000000e39f600000)]
  0x00000280c2222800 JavaThread "Unconstrained build operations Thread 19" [_thread_blocked, id=15444, stack(0x000000e39f600000,0x000000e39f700000)]
  0x00000280c2225800 JavaThread "Unconstrained build operations Thread 20" [_thread_blocked, id=18520, stack(0x000000e39f700000,0x000000e39f800000)]
  0x00000280c2229000 JavaThread "Unconstrained build operations Thread 21" [_thread_blocked, id=19244, stack(0x000000e39f800000,0x000000e39f900000)]
  0x00000280c2226800 JavaThread "Unconstrained build operations Thread 22" [_thread_blocked, id=15176, stack(0x000000e39f900000,0x000000e39fa00000)]
  0x00000280c2223000 JavaThread "Unconstrained build operations Thread 23" [_thread_blocked, id=14092, stack(0x000000e39fa00000,0x000000e39fb00000)]
  0x00000280c2224800 JavaThread "Unconstrained build operations Thread 24" [_thread_blocked, id=12308, stack(0x000000e39fb00000,0x000000e39fc00000)]
  0x00000280c2224000 JavaThread "Unconstrained build operations Thread 25" [_thread_blocked, id=14188, stack(0x000000e39fc00000,0x000000e39fd00000)]
  0x00000280c2227000 JavaThread "Unconstrained build operations Thread 26" [_thread_blocked, id=15820, stack(0x000000e39fd00000,0x000000e39fe00000)]
  0x00000280c2215000 JavaThread "Unconstrained build operations Thread 27" [_thread_blocked, id=22768, stack(0x000000e39fe00000,0x000000e39ff00000)]
  0x00000280c2215800 JavaThread "Unconstrained build operations Thread 28" [_thread_blocked, id=4364, stack(0x000000e39ff00000,0x000000e3a0000000)]
  0x00000280c2216800 JavaThread "Unconstrained build operations Thread 29" [_thread_blocked, id=20448, stack(0x000000e3a0000000,0x000000e3a0100000)]
  0x00000280c2217000 JavaThread "Unconstrained build operations Thread 30" [_thread_blocked, id=3836, stack(0x000000e3a0100000,0x000000e3a0200000)]
  0x00000280c2218000 JavaThread "Unconstrained build operations Thread 31" [_thread_blocked, id=23200, stack(0x000000e3a0200000,0x000000e3a0300000)]
  0x00000280c2213000 JavaThread "Unconstrained build operations Thread 32" [_thread_blocked, id=6972, stack(0x000000e3a0300000,0x000000e3a0400000)]
  0x00000280c2212800 JavaThread "Unconstrained build operations Thread 33" [_thread_blocked, id=3396, stack(0x000000e3a0400000,0x000000e3a0500000)]
  0x00000280c2219000 JavaThread "Unconstrained build operations Thread 34" [_thread_blocked, id=23252, stack(0x000000e3a0500000,0x000000e3a0600000)]
  0x00000280c2214000 JavaThread "Unconstrained build operations Thread 35" [_thread_blocked, id=13152, stack(0x000000e3a0600000,0x000000e3a0700000)]
  0x00000280c2087000 JavaThread "Unconstrained build operations Thread 36" [_thread_blocked, id=11696, stack(0x000000e3a0700000,0x000000e3a0800000)]
  0x00000280c2089800 JavaThread "Unconstrained build operations Thread 37" [_thread_blocked, id=19404, stack(0x000000e3a0800000,0x000000e3a0900000)]
  0x00000280c2088800 JavaThread "Unconstrained build operations Thread 38" [_thread_blocked, id=20496, stack(0x000000e3a0900000,0x000000e3a0a00000)]
  0x00000280c2086800 JavaThread "Unconstrained build operations Thread 39" [_thread_blocked, id=18992, stack(0x000000e3a0a00000,0x000000e3a0b00000)]
  0x00000280c208a800 JavaThread "Unconstrained build operations Thread 40" [_thread_blocked, id=22064, stack(0x000000e3a0b00000,0x000000e3a0c00000)]
  0x00000280c208b000 JavaThread "Unconstrained build operations Thread 41" [_thread_blocked, id=16636, stack(0x000000e3a0c00000,0x000000e3a0d00000)]
  0x00000280c208c000 JavaThread "Unconstrained build operations Thread 42" [_thread_blocked, id=2496, stack(0x000000e3a0d00000,0x000000e3a0e00000)]
  0x00000280c208d000 JavaThread "Unconstrained build operations Thread 43" [_thread_blocked, id=1712, stack(0x000000e3a0e00000,0x000000e3a0f00000)]
  0x00000280c2088000 JavaThread "Unconstrained build operations Thread 44" [_thread_blocked, id=8620, stack(0x000000e3a0f00000,0x000000e3a1000000)]
  0x00000280c2f40800 JavaThread "Unconstrained build operations Thread 45" [_thread_blocked, id=14688, stack(0x000000e3a1000000,0x000000e3a1100000)]
  0x00000280c2f3e000 JavaThread "Unconstrained build operations Thread 46" [_thread_blocked, id=14612, stack(0x000000e3a1100000,0x000000e3a1200000)]
  0x00000280c2f41000 JavaThread "Unconstrained build operations Thread 47" [_thread_blocked, id=22980, stack(0x000000e3a1200000,0x000000e3a1300000)]
  0x00000280c2f42000 JavaThread "Unconstrained build operations Thread 48" [_thread_blocked, id=21172, stack(0x000000e3a1300000,0x000000e3a1400000)]
  0x00000280c2f3c800 JavaThread "Unconstrained build operations Thread 49" [_thread_blocked, id=4868, stack(0x000000e3a1400000,0x000000e3a1500000)]
  0x00000280c2f3f800 JavaThread "Unconstrained build operations Thread 50" [_thread_blocked, id=14344, stack(0x000000e3a1500000,0x000000e3a1600000)]
  0x00000280c2f43000 JavaThread "Unconstrained build operations Thread 51" [_thread_blocked, id=23116, stack(0x000000e3a1600000,0x000000e3a1700000)]
  0x00000280c2f3e800 JavaThread "Unconstrained build operations Thread 52" [_thread_blocked, id=17016, stack(0x000000e3a1700000,0x000000e3a1800000)]
  0x00000280c2f3d000 JavaThread "Unconstrained build operations Thread 53" [_thread_blocked, id=4076, stack(0x000000e3a1800000,0x000000e3a1900000)]
  0x00000280c2f43800 JavaThread "Unconstrained build operations Thread 54" [_thread_blocked, id=1248, stack(0x000000e3a1900000,0x000000e3a1a00000)]
  0x00000280c2f49800 JavaThread "Unconstrained build operations Thread 55" [_thread_blocked, id=16408, stack(0x000000e3a1a00000,0x000000e3a1b00000)]
  0x00000280c2f45800 JavaThread "Unconstrained build operations Thread 56" [_thread_blocked, id=19156, stack(0x000000e3a1b00000,0x000000e3a1c00000)]
  0x00000280c2f46000 JavaThread "Unconstrained build operations Thread 57" [_thread_blocked, id=19592, stack(0x000000e3a1c00000,0x000000e3a1d00000)]
  0x00000280c2f4a000 JavaThread "Unconstrained build operations Thread 58" [_thread_blocked, id=16892, stack(0x000000e3a1d00000,0x000000e3a1e00000)]
  0x00000280c2f47000 JavaThread "Unconstrained build operations Thread 59" [_thread_blocked, id=16436, stack(0x000000e3a1e00000,0x000000e3a1f00000)]
  0x00000280c2f48800 JavaThread "Unconstrained build operations Thread 60" [_thread_blocked, id=15892, stack(0x000000e3a1f00000,0x000000e3a2000000)]
  0x00000280c2f47800 JavaThread "Unconstrained build operations Thread 61" [_thread_blocked, id=23328, stack(0x000000e3a2000000,0x000000e3a2100000)]
  0x00000280c2f44800 JavaThread "Unconstrained build operations Thread 62" [_thread_blocked, id=15404, stack(0x000000e3a2100000,0x000000e3a2200000)]
  0x00000280c2f4b000 JavaThread "Unconstrained build operations Thread 63" [_thread_blocked, id=8048, stack(0x000000e3a2200000,0x000000e3a2300000)]
  0x00000280c1f30000 JavaThread "Unconstrained build operations Thread 64" [_thread_blocked, id=1664, stack(0x000000e3a2300000,0x000000e3a2400000)]
  0x00000280c1f36800 JavaThread "Unconstrained build operations Thread 65" [_thread_blocked, id=23520, stack(0x000000e3a2400000,0x000000e3a2500000)]
  0x00000280c1f32000 JavaThread "Unconstrained build operations Thread 66" [_thread_blocked, id=23096, stack(0x000000e3a2500000,0x000000e3a2600000)]
  0x00000280c1f32800 JavaThread "Unconstrained build operations Thread 67" [_thread_blocked, id=15740, stack(0x000000e3a2600000,0x000000e3a2700000)]
  0x00000280c1f36000 JavaThread "Unconstrained build operations Thread 68" [_thread_blocked, id=1756, stack(0x000000e3a2700000,0x000000e3a2800000)]
  0x00000280c1f31000 JavaThread "Unconstrained build operations Thread 69" [_thread_blocked, id=3468, stack(0x000000e3a2800000,0x000000e3a2900000)]
  0x00000280c1f34800 JavaThread "Unconstrained build operations Thread 70" [_thread_blocked, id=21748, stack(0x000000e3a2900000,0x000000e3a2a00000)]
  0x00000280c1f38800 JavaThread "Unconstrained build operations Thread 71" [_thread_blocked, id=11160, stack(0x000000e3a2a00000,0x000000e3a2b00000)]
  0x00000280c1f37800 JavaThread "Unconstrained build operations Thread 72" [_thread_blocked, id=23092, stack(0x000000e3a2b00000,0x000000e3a2c00000)]
  0x00000280c1f35000 JavaThread "Unconstrained build operations Thread 73" [_thread_blocked, id=19376, stack(0x000000e3a2c00000,0x000000e3a2d00000)]
  0x00000280c1f39000 JavaThread "Unconstrained build operations Thread 74" [_thread_blocked, id=9780, stack(0x000000e3a2d00000,0x000000e3a2e00000)]
  0x00000280c1f33800 JavaThread "Unconstrained build operations Thread 75" [_thread_blocked, id=9960, stack(0x000000e3a2e00000,0x000000e3a2f00000)]
  0x00000280c1f3f000 JavaThread "Unconstrained build operations Thread 76" [_thread_blocked, id=9120, stack(0x000000e3a2f00000,0x000000e3a3000000)]
  0x00000280c1f3d800 JavaThread "Unconstrained build operations Thread 77" [_thread_blocked, id=6496, stack(0x000000e3a3000000,0x000000e3a3100000)]
  0x00000280c1f3a000 JavaThread "Unconstrained build operations Thread 78" [_thread_blocked, id=18284, stack(0x000000e3a3100000,0x000000e3a3200000)]
  0x00000280c1f3b800 JavaThread "Unconstrained build operations Thread 79" [_thread_blocked, id=21904, stack(0x000000e3a3200000,0x000000e3a3300000)]
  0x00000280c1f3c800 JavaThread "Unconstrained build operations Thread 80" [_thread_blocked, id=21168, stack(0x000000e3a3300000,0x000000e3a3400000)]
  0x00000280c1f3b000 JavaThread "jar transforms Thread 4" [_thread_blocked, id=22444, stack(0x000000e3a3400000,0x000000e3a3500000)]
  0x00000280c1f3e000 JavaThread "jar transforms Thread 5" [_thread_blocked, id=16196, stack(0x000000e3a3500000,0x000000e3a3600000)]
  0x00000280c2f8d000 JavaThread "jar transforms Thread 6" [_thread_blocked, id=8660, stack(0x000000e3a3600000,0x000000e3a3700000)]
  0x00000280c2f8c000 JavaThread "jar transforms Thread 7" [_thread_blocked, id=19832, stack(0x000000e3a3700000,0x000000e3a3800000)]
  0x00000280c2f8b800 JavaThread "jar transforms Thread 8" [_thread_blocked, id=1228, stack(0x000000e3a3800000,0x000000e3a3900000)]
  0x00000280c2f89800 JavaThread "Memory manager" [_thread_blocked, id=19940, stack(0x000000e39dd00000,0x000000e39de00000)]
  0x00000280c2f88000 JavaThread "build event listener" [_thread_blocked, id=20928, stack(0x000000e3a3a00000,0x000000e3a3b00000)]
  0x00000280c2f8e000 JavaThread "pool-3-thread-1" [_thread_blocked, id=14476, stack(0x000000e3a3b00000,0x000000e3a3c00000)]
  0x00000280c2f8e800 JavaThread "build event listener" [_thread_blocked, id=22016, stack(0x000000e3a3c00000,0x000000e3a3d00000)]
  0x00000280c2f89000 JavaThread "included builds" [_thread_blocked, id=17452, stack(0x000000e3a3d00000,0x000000e3a3e00000)]
  0x00000280c2f8f800 JavaThread "Execution worker for ':'" [_thread_blocked, id=22776, stack(0x000000e3a3e00000,0x000000e3a3f00000)]
  0x00000280c2f8a800 JavaThread "Execution worker for ':' Thread 2" [_thread_blocked, id=16468, stack(0x000000e3a3f00000,0x000000e3a4000000)]
  0x00000280c2f90000 JavaThread "Execution worker for ':' Thread 3" [_thread_blocked, id=21456, stack(0x000000e3a4000000,0x000000e3a4100000)]
  0x00000280c2f92000 JavaThread "Execution worker for ':' Thread 4" [_thread_blocked, id=20328, stack(0x000000e3a4100000,0x000000e3a4200000)]
  0x00000280c2f91000 JavaThread "Execution worker for ':' Thread 5" [_thread_blocked, id=22288, stack(0x000000e3a4200000,0x000000e3a4300000)]
  0x00000280c2f97000 JavaThread "Execution worker for ':' Thread 6" [_thread_blocked, id=8068, stack(0x000000e3a4300000,0x000000e3a4400000)]
  0x00000280c2f92800 JavaThread "Execution worker for ':' Thread 7" [_thread_blocked, id=21732, stack(0x000000e3a4400000,0x000000e3a4500000)]
  0x00000280c2f93800 JavaThread "Cache worker for execution history cache (C:\Users\Dell Inspiron\AndroidStudioProjects\AppBanHang\.gradle\7.4\executionHistory)" [_thread_blocked, id=9572, stack(0x000000e3a4500000,0x000000e3a4600000)]
  0x00000280c2f95000 JavaThread "WorkerExecutor Queue" [_thread_blocked, id=12096, stack(0x000000e3a3900000,0x000000e3a3a00000)]
  0x00000280bbe85000 JavaThread "C2 CompilerThread1" daemon [_thread_blocked, id=15796, stack(0x000000e3a4600000,0x000000e3a4700000)]

Other Threads:
=>0x00000280bb60c000 VMThread "VM Thread" [stack: 0x000000e39b600000,0x000000e39b700000] [id=22220]
  0x00000280bc02d800 WatcherThread [stack: 0x000000e39c000000,0x000000e39c100000] [id=22520]
  0x00000280a1155800 GCTaskThread "GC Thread#0" [stack: 0x000000e39b100000,0x000000e39b200000] [id=19960]
  0x00000280bd815800 GCTaskThread "GC Thread#1" [stack: 0x000000e39c200000,0x000000e39c300000] [id=21204]
  0x00000280bd5f8800 GCTaskThread "GC Thread#2" [stack: 0x000000e39c300000,0x000000e39c400000] [id=10356]
  0x00000280be442000 GCTaskThread "GC Thread#3" [stack: 0x000000e39cd00000,0x000000e39ce00000] [id=3968]
  0x00000280bd391000 GCTaskThread "GC Thread#4" [stack: 0x000000e39ce00000,0x000000e39cf00000] [id=20244]
  0x00000280bd6af000 GCTaskThread "GC Thread#5" [stack: 0x000000e39cf00000,0x000000e39d000000] [id=14492]
  0x00000280bd9f8000 GCTaskThread "GC Thread#6" [stack: 0x000000e39d000000,0x000000e39d100000] [id=21108]
  0x00000280bd9f8800 GCTaskThread "GC Thread#7" [stack: 0x000000e39d100000,0x000000e39d200000] [id=20472]
  0x00000280a1187800 ConcurrentGCThread "G1 Main Marker" [stack: 0x000000e39b200000,0x000000e39b300000] [id=5932]
  0x00000280a1189800 ConcurrentGCThread "G1 Conc#0" [stack: 0x000000e39b300000,0x000000e39b400000] [id=4440]
  0x00000280bcf1a800 ConcurrentGCThread "G1 Conc#1" [stack: 0x000000e39d500000,0x000000e39d600000] [id=22848]
  0x00000280bb458800 ConcurrentGCThread "G1 Refine#0" [stack: 0x000000e39b400000,0x000000e39b500000] [id=18716]
  0x00000280beb10000 ConcurrentGCThread "G1 Refine#1" [stack: 0x000000e3a4700000,0x000000e3a4800000] [id=16500]
  0x00000280bb45b800 ConcurrentGCThread "G1 Young RemSet Sampling" [stack: 0x000000e39b500000,0x000000e39b600000] [id=23548]

Threads with active compile tasks:
C2 CompilerThread0  37141 11473       4       com.android.tools.r8.graph.y2::a (136 bytes)
C2 CompilerThread1  37141 11435       4       com.android.tools.r8.graph.P0::h (62 bytes)

VM state:at safepoint (normal execution)

VM Mutex/Monitor currently owned by a thread:  ([mutex/lock_event])
[0x00000280a11379f0] Threads_lock - owner thread: 0x00000280bb60c000
[0x00000280a1137a80] Heap_lock - owner thread: 0x00000280c164b800

Heap address: 0x0000000080000000, size: 2048 MB, Compressed Oops mode: 32-bit
Narrow klass base: 0x0000000000000000, Narrow klass shift: 3
Compressed class space size: 1073741824 Address: 0x0000000100000000

Heap:
 garbage-first heap   total 456704K, used 145408K [0x0000000080000000, 0x0000000100000000)
  region size 1024K, 6 young (6144K), 6 survivors (6144K)
 Metaspace       used 98463K, capacity 101090K, committed 101788K, reserved 1136640K
  class space    used 12775K, capacity 13846K, committed 14060K, reserved 1048576K
Heap Regions: E=young(eden), S=young(survivor), O=old, HS=humongous(starts), HC=humongous(continues), CS=collection set, F=free, A=archive, TAMS=top-at-mark-start (previous, next)
|   0|0x0000000080000000, 0x0000000080100000, 0x0000000080100000|100%| O|  |TAMS 0x0000000080100000, 0x0000000080000000| Untracked 
|   1|0x0000000080100000, 0x0000000080200000, 0x0000000080200000|100%| O|  |TAMS 0x0000000080200000, 0x0000000080100000| Untracked 
|   2|0x0000000080200000, 0x0000000080300000, 0x0000000080300000|100%| O|  |TAMS 0x0000000080300000, 0x0000000080200000| Untracked 
|   3|0x0000000080300000, 0x0000000080400000, 0x0000000080400000|100%|HS|  |TAMS 0x0000000080400000, 0x0000000080300000| Complete 
|   4|0x0000000080400000, 0x0000000080500000, 0x0000000080500000|100%|HC|  |TAMS 0x0000000080500000, 0x0000000080400000| Complete 
|   5|0x0000000080500000, 0x0000000080600000, 0x0000000080600000|100%|HC|  |TAMS 0x0000000080600000, 0x0000000080500000| Complete 
|   6|0x0000000080600000, 0x0000000080700000, 0x0000000080700000|100%| O|  |TAMS 0x0000000080700000, 0x0000000080600000| Untracked 
|   7|0x0000000080700000, 0x0000000080800000, 0x0000000080800000|100%| O|  |TAMS 0x0000000080800000, 0x0000000080700000| Untracked 
|   8|0x0000000080800000, 0x0000000080900000, 0x0000000080900000|100%| O|  |TAMS 0x0000000080900000, 0x0000000080800000| Untracked 
|   9|0x0000000080900000, 0x0000000080a00000, 0x0000000080a00000|100%| O|  |TAMS 0x0000000080a00000, 0x0000000080900000| Untracked 
|  10|0x0000000080a00000, 0x0000000080b00000, 0x0000000080b00000|100%| O|  |TAMS 0x0000000080b00000, 0x0000000080a00000| Untracked 
|  11|0x0000000080b00000, 0x0000000080c00000, 0x0000000080c00000|100%| O|  |TAMS 0x0000000080c00000, 0x0000000080b00000| Untracked 
|  12|0x0000000080c00000, 0x0000000080d00000, 0x0000000080d00000|100%| O|  |TAMS 0x0000000080d00000, 0x0000000080c00000| Untracked 
|  13|0x0000000080d00000, 0x0000000080e00000, 0x0000000080e00000|100%| O|  |TAMS 0x0000000080e00000, 0x0000000080d00000| Untracked 
|  14|0x0000000080e00000, 0x0000000080f00000, 0x0000000080f00000|100%| O|  |TAMS 0x0000000080f00000, 0x0000000080e00000| Untracked 
|  15|0x0000000080f00000, 0x0000000081000000, 0x0000000081000000|100%| O|  |TAMS 0x0000000081000000, 0x0000000080f00000| Untracked 
|  16|0x0000000081000000, 0x0000000081100000, 0x0000000081100000|100%|HS|  |TAMS 0x0000000081100000, 0x0000000081000000| Complete 
|  17|0x0000000081100000, 0x0000000081200000, 0x0000000081200000|100%| O|  |TAMS 0x0000000081200000, 0x0000000081100000| Untracked 
|  18|0x0000000081200000, 0x0000000081300000, 0x0000000081300000|100%| O|  |TAMS 0x0000000081300000, 0x0000000081200000| Untracked 
|  19|0x0000000081300000, 0x0000000081400000, 0x0000000081400000|100%| O|  |TAMS 0x0000000081400000, 0x0000000081300000| Untracked 
|  20|0x0000000081400000, 0x0000000081500000, 0x0000000081500000|100%| O|  |TAMS 0x0000000081500000, 0x0000000081400000| Untracked 
|  21|0x0000000081500000, 0x0000000081600000, 0x0000000081600000|100%| O|  |TAMS 0x0000000081600000, 0x0000000081500000| Untracked 
|  22|0x0000000081600000, 0x0000000081700000, 0x0000000081700000|100%| O|  |TAMS 0x0000000081700000, 0x0000000081600000| Untracked 
|  23|0x0000000081700000, 0x0000000081800000, 0x0000000081800000|100%| O|  |TAMS 0x0000000081800000, 0x0000000081700000| Untracked 
|  24|0x0000000081800000, 0x0000000081900000, 0x0000000081900000|100%| O|  |TAMS 0x0000000081900000, 0x0000000081800000| Untracked 
|  25|0x0000000081900000, 0x0000000081a00000, 0x0000000081a00000|100%| O|  |TAMS 0x0000000081a00000, 0x0000000081900000| Untracked 
|  26|0x0000000081a00000, 0x0000000081b00000, 0x0000000081b00000|100%| O|  |TAMS 0x0000000081b00000, 0x0000000081a00000| Untracked 
|  27|0x0000000081b00000, 0x0000000081c00000, 0x0000000081c00000|100%| O|  |TAMS 0x0000000081c00000, 0x0000000081b00000| Untracked 
|  28|0x0000000081c00000, 0x0000000081d00000, 0x0000000081d00000|100%|HS|  |TAMS 0x0000000081d00000, 0x0000000081c00000| Complete 
|  29|0x0000000081d00000, 0x0000000081e00000, 0x0000000081e00000|100%| O|  |TAMS 0x0000000081e00000, 0x0000000081d00000| Untracked 
|  30|0x0000000081e00000, 0x0000000081f00000, 0x0000000081f00000|100%|HS|  |TAMS 0x0000000081f00000, 0x0000000081e00000| Complete 
|  31|0x0000000081f00000, 0x0000000082000000, 0x0000000082000000|100%|HC|  |TAMS 0x0000000082000000, 0x0000000081f00000| Complete 
|  32|0x0000000082000000, 0x0000000082100000, 0x0000000082100000|100%| O|  |TAMS 0x0000000082100000, 0x0000000082000000| Untracked 
|  33|0x0000000082100000, 0x0000000082200000, 0x0000000082200000|100%| O|  |TAMS 0x0000000082200000, 0x0000000082100000| Untracked 
|  34|0x0000000082200000, 0x0000000082300000, 0x0000000082300000|100%| O|  |TAMS 0x0000000082300000, 0x0000000082200000| Untracked 
|  35|0x0000000082300000, 0x0000000082400000, 0x0000000082400000|100%| O|  |TAMS 0x0000000082400000, 0x0000000082300000| Untracked 
|  36|0x0000000082400000, 0x0000000082500000, 0x0000000082500000|100%| O|  |TAMS 0x0000000082500000, 0x0000000082400000| Untracked 
|  37|0x0000000082500000, 0x0000000082600000, 0x0000000082600000|100%| O|  |TAMS 0x0000000082600000, 0x0000000082500000| Untracked 
|  38|0x0000000082600000, 0x0000000082700000, 0x0000000082700000|100%| O|  |TAMS 0x0000000082700000, 0x0000000082600000| Untracked 
|  39|0x0000000082700000, 0x0000000082800000, 0x0000000082800000|100%| O|  |TAMS 0x0000000082800000, 0x0000000082700000| Untracked 
|  40|0x0000000082800000, 0x0000000082900000, 0x0000000082900000|100%| O|  |TAMS 0x0000000082900000, 0x0000000082800000| Untracked 
|  41|0x0000000082900000, 0x0000000082a00000, 0x0000000082a00000|100%| O|  |TAMS 0x0000000082a00000, 0x0000000082900000| Untracked 
|  42|0x0000000082a00000, 0x0000000082b00000, 0x0000000082b00000|100%| O|  |TAMS 0x0000000082b00000, 0x0000000082a00000| Untracked 
|  43|0x0000000082b00000, 0x0000000082c00000, 0x0000000082c00000|100%| O|  |TAMS 0x0000000082c00000, 0x0000000082b00000| Untracked 
|  44|0x0000000082c00000, 0x0000000082d00000, 0x0000000082d00000|100%| O|  |TAMS 0x0000000082d00000, 0x0000000082c00000| Untracked 
|  45|0x0000000082d00000, 0x0000000082e00000, 0x0000000082e00000|100%| O|  |TAMS 0x0000000082e00000, 0x0000000082d00000| Untracked 
|  46|0x0000000082e00000, 0x0000000082f00000, 0x0000000082f00000|100%| O|  |TAMS 0x0000000082f00000, 0x0000000082e00000| Untracked 
|  47|0x0000000082f00000, 0x0000000083000000, 0x0000000083000000|100%| O|  |TAMS 0x0000000083000000, 0x0000000082f00000| Untracked 
|  48|0x0000000083000000, 0x0000000083100000, 0x0000000083100000|100%| O|  |TAMS 0x0000000083100000, 0x0000000083000000| Untracked 
|  49|0x0000000083100000, 0x0000000083200000, 0x0000000083200000|100%| O|  |TAMS 0x0000000083200000, 0x0000000083100000| Untracked 
|  50|0x0000000083200000, 0x0000000083300000, 0x0000000083300000|100%| O|  |TAMS 0x0000000083300000, 0x0000000083200000| Untracked 
|  51|0x0000000083300000, 0x0000000083400000, 0x0000000083400000|100%| O|  |TAMS 0x0000000083400000, 0x0000000083300000| Untracked 
|  52|0x0000000083400000, 0x0000000083500000, 0x0000000083500000|100%| O|  |TAMS 0x0000000083500000, 0x0000000083400000| Untracked 
|  53|0x0000000083500000, 0x0000000083600000, 0x0000000083600000|100%| O|  |TAMS 0x0000000083600000, 0x0000000083500000| Untracked 
|  54|0x0000000083600000, 0x0000000083700000, 0x0000000083700000|100%| O|  |TAMS 0x0000000083700000, 0x0000000083600000| Untracked 
|  55|0x0000000083700000, 0x0000000083800000, 0x0000000083800000|100%| O|  |TAMS 0x0000000083800000, 0x0000000083700000| Untracked 
|  56|0x0000000083800000, 0x0000000083900000, 0x0000000083900000|100%| O|  |TAMS 0x0000000083900000, 0x0000000083800000| Untracked 
|  57|0x0000000083900000, 0x0000000083a00000, 0x0000000083a00000|100%| O|  |TAMS 0x0000000083a00000, 0x0000000083900000| Untracked 
|  58|0x0000000083a00000, 0x0000000083b00000, 0x0000000083b00000|100%| O|  |TAMS 0x0000000083b00000, 0x0000000083a00000| Untracked 
|  59|0x0000000083b00000, 0x0000000083c00000, 0x0000000083c00000|100%| O|  |TAMS 0x0000000083c00000, 0x0000000083b00000| Untracked 
|  60|0x0000000083c00000, 0x0000000083d00000, 0x0000000083d00000|100%| O|  |TAMS 0x0000000083d00000, 0x0000000083c00000| Untracked 
|  61|0x0000000083d00000, 0x0000000083e00000, 0x0000000083e00000|100%| O|  |TAMS 0x0000000083e00000, 0x0000000083d00000| Untracked 
|  62|0x0000000083e00000, 0x0000000083f00000, 0x0000000083f00000|100%| O|  |TAMS 0x0000000083f00000, 0x0000000083e00000| Untracked 
|  63|0x0000000083f00000, 0x0000000084000000, 0x0000000084000000|100%| O|  |TAMS 0x0000000084000000, 0x0000000083f00000| Untracked 
|  64|0x0000000084000000, 0x0000000084100000, 0x0000000084100000|100%| O|  |TAMS 0x0000000084100000, 0x0000000084000000| Untracked 
|  65|0x0000000084100000, 0x0000000084200000, 0x0000000084200000|100%| O|  |TAMS 0x0000000084200000, 0x0000000084100000| Untracked 
|  66|0x0000000084200000, 0x0000000084300000, 0x0000000084300000|100%| O|  |TAMS 0x0000000084300000, 0x0000000084200000| Untracked 
|  67|0x0000000084300000, 0x0000000084400000, 0x0000000084400000|100%| O|  |TAMS 0x0000000084400000, 0x0000000084300000| Untracked 
|  68|0x0000000084400000, 0x0000000084500000, 0x0000000084500000|100%| O|  |TAMS 0x0000000084500000, 0x0000000084400000| Untracked 
|  69|0x0000000084500000, 0x0000000084600000, 0x0000000084600000|100%| O|  |TAMS 0x0000000084600000, 0x0000000084500000| Untracked 
|  70|0x0000000084600000, 0x0000000084700000, 0x0000000084700000|100%| O|  |TAMS 0x0000000084700000, 0x0000000084600000| Untracked 
|  71|0x0000000084700000, 0x0000000084800000, 0x0000000084800000|100%| O|  |TAMS 0x0000000084800000, 0x0000000084700000| Untracked 
|  72|0x0000000084800000, 0x0000000084900000, 0x0000000084900000|100%| O|  |TAMS 0x0000000084900000, 0x0000000084800000| Untracked 
|  73|0x0000000084900000, 0x0000000084a00000, 0x0000000084a00000|100%| O|  |TAMS 0x0000000084a00000, 0x0000000084900000| Untracked 
|  74|0x0000000084a00000, 0x0000000084b00000, 0x0000000084b00000|100%| O|  |TAMS 0x0000000084b00000, 0x0000000084a00000| Untracked 
|  75|0x0000000084b00000, 0x0000000084c00000, 0x0000000084c00000|100%| O|  |TAMS 0x0000000084c00000, 0x0000000084b00000| Untracked 
|  76|0x0000000084c00000, 0x0000000084d00000, 0x0000000084d00000|100%| O|  |TAMS 0x0000000084d00000, 0x0000000084c00000| Untracked 
|  77|0x0000000084d00000, 0x0000000084e00000, 0x0000000084e00000|100%| O|  |TAMS 0x0000000084e00000, 0x0000000084d00000| Untracked 
|  78|0x0000000084e00000, 0x0000000084f00000, 0x0000000084f00000|100%| O|  |TAMS 0x0000000084f00000, 0x0000000084e00000| Untracked 
|  79|0x0000000084f00000, 0x0000000085000000, 0x0000000085000000|100%| O|  |TAMS 0x0000000085000000, 0x0000000084f00000| Untracked 
|  80|0x0000000085000000, 0x0000000085100000, 0x0000000085100000|100%| O|  |TAMS 0x0000000085100000, 0x0000000085000000| Untracked 
|  81|0x0000000085100000, 0x0000000085200000, 0x0000000085200000|100%| O|  |TAMS 0x0000000085200000, 0x0000000085100000| Untracked 
|  82|0x0000000085200000, 0x0000000085300000, 0x0000000085300000|100%| O|  |TAMS 0x0000000085300000, 0x0000000085200000| Untracked 
|  83|0x0000000085300000, 0x0000000085400000, 0x0000000085400000|100%| O|  |TAMS 0x0000000085400000, 0x0000000085300000| Untracked 
|  84|0x0000000085400000, 0x0000000085500000, 0x0000000085500000|100%| O|  |TAMS 0x0000000085500000, 0x0000000085400000| Untracked 
|  85|0x0000000085500000, 0x0000000085600000, 0x0000000085600000|100%| O|  |TAMS 0x0000000085600000, 0x0000000085500000| Untracked 
|  86|0x0000000085600000, 0x0000000085700000, 0x0000000085700000|100%| O|  |TAMS 0x0000000085700000, 0x0000000085600000| Untracked 
|  87|0x0000000085700000, 0x0000000085800000, 0x0000000085800000|100%| O|  |TAMS 0x0000000085800000, 0x0000000085700000| Untracked 
|  88|0x0000000085800000, 0x0000000085900000, 0x0000000085900000|100%| O|  |TAMS 0x0000000085900000, 0x0000000085800000| Untracked 
|  89|0x0000000085900000, 0x0000000085a00000, 0x0000000085a00000|100%| O|  |TAMS 0x0000000085a00000, 0x0000000085900000| Untracked 
|  90|0x0000000085a00000, 0x0000000085b00000, 0x0000000085b00000|100%| O|  |TAMS 0x0000000085b00000, 0x0000000085a00000| Untracked 
|  91|0x0000000085b00000, 0x0000000085c00000, 0x0000000085c00000|100%| O|  |TAMS 0x0000000085c00000, 0x0000000085b00000| Untracked 
|  92|0x0000000085c00000, 0x0000000085d00000, 0x0000000085d00000|100%| O|  |TAMS 0x0000000085d00000, 0x0000000085c00000| Untracked 
|  93|0x0000000085d00000, 0x0000000085e00000, 0x0000000085e00000|100%| O|  |TAMS 0x0000000085e00000, 0x0000000085d00000| Untracked 
|  94|0x0000000085e00000, 0x0000000085f00000, 0x0000000085f00000|100%| O|  |TAMS 0x0000000085f00000, 0x0000000085e00000| Untracked 
|  95|0x0000000085f00000, 0x0000000086000000, 0x0000000086000000|100%| O|  |TAMS 0x0000000086000000, 0x0000000085f00000| Untracked 
|  96|0x0000000086000000, 0x0000000086100000, 0x0000000086100000|100%| O|  |TAMS 0x0000000086100000, 0x0000000086000000| Untracked 
|  97|0x0000000086100000, 0x0000000086200000, 0x0000000086200000|100%| O|  |TAMS 0x0000000086200000, 0x0000000086100000| Untracked 
|  98|0x0000000086200000, 0x0000000086300000, 0x0000000086300000|100%| O|  |TAMS 0x0000000086300000, 0x0000000086200000| Untracked 
|  99|0x0000000086300000, 0x0000000086400000, 0x0000000086400000|100%| O|  |TAMS 0x0000000086400000, 0x0000000086300000| Untracked 
| 100|0x0000000086400000, 0x0000000086500000, 0x0000000086500000|100%| O|  |TAMS 0x0000000086500000, 0x0000000086400000| Untracked 
| 101|0x0000000086500000, 0x0000000086600000, 0x0000000086600000|100%| O|  |TAMS 0x0000000086600000, 0x0000000086500000| Untracked 
| 102|0x0000000086600000, 0x0000000086700000, 0x0000000086700000|100%| O|  |TAMS 0x0000000086700000, 0x0000000086600000| Untracked 
| 103|0x0000000086700000, 0x0000000086800000, 0x0000000086800000|100%| O|  |TAMS 0x0000000086800000, 0x0000000086700000| Untracked 
| 104|0x0000000086800000, 0x0000000086900000, 0x0000000086900000|100%| O|  |TAMS 0x0000000086900000, 0x0000000086800000| Untracked 
| 105|0x0000000086900000, 0x0000000086a00000, 0x0000000086a00000|100%| O|  |TAMS 0x0000000086a00000, 0x0000000086900000| Untracked 
| 106|0x0000000086a00000, 0x0000000086b00000, 0x0000000086b00000|100%| O|  |TAMS 0x0000000086b00000, 0x0000000086a00000| Untracked 
| 107|0x0000000086b00000, 0x0000000086c00000, 0x0000000086c00000|100%| O|  |TAMS 0x0000000086c00000, 0x0000000086b00000| Untracked 
| 108|0x0000000086c00000, 0x0000000086d00000, 0x0000000086d00000|100%| O|  |TAMS 0x0000000086d00000, 0x0000000086c00000| Untracked 
| 109|0x0000000086d00000, 0x0000000086e00000, 0x0000000086e00000|100%| O|  |TAMS 0x0000000086e00000, 0x0000000086d00000| Untracked 
| 110|0x0000000086e00000, 0x0000000086f00000, 0x0000000086f00000|100%| O|  |TAMS 0x0000000086f00000, 0x0000000086e00000| Untracked 
| 111|0x0000000086f00000, 0x0000000087000000, 0x0000000087000000|100%| O|  |TAMS 0x0000000087000000, 0x0000000086f00000| Untracked 
| 112|0x0000000087000000, 0x0000000087100000, 0x0000000087100000|100%| O|  |TAMS 0x0000000087100000, 0x0000000087000000| Untracked 
| 113|0x0000000087100000, 0x0000000087200000, 0x0000000087200000|100%| O|  |TAMS 0x0000000087200000, 0x0000000087100000| Untracked 
| 114|0x0000000087200000, 0x0000000087300000, 0x0000000087300000|100%| O|  |TAMS 0x00000000872ff400, 0x0000000087200000| Untracked 
| 115|0x0000000087300000, 0x0000000087400000, 0x0000000087400000|100%| O|  |TAMS 0x0000000087300000, 0x0000000087300000| Untracked 
| 116|0x0000000087400000, 0x0000000087500000, 0x0000000087500000|100%| O|  |TAMS 0x0000000087400000, 0x0000000087400000| Untracked 
| 117|0x0000000087500000, 0x0000000087600000, 0x0000000087600000|100%| O|  |TAMS 0x0000000087500000, 0x0000000087500000| Untracked 
| 118|0x0000000087600000, 0x0000000087700000, 0x0000000087700000|100%| O|  |TAMS 0x0000000087600000, 0x0000000087600000| Untracked 
| 119|0x0000000087700000, 0x0000000087800000, 0x0000000087800000|100%| O|  |TAMS 0x0000000087700000, 0x0000000087700000| Untracked 
| 120|0x0000000087800000, 0x0000000087900000, 0x0000000087900000|100%| O|  |TAMS 0x0000000087800000, 0x0000000087800000| Untracked 
| 121|0x0000000087900000, 0x0000000087a00000, 0x0000000087a00000|100%| O|  |TAMS 0x0000000087900000, 0x0000000087900000| Untracked 
| 122|0x0000000087a00000, 0x0000000087b00000, 0x0000000087b00000|100%| O|  |TAMS 0x0000000087a00000, 0x0000000087a00000| Untracked 
| 123|0x0000000087b00000, 0x0000000087c00000, 0x0000000087c00000|100%| O|  |TAMS 0x0000000087b00000, 0x0000000087b00000| Untracked 
| 124|0x0000000087c00000, 0x0000000087d00000, 0x0000000087d00000|100%| O|  |TAMS 0x0000000087c00000, 0x0000000087c00000| Untracked 
| 125|0x0000000087d00000, 0x0000000087e00000, 0x0000000087e00000|100%| O|  |TAMS 0x0000000087d00000, 0x0000000087d00000| Untracked 
| 126|0x0000000087e00000, 0x0000000087f00000, 0x0000000087f00000|100%| O|  |TAMS 0x0000000087e00000, 0x0000000087e00000| Untracked 
| 127|0x0000000087f00000, 0x0000000088000000, 0x0000000088000000|100%| O|  |TAMS 0x0000000087f00000, 0x0000000087f00000| Untracked 
| 128|0x0000000088000000, 0x0000000088100000, 0x0000000088100000|100%| O|  |TAMS 0x0000000088000000, 0x0000000088000000| Untracked 
| 129|0x0000000088100000, 0x0000000088200000, 0x0000000088200000|100%| O|  |TAMS 0x0000000088100000, 0x0000000088100000| Untracked 
| 130|0x0000000088200000, 0x0000000088300000, 0x0000000088300000|100%| O|  |TAMS 0x0000000088200000, 0x0000000088200000| Untracked 
| 131|0x0000000088300000, 0x0000000088400000, 0x0000000088400000|100%| O|  |TAMS 0x0000000088300000, 0x0000000088300000| Untracked 
| 132|0x0000000088400000, 0x0000000088500000, 0x0000000088500000|100%| O|  |TAMS 0x0000000088400000, 0x0000000088400000| Untracked 
| 133|0x0000000088500000, 0x0000000088600000, 0x0000000088600000|100%| O|  |TAMS 0x0000000088500000, 0x0000000088500000| Untracked 
| 134|0x0000000088600000, 0x0000000088700000, 0x0000000088700000|100%| O|  |TAMS 0x0000000088600000, 0x0000000088600000| Untracked 
| 135|0x0000000088700000, 0x0000000088800000, 0x0000000088800000|100%| O|  |TAMS 0x0000000088700000, 0x0000000088700000| Untracked 
| 136|0x0000000088800000, 0x0000000088800000, 0x0000000088900000|  0%| F|  |TAMS 0x0000000088800000, 0x0000000088800000| Untracked 
| 137|0x0000000088900000, 0x0000000088900000, 0x0000000088a00000|  0%| F|  |TAMS 0x0000000088900000, 0x0000000088900000| Untracked 
| 138|0x0000000088a00000, 0x0000000088a00000, 0x0000000088b00000|  0%| F|  |TAMS 0x0000000088a00000, 0x0000000088a00000| Untracked 
| 139|0x0000000088b00000, 0x0000000088b00000, 0x0000000088c00000|  0%| F|  |TAMS 0x0000000088b00000, 0x0000000088b00000| Untracked 
| 140|0x0000000088c00000, 0x0000000088c00000, 0x0000000088d00000|  0%| F|  |TAMS 0x0000000088c00000, 0x0000000088c00000| Untracked 
| 141|0x0000000088d00000, 0x0000000088d00000, 0x0000000088e00000|  0%| F|  |TAMS 0x0000000088d00000, 0x0000000088d00000| Untracked 
| 142|0x0000000088e00000, 0x0000000088e00000, 0x0000000088f00000|  0%| F|  |TAMS 0x0000000088e00000, 0x0000000088e00000| Untracked 
| 143|0x0000000088f00000, 0x0000000088f00000, 0x0000000089000000|  0%| F|  |TAMS 0x0000000088f00000, 0x0000000088f00000| Untracked 
| 144|0x0000000089000000, 0x0000000089000000, 0x0000000089100000|  0%| F|  |TAMS 0x0000000089000000, 0x0000000089000000| Untracked 
| 145|0x0000000089100000, 0x0000000089100000, 0x0000000089200000|  0%| F|  |TAMS 0x0000000089100000, 0x0000000089100000| Untracked 
| 146|0x0000000089200000, 0x0000000089200000, 0x0000000089300000|  0%| F|  |TAMS 0x0000000089200000, 0x0000000089200000| Untracked 
| 147|0x0000000089300000, 0x0000000089300000, 0x0000000089400000|  0%| F|  |TAMS 0x0000000089300000, 0x0000000089300000| Untracked 
| 148|0x0000000089400000, 0x0000000089400000, 0x0000000089500000|  0%| F|  |TAMS 0x0000000089400000, 0x0000000089400000| Untracked 
| 149|0x0000000089500000, 0x0000000089500000, 0x0000000089600000|  0%| F|  |TAMS 0x0000000089500000, 0x0000000089500000| Untracked 
| 150|0x0000000089600000, 0x0000000089600000, 0x0000000089700000|  0%| F|  |TAMS 0x0000000089600000, 0x0000000089600000| Untracked 
| 151|0x0000000089700000, 0x0000000089700000, 0x0000000089800000|  0%| F|  |TAMS 0x0000000089700000, 0x0000000089700000| Untracked 
| 152|0x0000000089800000, 0x0000000089800000, 0x0000000089900000|  0%| F|  |TAMS 0x0000000089800000, 0x0000000089800000| Untracked 
| 153|0x0000000089900000, 0x0000000089900000, 0x0000000089a00000|  0%| F|  |TAMS 0x0000000089900000, 0x0000000089900000| Untracked 
| 154|0x0000000089a00000, 0x0000000089a00000, 0x0000000089b00000|  0%| F|  |TAMS 0x0000000089a00000, 0x0000000089a00000| Untracked 
| 155|0x0000000089b00000, 0x0000000089b00000, 0x0000000089c00000|  0%| F|  |TAMS 0x0000000089b00000, 0x0000000089b00000| Untracked 
| 156|0x0000000089c00000, 0x0000000089c00000, 0x0000000089d00000|  0%| F|  |TAMS 0x0000000089c00000, 0x0000000089c00000| Untracked 
| 157|0x0000000089d00000, 0x0000000089d00000, 0x0000000089e00000|  0%| F|  |TAMS 0x0000000089d00000, 0x0000000089d00000| Untracked 
| 158|0x0000000089e00000, 0x0000000089e00000, 0x0000000089f00000|  0%| F|  |TAMS 0x0000000089e00000, 0x0000000089e00000| Untracked 
| 159|0x0000000089f00000, 0x0000000089f00000, 0x000000008a000000|  0%| F|  |TAMS 0x0000000089f00000, 0x0000000089f00000| Untracked 
| 160|0x000000008a000000, 0x000000008a000000, 0x000000008a100000|  0%| F|  |TAMS 0x000000008a000000, 0x000000008a000000| Untracked 
| 161|0x000000008a100000, 0x000000008a100000, 0x000000008a200000|  0%| F|  |TAMS 0x000000008a100000, 0x000000008a100000| Untracked 
| 162|0x000000008a200000, 0x000000008a200000, 0x000000008a300000|  0%| F|  |TAMS 0x000000008a200000, 0x000000008a200000| Untracked 
| 163|0x000000008a300000, 0x000000008a300000, 0x000000008a400000|  0%| F|  |TAMS 0x000000008a300000, 0x000000008a300000| Untracked 
| 164|0x000000008a400000, 0x000000008a400000, 0x000000008a500000|  0%| F|  |TAMS 0x000000008a400000, 0x000000008a400000| Untracked 
| 165|0x000000008a500000, 0x000000008a500000, 0x000000008a600000|  0%| F|  |TAMS 0x000000008a500000, 0x000000008a500000| Untracked 
| 166|0x000000008a600000, 0x000000008a600000, 0x000000008a700000|  0%| F|  |TAMS 0x000000008a600000, 0x000000008a600000| Untracked 
| 167|0x000000008a700000, 0x000000008a700000, 0x000000008a800000|  0%| F|  |TAMS 0x000000008a700000, 0x000000008a700000| Untracked 
| 168|0x000000008a800000, 0x000000008a800000, 0x000000008a900000|  0%| F|  |TAMS 0x000000008a800000, 0x000000008a800000| Untracked 
| 169|0x000000008a900000, 0x000000008a900000, 0x000000008aa00000|  0%| F|  |TAMS 0x000000008a900000, 0x000000008a900000| Untracked 
| 170|0x000000008aa00000, 0x000000008aa00000, 0x000000008ab00000|  0%| F|  |TAMS 0x000000008aa00000, 0x000000008aa00000| Untracked 
| 171|0x000000008ab00000, 0x000000008ab00000, 0x000000008ac00000|  0%| F|  |TAMS 0x000000008ab00000, 0x000000008ab00000| Untracked 
| 172|0x000000008ac00000, 0x000000008ac00000, 0x000000008ad00000|  0%| F|  |TAMS 0x000000008ac00000, 0x000000008ac00000| Untracked 
| 173|0x000000008ad00000, 0x000000008ad00000, 0x000000008ae00000|  0%| F|  |TAMS 0x000000008ad00000, 0x000000008ad00000| Untracked 
| 174|0x000000008ae00000, 0x000000008ae00000, 0x000000008af00000|  0%| F|  |TAMS 0x000000008ae00000, 0x000000008ae00000| Untracked 
| 175|0x000000008af00000, 0x000000008b000000, 0x000000008b000000|100%| S|CS|TAMS 0x000000008af00000, 0x000000008af00000| Complete 
| 176|0x000000008b000000, 0x000000008b100000, 0x000000008b100000|100%| S|CS|TAMS 0x000000008b000000, 0x000000008b000000| Complete 
| 177|0x000000008b100000, 0x000000008b200000, 0x000000008b200000|100%| S|CS|TAMS 0x000000008b100000, 0x000000008b100000| Complete 
| 178|0x000000008b200000, 0x000000008b300000, 0x000000008b300000|100%| S|CS|TAMS 0x000000008b200000, 0x000000008b200000| Complete 
| 179|0x000000008b300000, 0x000000008b400000, 0x000000008b400000|100%| S|CS|TAMS 0x000000008b300000, 0x000000008b300000| Complete 
| 180|0x000000008b400000, 0x000000008b400000, 0x000000008b500000|  0%| F|  |TAMS 0x000000008b400000, 0x000000008b400000| Untracked 
| 181|0x000000008b500000, 0x000000008b500000, 0x000000008b600000|  0%| F|  |TAMS 0x000000008b500000, 0x000000008b500000| Untracked 
| 182|0x000000008b600000, 0x000000008b600000, 0x000000008b700000|  0%| F|  |TAMS 0x000000008b600000, 0x000000008b600000| Untracked 
| 183|0x000000008b700000, 0x000000008b700000, 0x000000008b800000|  0%| F|  |TAMS 0x000000008b700000, 0x000000008b700000| Untracked 
| 184|0x000000008b800000, 0x000000008b800000, 0x000000008b900000|  0%| F|  |TAMS 0x000000008b800000, 0x000000008b800000| Untracked 
| 185|0x000000008b900000, 0x000000008b900000, 0x000000008ba00000|  0%| F|  |TAMS 0x000000008b900000, 0x000000008b900000| Untracked 
| 186|0x000000008ba00000, 0x000000008bb00000, 0x000000008bb00000|100%| S|CS|TAMS 0x000000008ba00000, 0x000000008ba00000| Complete 
| 187|0x000000008bb00000, 0x000000008bb00000, 0x000000008bc00000|  0%| F|  |TAMS 0x000000008bb00000, 0x000000008bb00000| Untracked 
| 188|0x000000008bc00000, 0x000000008bc00000, 0x000000008bd00000|  0%| F|  |TAMS 0x000000008bc00000, 0x000000008bc00000| Untracked 
| 189|0x000000008bd00000, 0x000000008bd00000, 0x000000008be00000|  0%| F|  |TAMS 0x000000008bd00000, 0x000000008bd00000| Untracked 
| 190|0x000000008be00000, 0x000000008be00000, 0x000000008bf00000|  0%| F|  |TAMS 0x000000008be00000, 0x000000008be00000| Untracked 
| 191|0x000000008bf00000, 0x000000008bf00000, 0x000000008c000000|  0%| F|  |TAMS 0x000000008bf00000, 0x000000008bf00000| Untracked 
| 192|0x000000008c000000, 0x000000008c000000, 0x000000008c100000|  0%| F|  |TAMS 0x000000008c000000, 0x000000008c000000| Untracked 
| 193|0x000000008c100000, 0x000000008c100000, 0x000000008c200000|  0%| F|  |TAMS 0x000000008c100000, 0x000000008c100000| Untracked 
| 194|0x000000008c200000, 0x000000008c200000, 0x000000008c300000|  0%| F|  |TAMS 0x000000008c200000, 0x000000008c200000| Untracked 
| 195|0x000000008c300000, 0x000000008c300000, 0x000000008c400000|  0%| F|  |TAMS 0x000000008c300000, 0x000000008c300000| Untracked 
| 196|0x000000008c400000, 0x000000008c400000, 0x000000008c500000|  0%| F|  |TAMS 0x000000008c400000, 0x000000008c400000| Untracked 
| 197|0x000000008c500000, 0x000000008c500000, 0x000000008c600000|  0%| F|  |TAMS 0x000000008c500000, 0x000000008c500000| Untracked 
| 198|0x000000008c600000, 0x000000008c600000, 0x000000008c700000|  0%| F|  |TAMS 0x000000008c600000, 0x000000008c600000| Untracked 
| 199|0x000000008c700000, 0x000000008c700000, 0x000000008c800000|  0%| F|  |TAMS 0x000000008c700000, 0x000000008c700000| Untracked 
| 200|0x000000008c800000, 0x000000008c800000, 0x000000008c900000|  0%| F|  |TAMS 0x000000008c800000, 0x000000008c800000| Untracked 
| 201|0x000000008c900000, 0x000000008c900000, 0x000000008ca00000|  0%| F|  |TAMS 0x000000008c900000, 0x000000008c900000| Untracked 
| 202|0x000000008ca00000, 0x000000008ca00000, 0x000000008cb00000|  0%| F|  |TAMS 0x000000008ca00000, 0x000000008ca00000| Untracked 
| 203|0x000000008cb00000, 0x000000008cb00000, 0x000000008cc00000|  0%| F|  |TAMS 0x000000008cb00000, 0x000000008cb00000| Untracked 
| 204|0x000000008cc00000, 0x000000008cc00000, 0x000000008cd00000|  0%| F|  |TAMS 0x000000008cc00000, 0x000000008cc00000| Untracked 
| 205|0x000000008cd00000, 0x000000008cd00000, 0x000000008ce00000|  0%| F|  |TAMS 0x000000008cd00000, 0x000000008cd00000| Untracked 
| 206|0x000000008ce00000, 0x000000008ce00000, 0x000000008cf00000|  0%| F|  |TAMS 0x000000008ce00000, 0x000000008ce00000| Untracked 
| 207|0x000000008cf00000, 0x000000008cf00000, 0x000000008d000000|  0%| F|  |TAMS 0x000000008cf00000, 0x000000008cf00000| Untracked 
| 208|0x000000008d000000, 0x000000008d000000, 0x000000008d100000|  0%| F|  |TAMS 0x000000008d000000, 0x000000008d000000| Untracked 
| 209|0x000000008d100000, 0x000000008d100000, 0x000000008d200000|  0%| F|  |TAMS 0x000000008d100000, 0x000000008d100000| Untracked 
| 210|0x000000008d200000, 0x000000008d200000, 0x000000008d300000|  0%| F|  |TAMS 0x000000008d200000, 0x000000008d200000| Untracked 
| 211|0x000000008d300000, 0x000000008d300000, 0x000000008d400000|  0%| F|  |TAMS 0x000000008d300000, 0x000000008d300000| Untracked 
| 212|0x000000008d400000, 0x000000008d400000, 0x000000008d500000|  0%| F|  |TAMS 0x000000008d400000, 0x000000008d400000| Untracked 
| 213|0x000000008d500000, 0x000000008d500000, 0x000000008d600000|  0%| F|  |TAMS 0x000000008d500000, 0x000000008d500000| Untracked 
| 214|0x000000008d600000, 0x000000008d600000, 0x000000008d700000|  0%| F|  |TAMS 0x000000008d600000, 0x000000008d600000| Untracked 
| 215|0x000000008d700000, 0x000000008d700000, 0x000000008d800000|  0%| F|  |TAMS 0x000000008d700000, 0x000000008d700000| Untracked 
| 216|0x000000008d800000, 0x000000008d800000, 0x000000008d900000|  0%| F|  |TAMS 0x000000008d800000, 0x000000008d800000| Untracked 
| 217|0x000000008d900000, 0x000000008d900000, 0x000000008da00000|  0%| F|  |TAMS 0x000000008d900000, 0x000000008d900000| Untracked 
| 218|0x000000008da00000, 0x000000008da00000, 0x000000008db00000|  0%| F|  |TAMS 0x000000008da00000, 0x000000008da00000| Untracked 
| 219|0x000000008db00000, 0x000000008db00000, 0x000000008dc00000|  0%| F|  |TAMS 0x000000008db00000, 0x000000008db00000| Untracked 
| 220|0x000000008dc00000, 0x000000008dc00000, 0x000000008dd00000|  0%| F|  |TAMS 0x000000008dc00000, 0x000000008dc00000| Untracked 
| 221|0x000000008dd00000, 0x000000008dd00000, 0x000000008de00000|  0%| F|  |TAMS 0x000000008dd00000, 0x000000008dd00000| Untracked 
| 222|0x000000008de00000, 0x000000008de00000, 0x000000008df00000|  0%| F|  |TAMS 0x000000008de00000, 0x000000008de00000| Untracked 

Card table byte_map: [0x00000280b4380000,0x00000280b4780000] _byte_map_base: 0x00000280b3f80000

Marking Bits (Prev, Next): (CMBitMap*) 0x00000280a117ea60, (CMBitMap*) 0x00000280a117ea28
 Prev Bits: [0x00000280b6b80000, 0x00000280b8b80000)
 Next Bits: [0x00000280b4b80000, 0x00000280b6b80000)

Polling page: 0x000002809f0b0000

Metaspace:

Usage:
  Non-class:     85.20 MB capacity,    83.68 MB ( 98%) used,     1.21 MB (  1%) free+waste,   316.19 KB ( <1%) overhead. 
      Class:     13.52 MB capacity,    12.48 MB ( 92%) used,   914.09 KB (  7%) free+waste,   156.50 KB (  1%) overhead. 
       Both:     98.72 MB capacity,    96.16 MB ( 97%) used,     2.10 MB (  2%) free+waste,   472.69 KB ( <1%) overhead. 

Virtual space:
  Non-class space:       86.00 MB reserved,      85.67 MB (>99%) committed 
      Class space:        1.00 GB reserved,      13.73 MB (  1%) committed 
             Both:        1.08 GB reserved,      99.40 MB (  9%) committed 

Chunk freelists:
   Non-Class:  292.00 KB
       Class:  170.00 KB
        Both:  462.00 KB

MaxMetaspaceSize: 17179869184.00 GB
CompressedClassSpaceSize: 1.00 GB
Initial GC threshold: 20.80 MB
Current GC threshold: 164.84 MB
CDS: off

CodeHeap 'non-profiled nmethods': size=120000Kb used=6149Kb max_used=6149Kb free=113850Kb
 bounds [0x00000280ac720000, 0x00000280acd30000, 0x00000280b3c50000]
CodeHeap 'profiled nmethods': size=120000Kb used=24749Kb max_used=24749Kb free=95250Kb
 bounds [0x00000280a51f0000, 0x00000280a6a20000, 0x00000280ac720000]
CodeHeap 'non-nmethods': size=5760Kb used=2401Kb max_used=2431Kb free=3359Kb
 bounds [0x00000280a4c50000, 0x00000280a4ec0000, 0x00000280a51f0000]
 total_blobs=12205 nmethods=11291 adapters=826
 compilation: enabled
              stopped_count=0, restarted_count=0
 full_count=0

Compilation events (20 events):
Event: 37.025 Thread 0x00000280bbe86000 11504       2       com.android.tools.r8.graph.v2::<init> (36 bytes)
Event: 37.025 Thread 0x00000280bbe86000 nmethod 11504 0x00000280a6a19510 code [0x00000280a6a196c0, 0x00000280a6a199d8]
Event: 37.025 Thread 0x00000280bbe86000 11501       2       com.android.tools.r8.internal.IB::<init> (19 bytes)
Event: 37.026 Thread 0x00000280bbe86000 nmethod 11501 0x00000280a6a19a90 code [0x00000280a6a19c40, 0x00000280a6a19d58]
Event: 37.026 Thread 0x00000280bbe86000 11502       2       com.android.tools.r8.graph.w2::<init> (6 bytes)
Event: 37.026 Thread 0x00000280bbe86000 nmethod 11502 0x00000280a6a19e10 code [0x00000280a6a19fc0, 0x00000280a6a1a118]
Event: 37.026 Thread 0x00000280bbe86000 11503       2       com.android.tools.r8.graph.w2::<init> (15 bytes)
Event: 37.026 Thread 0x00000280bbe86000 nmethod 11503 0x00000280a6a1a190 code [0x00000280a6a1a340, 0x00000280a6a1a498]
Event: 37.026 Thread 0x00000280bbe86000 11505       2       com.android.tools.r8.internal.Ra::a (12 bytes)
Event: 37.026 Thread 0x00000280bbe86000 nmethod 11505 0x00000280a6a1a510 code [0x00000280a6a1a6c0, 0x00000280a6a1a888]
Event: 37.026 Thread 0x00000280bbe86000 11506       2       com.android.tools.r8.internal.Ra::<init> (10 bytes)
Event: 37.027 Thread 0x00000280bbe86000 nmethod 11506 0x00000280a6a1a990 code [0x00000280a6a1ab40, 0x00000280a6a1ac68]
Event: 37.027 Thread 0x00000280bbe85000 nmethod 11396 0x00000280acd1f790 code [0x00000280acd1f940, 0x00000280acd1fb08]
Event: 37.027 Thread 0x00000280bbe85000 11289       4       java.util.IdentityHashMap::put (137 bytes)
Event: 37.029 Thread 0x00000280bbe86000 11508       2       com.android.tools.r8.graph.M2$$Lambda$1502/0x0000000100cb7c40::<init> (15 bytes)
Event: 37.029 Thread 0x00000280bbe86000 nmethod 11508 0x00000280a6a1ad90 code [0x00000280a6a1af40, 0x00000280a6a1b0d8]
Event: 37.066 Thread 0x00000280bbe86000 11512       2       java.util.ArrayDeque::add (7 bytes)
Event: 37.067 Thread 0x00000280bbe86000 nmethod 11512 0x00000280a6a1b190 code [0x00000280a6a1b340, 0x00000280a6a1b468]
Event: 37.072 Thread 0x00000280bbe85000 nmethod 11289 0x00000280acd1fd10 code [0x00000280acd1ff00, 0x00000280acd20f28]
Event: 37.073 Thread 0x00000280bbe85000 11435       4       com.android.tools.r8.graph.P0::h (62 bytes)

GC Heap History (20 events):
Event: 35.115 GC heap after
{Heap after GC invocations=34 (full 0):
 garbage-first heap   total 129024K, used 94072K [0x0000000080000000, 0x0000000100000000)
  region size 1024K, 3 young (3072K), 3 survivors (3072K)
 Metaspace       used 91466K, capacity 93650K, committed 93980K, reserved 1130496K
  class space    used 11717K, capacity 12498K, committed 12652K, reserved 1048576K
}
Event: 35.152 GC heap before
{Heap before GC invocations=34 (full 0):
 garbage-first heap   total 129024K, used 106360K [0x0000000080000000, 0x0000000100000000)
  region size 1024K, 16 young (16384K), 3 survivors (3072K)
 Metaspace       used 91700K, capacity 93874K, committed 94236K, reserved 1130496K
  class space    used 11744K, capacity 12530K, committed 12652K, reserved 1048576K
}
Event: 35.155 GC heap after
{Heap after GC invocations=35 (full 0):
 garbage-first heap   total 155648K, used 95725K [0x0000000080000000, 0x0000000100000000)
  region size 1024K, 2 young (2048K), 2 survivors (2048K)
 Metaspace       used 91700K, capacity 93874K, committed 94236K, reserved 1130496K
  class space    used 11744K, capacity 12530K, committed 12652K, reserved 1048576K
}
Event: 35.630 GC heap before
{Heap before GC invocations=36 (full 0):
 garbage-first heap   total 155648K, used 121325K [0x0000000080000000, 0x0000000100000000)
  region size 1024K, 27 young (27648K), 2 survivors (2048K)
 Metaspace       used 94715K, capacity 97119K, committed 97308K, reserved 1134592K
  class space    used 12182K, capacity 13077K, committed 13164K, reserved 1048576K
}
Event: 35.636 GC heap after
{Heap after GC invocations=37 (full 0):
 garbage-first heap   total 155648K, used 98129K [0x0000000080000000, 0x0000000100000000)
  region size 1024K, 4 young (4096K), 4 survivors (4096K)
 Metaspace       used 94715K, capacity 97119K, committed 97308K, reserved 1134592K
  class space    used 12182K, capacity 13077K, committed 13164K, reserved 1048576K
}
Event: 35.770 GC heap before
{Heap before GC invocations=37 (full 0):
 garbage-first heap   total 155648K, used 123729K [0x0000000080000000, 0x0000000100000000)
  region size 1024K, 29 young (29696K), 4 survivors (4096K)
 Metaspace       used 95243K, capacity 97668K, committed 97948K, reserved 1134592K
  class space    used 12265K, capacity 13175K, committed 13292K, reserved 1048576K
}
Event: 35.781 GC heap after
{Heap after GC invocations=38 (full 0):
 garbage-first heap   total 155648K, used 103025K [0x0000000080000000, 0x0000000100000000)
  region size 1024K, 4 young (4096K), 4 survivors (4096K)
 Metaspace       used 95243K, capacity 97668K, committed 97948K, reserved 1134592K
  class space    used 12265K, capacity 13175K, committed 13292K, reserved 1048576K
}
Event: 35.914 GC heap before
{Heap before GC invocations=38 (full 0):
 garbage-first heap   total 155648K, used 125553K [0x0000000080000000, 0x0000000100000000)
  region size 1024K, 26 young (26624K), 4 survivors (4096K)
 Metaspace       used 95500K, capacity 97955K, committed 98204K, reserved 1134592K
  class space    used 12310K, capacity 13229K, committed 13292K, reserved 1048576K
}
Event: 35.926 GC heap after
{Heap after GC invocations=39 (full 0):
 garbage-first heap   total 155648K, used 108002K [0x0000000080000000, 0x0000000100000000)
  region size 1024K, 4 young (4096K), 4 survivors (4096K)
 Metaspace       used 95500K, capacity 97955K, committed 98204K, reserved 1134592K
  class space    used 12310K, capacity 13229K, committed 13292K, reserved 1048576K
}
Event: 36.083 GC heap before
{Heap before GC invocations=39 (full 0):
 garbage-first heap   total 155648K, used 127458K [0x0000000080000000, 0x0000000100000000)
  region size 1024K, 23 young (23552K), 4 survivors (4096K)
 Metaspace       used 96047K, capacity 98486K, committed 98844K, reserved 1134592K
  class space    used 12382K, capacity 13298K, committed 13420K, reserved 1048576K
}
Event: 36.100 GC heap after
{Heap after GC invocations=40 (full 0):
 garbage-first heap   total 155648K, used 112355K [0x0000000080000000, 0x0000000100000000)
  region size 1024K, 3 young (3072K), 3 survivors (3072K)
 Metaspace       used 96047K, capacity 98486K, committed 98844K, reserved 1134592K
  class space    used 12382K, capacity 13298K, committed 13420K, reserved 1048576K
}
Event: 36.215 GC heap before
{Heap before GC invocations=41 (full 0):
 garbage-first heap   total 155648K, used 129763K [0x0000000080000000, 0x0000000100000000)
  region size 1024K, 20 young (20480K), 3 survivors (3072K)
 Metaspace       used 96200K, capacity 98678K, committed 98844K, reserved 1134592K
  class space    used 12393K, capacity 13298K, committed 13420K, reserved 1048576K
}
Event: 36.229 GC heap after
{Heap after GC invocations=42 (full 0):
 garbage-first heap   total 228352K, used 116062K [0x0000000080000000, 0x0000000100000000)
  region size 1024K, 3 young (3072K), 3 survivors (3072K)
 Metaspace       used 96200K, capacity 98678K, committed 98844K, reserved 1134592K
  class space    used 12393K, capacity 13298K, committed 13420K, reserved 1048576K
}
Event: 36.490 GC heap before
{Heap before GC invocations=42 (full 0):
 garbage-first heap   total 228352K, used 153950K [0x0000000080000000, 0x0000000100000000)
  region size 1024K, 41 young (41984K), 3 survivors (3072K)
 Metaspace       used 96851K, capacity 99270K, committed 99356K, reserved 1134592K
  class space    used 12462K, capacity 13362K, committed 13420K, reserved 1048576K
}
Event: 36.506 GC heap after
{Heap after GC invocations=43 (full 0):
 garbage-first heap   total 228352K, used 123901K [0x0000000080000000, 0x0000000100000000)
  region size 1024K, 6 young (6144K), 6 survivors (6144K)
 Metaspace       used 96851K, capacity 99270K, committed 99356K, reserved 1134592K
  class space    used 12462K, capacity 13362K, committed 13420K, reserved 1048576K
}
Event: 36.704 GC heap before
{Heap before GC invocations=43 (full 0):
 garbage-first heap   total 228352K, used 162813K [0x0000000080000000, 0x0000000100000000)
  region size 1024K, 44 young (45056K), 6 survivors (6144K)
 Metaspace       used 97812K, capacity 100414K, committed 100764K, reserved 1136640K
  class space    used 12653K, capacity 13678K, committed 13804K, reserved 1048576K
}
Event: 36.728 GC heap after
{Heap after GC invocations=44 (full 0):
 garbage-first heap   total 228352K, used 131392K [0x0000000080000000, 0x0000000100000000)
  region size 1024K, 6 young (6144K), 6 survivors (6144K)
 Metaspace       used 97812K, capacity 100414K, committed 100764K, reserved 1136640K
  class space    used 12653K, capacity 13678K, committed 13804K, reserved 1048576K
}
Event: 36.908 GC heap before
{Heap before GC invocations=44 (full 0):
 garbage-first heap   total 228352K, used 169280K [0x0000000080000000, 0x0000000100000000)
  region size 1024K, 43 young (44032K), 6 survivors (6144K)
 Metaspace       used 98076K, capacity 100715K, committed 101532K, reserved 1136640K
  class space    used 12713K, capacity 13789K, committed 14060K, reserved 1048576K
}
Event: 36.924 GC heap after
{Heap after GC invocations=45 (full 0):
 garbage-first heap   total 228352K, used 138552K [0x0000000080000000, 0x0000000100000000)
  region size 1024K, 6 young (6144K), 6 survivors (6144K)
 Metaspace       used 98076K, capacity 100715K, committed 101532K, reserved 1136640K
  class space    used 12713K, capacity 13789K, committed 14060K, reserved 1048576K
}
Event: 37.083 GC heap before
{Heap before GC invocations=46 (full 0):
 garbage-first heap   total 228352K, used 175416K [0x0000000080000000, 0x0000000100000000)
  region size 1024K, 42 young (43008K), 6 survivors (6144K)
 Metaspace       used 98463K, capacity 101090K, committed 101788K, reserved 1136640K
  class space    used 12775K, capacity 13846K, committed 14060K, reserved 1048576K
}

Deoptimization events (20 events):
Event: 36.840 Thread 0x00000280c2f45800 DEOPT PACKING pc=0x00000280a69e9894 sp=0x000000e3a1bf94e0
Event: 36.840 Thread 0x00000280c2f45800 DEOPT UNPACKING pc=0x00000280a4c99d0e sp=0x000000e3a1bf8a50 mode 0
Event: 36.899 Thread 0x00000280c2213000 DEOPT PACKING pc=0x00000280a69d8aec sp=0x000000e3a03fa120
Event: 36.899 Thread 0x00000280c2213000 DEOPT UNPACKING pc=0x00000280a4c99d0e sp=0x000000e3a03f94d0 mode 0
Event: 36.900 Thread 0x00000280c2f45800 DEOPT PACKING pc=0x00000280a69d8aec sp=0x000000e3a1bfa690
Event: 36.900 Thread 0x00000280c2f45800 DEOPT UNPACKING pc=0x00000280a4c99d0e sp=0x000000e3a1bf9a40 mode 0
Event: 36.900 Thread 0x00000280c164b800 DEOPT PACKING pc=0x00000280a69d8aec sp=0x000000e39e7fa1c0
Event: 36.900 Thread 0x00000280c164b800 DEOPT UNPACKING pc=0x00000280a4c99d0e sp=0x000000e39e7f9570 mode 0
Event: 36.900 Thread 0x00000280c164f800 DEOPT PACKING pc=0x00000280a69d8aec sp=0x000000e39e9fa090
Event: 36.900 Thread 0x00000280c164f800 DEOPT UNPACKING pc=0x00000280a4c99d0e sp=0x000000e39e9f9440 mode 0
Event: 36.902 Thread 0x00000280c1653000 DEOPT PACKING pc=0x00000280a69d8aec sp=0x000000e39f3fa220
Event: 36.902 Thread 0x00000280c1653000 DEOPT UNPACKING pc=0x00000280a4c99d0e sp=0x000000e39f3f95d0 mode 0
Event: 36.907 Thread 0x00000280c2f45800 Uncommon trap: trap_request=0xffffff4d fr.pc=0x00000280acd0e764 relative=0x0000000000000ca4
Event: 36.907 Thread 0x00000280c2f46000 DEOPT PACKING pc=0x00000280a69d8aec sp=0x000000e3a1cfa6c0
Event: 36.907 Thread 0x00000280c2f46000 DEOPT UNPACKING pc=0x00000280a4c99d0e sp=0x000000e3a1cf9a70 mode 0
Event: 36.908 Thread 0x00000280c2f45800 Uncommon trap: reason=unstable_if action=reinterpret pc=0x00000280acd0e764 method=com.android.tools.r8.graph.a1.a(C[BI)I @ 27 c2
Event: 36.930 Thread 0x00000280c164b800 DEOPT PACKING pc=0x00000280a6a01247 sp=0x000000e39e7f9850
Event: 36.930 Thread 0x00000280c164b800 DEOPT UNPACKING pc=0x00000280a4c99d0e sp=0x000000e39e7f8d88 mode 0
Event: 36.958 Thread 0x00000280c2f45800 DEOPT PACKING pc=0x00000280acd0e764 sp=0x000000e3a1bf9200
Event: 36.958 Thread 0x00000280c2f45800 DEOPT UNPACKING pc=0x00000280a4c585af sp=0x000000e3a1bf9138 mode 2

Classes redefined (0 events):
No events

Internal exceptions (20 events):
Event: 35.502 Thread 0x00000280c2213000 Exception <a 'java/lang/IncompatibleClassChangeError'{0x0000000088bbb270}: Found class java.lang.Object, but interface was expected> (0x0000000088bbb270) thrown at [./src/hotspot/share/interpreter/linkResolver.cpp, line 839]
Event: 35.502 Thread 0x00000280c2f46000 Exception <a 'java/lang/IncompatibleClassChangeError'{0x0000000088a579b8}: Found class java.lang.Object, but interface was expected> (0x0000000088a579b8) thrown at [./src/hotspot/share/interpreter/linkResolver.cpp, line 839]
Event: 35.502 Thread 0x00000280c2f92000 Exception <a 'java/lang/IncompatibleClassChangeError'{0x0000000088befac8}: Found class java.lang.Object, but interface was expected> (0x0000000088befac8) thrown at [./src/hotspot/share/interpreter/linkResolver.cpp, line 839]
Event: 35.502 Thread 0x00000280c2f45800 Exception <a 'java/lang/IncompatibleClassChangeError'{0x0000000088d54910}: Found class java.lang.Object, but interface was expected> (0x0000000088d54910) thrown at [./src/hotspot/share/interpreter/linkResolver.cpp, line 839]
Event: 35.502 Thread 0x00000280c1653000 Exception <a 'java/lang/IncompatibleClassChangeError'{0x0000000088deeb58}: Found class java.lang.Object, but interface was expected> (0x0000000088deeb58) thrown at [./src/hotspot/share/interpreter/linkResolver.cpp, line 839]
Event: 35.502 Thread 0x00000280c164b800 Exception <a 'java/lang/IncompatibleClassChangeError'{0x0000000088b21fa0}: Found class java.lang.Object, but interface was expected> (0x0000000088b21fa0) thrown at [./src/hotspot/share/interpreter/linkResolver.cpp, line 839]
Event: 35.561 Thread 0x00000280c1653000 Exception <a 'java/lang/NoSuchMethodError'{0x00000000887ec8d8}: 'java.lang.Object java.lang.invoke.DirectMethodHandle$Holder.invokeStatic(java.lang.Object, long)'> (0x00000000887ec8d8) thrown at [./src/hotspot/share/interpreter/linkResolver.cpp, line 773]
Event: 35.862 Thread 0x00000280c164b800 Exception <a 'java/lang/NoSuchMethodError'{0x0000000088a066f8}: 'void java.lang.invoke.DirectMethodHandle$Holder.invokeStatic(java.lang.Object, java.lang.Object, java.lang.Object, int)'> (0x0000000088a066f8) thrown at [./src/hotspot/share/interpreter/linkResolver.cpp, line 773]
Event: 35.862 Thread 0x00000280c2f92000 Exception <a 'java/lang/NoSuchMethodError'{0x0000000088bfc780}: 'void java.lang.invoke.DirectMethodHandle$Holder.invokeStatic(java.lang.Object, java.lang.Object, java.lang.Object, int)'> (0x0000000088bfc780) thrown at [./src/hotspot/share/interpreter/linkResolver.cpp, line 773]
Event: 35.877 Thread 0x00000280c2224000 Exception <a 'java/lang/NoSuchMethodError'{0x0000000088a019f0}: 'void java.lang.invoke.DirectMethodHandle$Holder.invokeStatic(java.lang.Object, java.lang.Object, java.lang.Object, int)'> (0x0000000088a019f0) thrown at [./src/hotspot/share/interpreter/linkResolver.cpp, line 773]
Event: 35.878 Thread 0x00000280c2f92000 Exception <a 'java/lang/IncompatibleClassChangeError'{0x00000000889247d8}: Found class java.lang.Object, but interface was expected> (0x00000000889247d8) thrown at [./src/hotspot/share/interpreter/linkResolver.cpp, line 839]
Event: 35.879 Thread 0x00000280c164b800 Exception <a 'java/lang/IncompatibleClassChangeError'{0x000000008890f5c8}: Found class java.lang.Object, but interface was expected> (0x000000008890f5c8) thrown at [./src/hotspot/share/interpreter/linkResolver.cpp, line 839]
Event: 35.879 Thread 0x00000280c2f46000 Exception <a 'java/lang/IncompatibleClassChangeError'{0x00000000889730a8}: Found class java.lang.Object, but interface was expected> (0x00000000889730a8) thrown at [./src/hotspot/share/interpreter/linkResolver.cpp, line 839]
Event: 36.674 Thread 0x00000280c2f46000 Exception <a 'java/lang/NoSuchMethodError'{0x000000008be76838}: 'java.lang.Object java.lang.invoke.DirectMethodHandle$Holder.invokeStatic(java.lang.Object, int, java.lang.Object, java.lang.Object)'> (0x000000008be76838) thrown at [./src/hotspot/share/interpreter/linkResolver.cpp, line 773]
Event: 36.674 Thread 0x00000280c1653000 Exception <a 'java/lang/NoSuchMethodError'{0x000000008bf2fd80}: 'java.lang.Object java.lang.invoke.DirectMethodHandle$Holder.invokeStatic(java.lang.Object, int, java.lang.Object, java.lang.Object)'> (0x000000008bf2fd80) thrown at [./src/hotspot/share/interpreter/linkResolver.cpp, line 773]
Event: 36.675 Thread 0x00000280c2224000 Exception <a 'java/lang/NoSuchMethodError'{0x000000008be91330}: 'java.lang.Object java.lang.invoke.DirectMethodHandle$Holder.invokeStatic(java.lang.Object, int, java.lang.Object, java.lang.Object)'> (0x000000008be91330) thrown at [./src/hotspot/share/interpreter/linkResolver.cpp, line 773]
Event: 36.675 Thread 0x00000280c2213000 Exception <a 'java/lang/NoSuchMethodError'{0x000000008bfe0ef0}: 'java.lang.Object java.lang.invoke.DirectMethodHandle$Holder.invokeStatic(java.lang.Object, int, java.lang.Object, java.lang.Object)'> (0x000000008bfe0ef0) thrown at [./src/hotspot/share/interpreter/linkResolver.cpp, line 773]
Event: 36.675 Thread 0x00000280c164b800 Exception <a 'java/lang/NoSuchMethodError'{0x000000008bfd4988}: 'java.lang.Object java.lang.invoke.DirectMethodHandle$Holder.invokeStatic(java.lang.Object, int, java.lang.Object, java.lang.Object)'> (0x000000008bfd4988) thrown at [./src/hotspot/share/interpreter/linkResolver.cpp, line 773]
Event: 36.675 Thread 0x00000280c2f92000 Exception <a 'java/lang/NoSuchMethodError'{0x000000008bf74d40}: 'java.lang.Object java.lang.invoke.DirectMethodHandle$Holder.invokeStatic(java.lang.Object, int, java.lang.Object, java.lang.Object)'> (0x000000008bf74d40) thrown at [./src/hotspot/share/interpreter/linkResolver.cpp, line 773]
Event: 36.675 Thread 0x00000280c164f800 Exception <a 'java/lang/NoSuchMethodError'{0x000000008c0e0008}: 'java.lang.Object java.lang.invoke.DirectMethodHandle$Holder.invokeStatic(java.lang.Object, int, java.lang.Object, java.lang.Object)'> (0x000000008c0e0008) thrown at [./src/hotspot/share/interpreter/linkResolver.cpp, line 773]

Events (20 events):
Event: 37.070 loading class com/android/tools/r8/internal/Q done
Event: 37.070 loading class com/android/tools/r8/internal/K
Event: 37.070 loading class com/android/tools/r8/internal/K done
Event: 37.072 loading class com/android/tools/r8/internal/Qt
Event: 37.072 loading class com/android/tools/r8/internal/Qt done
Event: 37.073 loading class com/android/tools/r8/internal/It
Event: 37.073 loading class com/android/tools/r8/internal/It done
Event: 37.074 loading class com/android/tools/r8/internal/qs
Event: 37.074 loading class com/android/tools/r8/internal/qs done
Event: 37.074 loading class com/android/tools/r8/internal/Vt
Event: 37.074 loading class com/android/tools/r8/internal/Vt done
Event: 37.076 loading class com/android/tools/r8/internal/B8
Event: 37.076 loading class com/android/tools/r8/internal/B8 done
Event: 37.078 loading class com/android/tools/r8/internal/M8
Event: 37.078 loading class com/android/tools/r8/internal/M8 done
Event: 37.079 loading class com/android/tools/r8/internal/F8
Event: 37.079 loading class com/android/tools/r8/internal/F8 done
Event: 37.081 loading class com/android/tools/r8/internal/eS
Event: 37.081 loading class com/android/tools/r8/internal/eS done
Event: 37.082 Executing VM operation: G1CollectForAllocation


Dynamic libraries:
0x00007ff76c2f0000 - 0x00007ff76c2fa000 	C:\Program Files\Android\Android Studio\jre\bin\java.exe
0x00007ffb78a50000 - 0x00007ffb78c64000 	C:\WINDOWS\SYSTEM32\ntdll.dll
0x00007ffb77840000 - 0x00007ffb77903000 	C:\WINDOWS\System32\KERNEL32.DLL
0x00007ffb76080000 - 0x00007ffb7641c000 	C:\WINDOWS\System32\KERNELBASE.dll
0x00007ffb76710000 - 0x00007ffb76821000 	C:\WINDOWS\System32\ucrtbase.dll
0x00007ffb4cb10000 - 0x00007ffb4cb27000 	C:\Program Files\Android\Android Studio\jre\bin\VCRUNTIME140.dll
0x00007ffb4c860000 - 0x00007ffb4c879000 	C:\Program Files\Android\Android Studio\jre\bin\jli.dll
0x00007ffb77da0000 - 0x00007ffb77f4d000 	C:\WINDOWS\System32\USER32.dll
0x00007ffb50790000 - 0x00007ffb50a1e000 	C:\WINDOWS\WinSxS\amd64_microsoft.windows.common-controls_6595b64144ccf1df_6.0.22621.608_none_a9444ca7c10bb01d\COMCTL32.dll
0x00007ffb76830000 - 0x00007ffb76856000 	C:\WINDOWS\System32\win32u.dll
0x00007ffb77cf0000 - 0x00007ffb77d97000 	C:\WINDOWS\System32\msvcrt.dll
0x00007ffb76e60000 - 0x00007ffb76e89000 	C:\WINDOWS\System32\GDI32.dll
0x00007ffb76580000 - 0x00007ffb76693000 	C:\WINDOWS\System32\gdi32full.dll
0x00007ffb76420000 - 0x00007ffb764ba000 	C:\WINDOWS\System32\msvcp_win.dll
0x00007ffb77ff0000 - 0x00007ffb78021000 	C:\WINDOWS\System32\IMM32.DLL
0x00007ffb2d020000 - 0x00007ffb2d0bd000 	C:\Program Files\Android\Android Studio\jre\bin\msvcp140.dll
0x00007ffb25b30000 - 0x00007ffb26632000 	C:\Program Files\Android\Android Studio\jre\bin\server\jvm.dll
0x00007ffb772f0000 - 0x00007ffb7739e000 	C:\WINDOWS\System32\ADVAPI32.dll
0x00007ffb76860000 - 0x00007ffb76904000 	C:\WINDOWS\System32\sechost.dll
0x00007ffb76ca0000 - 0x00007ffb76db5000 	C:\WINDOWS\System32\RPCRT4.dll
0x00007ffb77ce0000 - 0x00007ffb77ce8000 	C:\WINDOWS\System32\PSAPI.DLL
0x00007ffb58cf0000 - 0x00007ffb58cf9000 	C:\WINDOWS\SYSTEM32\WSOCK32.dll
0x00007ffb738d0000 - 0x00007ffb73904000 	C:\WINDOWS\SYSTEM32\WINMM.dll
0x00007ffb77920000 - 0x00007ffb77991000 	C:\WINDOWS\System32\WS2_32.dll
0x00007ffb6d110000 - 0x00007ffb6d11a000 	C:\WINDOWS\SYSTEM32\VERSION.dll
0x00007ffb74ee0000 - 0x00007ffb74ef8000 	C:\WINDOWS\SYSTEM32\kernel.appcore.dll
0x00007ffb6dd40000 - 0x00007ffb6dd51000 	C:\Program Files\Android\Android Studio\jre\bin\verify.dll
0x00007ffb736a0000 - 0x00007ffb738ce000 	C:\WINDOWS\SYSTEM32\DBGHELP.DLL
0x00007ffb76910000 - 0x00007ffb76c99000 	C:\WINDOWS\System32\combase.dll
0x00007ffb77210000 - 0x00007ffb772e7000 	C:\WINDOWS\System32\OLEAUT32.dll
0x00007ffb73660000 - 0x00007ffb73692000 	C:\WINDOWS\SYSTEM32\dbgcore.DLL
0x00007ffb76000000 - 0x00007ffb7607b000 	C:\WINDOWS\System32\bcryptPrimitives.dll
0x00007ffb4f150000 - 0x00007ffb4f179000 	C:\Program Files\Android\Android Studio\jre\bin\java.dll
0x00007ffb70fc0000 - 0x00007ffb70fcb000 	C:\Program Files\Android\Android Studio\jre\bin\jimage.dll
0x00007ffb61550000 - 0x00007ffb61568000 	C:\Program Files\Android\Android Studio\jre\bin\zip.dll
0x00007ffb78080000 - 0x00007ffb78870000 	C:\WINDOWS\System32\SHELL32.dll
0x00007ffb743d0000 - 0x00007ffb74c9e000 	C:\WINDOWS\SYSTEM32\windows.storage.dll
0x00007ffb74290000 - 0x00007ffb743ce000 	C:\WINDOWS\SYSTEM32\wintypes.dll
0x00007ffb76ff0000 - 0x00007ffb770e1000 	C:\WINDOWS\System32\SHCORE.dll
0x00007ffb76e90000 - 0x00007ffb76eee000 	C:\WINDOWS\System32\shlwapi.dll
0x00007ffb75dc0000 - 0x00007ffb75de1000 	C:\WINDOWS\SYSTEM32\profapi.dll
0x00007ffb5d200000 - 0x00007ffb5d21a000 	C:\Program Files\Android\Android Studio\jre\bin\net.dll
0x00007ffb6cdb0000 - 0x00007ffb6cedf000 	C:\WINDOWS\SYSTEM32\WINHTTP.dll
0x00007ffb75350000 - 0x00007ffb753b9000 	C:\WINDOWS\system32\mswsock.dll
0x00007ffb4d0e0000 - 0x00007ffb4d0f4000 	C:\Program Files\Android\Android Studio\jre\bin\nio.dll
0x00007ffb4cbd0000 - 0x00007ffb4cbf7000 	C:\Users\Dell Inspiron\.gradle\native\e1d6ef7f7dcc3fd88c89a11ec53ec762bb8ba0a96d01ffa2cd45eb1d1d8dd5c5\windows-amd64\native-platform.dll
0x00007ffb29950000 - 0x00007ffb29a94000 	C:\Users\Dell Inspiron\.gradle\native\0d407fdbe67a94daf76414ababcb853783967236a71b16ec16e742cd7a986fd3\windows-amd64\native-platform-file-events.dll
0x00007ffb706e0000 - 0x00007ffb706ea000 	C:\Program Files\Android\Android Studio\jre\bin\management.dll
0x00007ffb65030000 - 0x00007ffb6503d000 	C:\Program Files\Android\Android Studio\jre\bin\management_ext.dll
0x00007ffb755b0000 - 0x00007ffb755cb000 	C:\WINDOWS\SYSTEM32\CRYPTSP.dll
0x00007ffb74e50000 - 0x00007ffb74e85000 	C:\WINDOWS\system32\rsaenh.dll
0x00007ffb75450000 - 0x00007ffb75478000 	C:\WINDOWS\SYSTEM32\USERENV.dll
0x00007ffb75750000 - 0x00007ffb75778000 	C:\WINDOWS\SYSTEM32\bcrypt.dll
0x00007ffb755d0000 - 0x00007ffb755dc000 	C:\WINDOWS\SYSTEM32\CRYPTBASE.dll
0x00007ffb73f50000 - 0x00007ffb73f7d000 	C:\WINDOWS\SYSTEM32\IPHLPAPI.DLL
0x00007ffb77910000 - 0x00007ffb77919000 	C:\WINDOWS\System32\NSI.dll
0x00007ffb6d120000 - 0x00007ffb6d139000 	C:\WINDOWS\SYSTEM32\dhcpcsvc6.DLL
0x00007ffb6cd10000 - 0x00007ffb6cd2f000 	C:\WINDOWS\SYSTEM32\dhcpcsvc.DLL
0x00007ffb73fc0000 - 0x00007ffb740b3000 	C:\WINDOWS\SYSTEM32\DNSAPI.dll

dbghelp: loaded successfully - version: 4.0.5 - missing functions: none
symbol engine: initialized successfully - sym options: 0x614 - pdb path: .;C:\Program Files\Android\Android Studio\jre\bin;C:\WINDOWS\SYSTEM32;C:\WINDOWS\WinSxS\amd64_microsoft.windows.common-controls_6595b64144ccf1df_6.0.22621.608_none_a9444ca7c10bb01d;C:\Program Files\Android\Android Studio\jre\bin\server;C:\Users\Dell Inspiron\.gradle\native\e1d6ef7f7dcc3fd88c89a11ec53ec762bb8ba0a96d01ffa2cd45eb1d1d8dd5c5\windows-amd64;C:\Users\Dell Inspiron\.gradle\native\0d407fdbe67a94daf76414ababcb853783967236a71b16ec16e742cd7a986fd3\windows-amd64

VM Arguments:
jvm_args: --add-opens=java.base/java.util=ALL-UNNAMED --add-opens=java.base/java.lang=ALL-UNNAMED --add-opens=java.base/java.lang.invoke=ALL-UNNAMED --add-opens=java.base/java.util=ALL-UNNAMED --add-opens=java.prefs/java.util.prefs=ALL-UNNAMED --add-opens=java.prefs/java.util.prefs=ALL-UNNAMED --add-opens=java.base/java.nio.charset=ALL-UNNAMED --add-opens=java.base/java.net=ALL-UNNAMED --add-opens=java.base/java.util.concurrent.atomic=ALL-UNNAMED -Xmx2048m -Dfile.encoding=UTF-8 -Duser.country=US -Duser.language=en -Duser.variant 
java_command: org.gradle.launcher.daemon.bootstrap.GradleDaemon 7.4
java_class_path (initial): C:\Users\Dell Inspiron\.gradle\wrapper\dists\gradle-7.4-bin\c0gwcg53nkjbqw7r0h0umtfvt\gradle-7.4\lib\gradle-launcher-7.4.jar
Launcher Type: SUN_STANDARD

[Global flags]
     intx CICompilerCount                          = 4                                         {product} {ergonomic}
     uint ConcGCThreads                            = 2                                         {product} {ergonomic}
     uint G1ConcRefinementThreads                  = 8                                         {product} {ergonomic}
   size_t G1HeapRegionSize                         = 1048576                                   {product} {ergonomic}
    uintx GCDrainStackTargetSize                   = 64                                        {product} {ergonomic}
   size_t InitialHeapSize                          = 132120576                                 {product} {ergonomic}
   size_t MarkStackSize                            = 4194304                                   {product} {ergonomic}
   size_t MaxHeapSize                              = 2147483648                                {product} {command line}
   size_t MaxNewSize                               = 1287651328                                {product} {ergonomic}
   size_t MinHeapDeltaBytes                        = 1048576                                   {product} {ergonomic}
    uintx NonNMethodCodeHeapSize                   = 5836300                                {pd product} {ergonomic}
    uintx NonProfiledCodeHeapSize                  = 122910970                              {pd product} {ergonomic}
    uintx ProfiledCodeHeapSize                     = 122910970                              {pd product} {ergonomic}
    uintx ReservedCodeCacheSize                    = 251658240                              {pd product} {ergonomic}
     bool SegmentedCodeCache                       = true                                      {product} {ergonomic}
     bool UseCompressedClassPointers               = true                                 {lp64_product} {ergonomic}
     bool UseCompressedOops                        = true                                 {lp64_product} {ergonomic}
     bool UseG1GC                                  = true                                      {product} {ergonomic}
     bool UseLargePagesIndividualAllocation        = false                                  {pd product} {ergonomic}

Logging:
Log output configuration:
 #0: stdout all=warning uptime,level,tags
 #1: stderr all=off uptime,level,tags

Environment Variables:
PATH=C:\Program Files\Microsoft\jdk-11.0.16.101-hotspot\bin;C:\Program Files\Common Files\Oracle\Java\javapath;C:\Program Files\Common Files\Microsoft Shared\Microsoft Online Services;C:\Program Files (x86)\Common Files\Microsoft Shared\Microsoft Online Services;C:\Program Files\Python39\Scripts\;C:\Program Files\Python39\;C:\WINDOWS\system32;C:\WINDOWS;C:\WINDOWS\System32\Wbem;C:\WINDOWS\System32\WindowsPowerShell\v1.0\;C:\WINDOWS\System32\OpenSSH\;C:\Program Files\Azure Data Studio\bin;C:\Program Files\Microsoft SQL Server\Client SDK\ODBC\130\Tools\Binn\;C:\ProgramData\chocolatey\bin;C:\Program Files\Microsoft SQL Server\Client SDK\ODBC\170\Tools\Binn\;C:\Program Files (x86)\Microsoft SQL Server\150\Tools\Binn\;C:\Program Files\Microsoft SQL Server\150\Tools\Binn\;C:\Program Files\Microsoft SQL Server\150\DTS\Binn\;C:\tools\winfetch;C:\Program Files\nodejs\;C:\Program Files\dotnet\;C:\Program Files (x86)\Microsoft SQL Server\160\Tools\Binn\;C:\Program Files\Microsoft SQL Server\160\Tools\Binn\;C:\Program Files\Microsoft SQL Server\160\DTS\Binn\;C:\Program Files (x86)\Microsoft SQL Server\160\DTS\Binn\;C:\Program Files\Git\cmd;C:\Users\Dell Inspiron\scoop\shims;C:\Users\Dell Inspiron\AppData\Local\Microsoft\WindowsApps;C:\Users\Dell Inspiron\Desktop\PyCharm Community Edition 2021.1\bin;C:\Program Files\Azure Data Studio\bin;C:\Program Files\JetBrains\PyCharm Community Edition 2021\bin;;C:\Users\Dell Inspiron\AppData\Local\Microsoft\WindowsApps;C:\Users\Dell Inspiron\AppData\Roaming\npm;C:\ProgramData\Microsoft\Windows\Start Menu\Programs\Node.js;C:\Users\Dell Inspiron\AppData\Local\GitHubDesktop\bin;C:\Users\Dell Inspiron\AppData\Local\Programs\Microsoft VS Code\bin;C:\Users\Dell Inspiron\.dotnet\tools
USERNAME=Dell Inspiron
OS=Windows_NT
PROCESSOR_IDENTIFIER=Intel64 Family 6 Model 126 Stepping 5, GenuineIntel



---------------  S Y S T E M  ---------------

OS: Windows 11 , 64 bit Build 22621 (10.0.22621.1344)
OS uptime: 2 days 16:25 hours

CPU:total 8 (initial active 8) (4 cores per cpu, 2 threads per core) family 6 model 126 stepping 5 microcode 0xb2, cmov, cx8, fxsr, mmx, sse, sse2, sse3, ssse3, sse4.1, sse4.2, popcnt, avx, avx2, aes, clmul, erms, 3dnowpref, lzcnt, ht, tsc, tscinvbit, bmi1, bmi2, adx, evex, sha, fma

Memory: 4k page, system-wide physical 7959M (438M free)
TotalPageFile size 16151M (AvailPageFile size 211M)
current process WorkingSet (physical memory assigned to process): 475M, peak: 475M
current process commit charge ("private bytes"): 579M, peak: 802M

vm_info: OpenJDK 64-Bit Server VM (11.0.13+0-b1751.21-8125866) for windows-amd64 JRE (11.0.13+0-b1751.21-8125866), built on Feb  2 2022 03:00:22 by "builder" with MS VC++ 14.0 (VS2015)

END.
